Log file open, 04/17/17 11:27:00
LogInit:Display: Running engine for game: mechatantrum
LogPlatformFile: Not using cached read wrapper
LogInit:Display: RandInit(-607719529) SRandInit(-607719529).
LogTaskGraph: Started task graph with 5 named threads and 8 total threads with 1 sets of task threads.
LogStats: Stats thread started at 0.066541
LogInit: Using libcurl 7.47.1
LogInit:  - built for x86_64-pc-win32
LogInit:  - supports SSL with OpenSSL/1.0.2g
LogInit:  - supports HTTP deflate (compression) using libz 1.2.8
LogInit:  - other features:
LogInit:      CURL_VERSION_SSL
LogInit:      CURL_VERSION_LIBZ
LogInit:      CURL_VERSION_IPV6
LogInit:      CURL_VERSION_ASYNCHDNS
LogInit:      CURL_VERSION_LARGEFILE
LogInit:      CURL_VERSION_IDN
LogInit:  CurlRequestOptions (configurable via config and command line):
LogInit:  - bVerifyPeer = false  - Libcurl will NOT verify peer certificate
LogInit:  - bUseHttpProxy = false  - Libcurl will NOT use HTTP proxy
LogInit:  - bDontReuseConnections = false  - Libcurl will reuse connections
LogInit:  - CertBundlePath = nullptr  - Libcurl will use whatever was configured at build time.
LogInit: Build: ++UE4+Release-4.15-CL-3348071
LogInit: Engine Version: 4.15.1-3348071+++UE4+Release-4.15
LogInit: Compatible Engine Version: 4.15.0-3299760+++UE4+Release-4.15
LogInit: Net CL: 3299760
LogDevObjectVersion: Number of dev versions registered: 14
LogDevObjectVersion:   Dev-Blueprints (B0D832E4-1F89-4F0D-ACCF-7EB736FD4AA2): 8
LogDevObjectVersion:   Dev-Build (E1C64328-A22C-4D53-A36C-8E866417BD8C): 0
LogDevObjectVersion:   Dev-Core (375EC13C-06E4-48FB-B500-84F0262A717E): 2
LogDevObjectVersion:   Dev-Editor (E4B068ED-F494-42E9-A231-DA0B2E46BB41): 14
LogDevObjectVersion:   Dev-Framework (CFFC743F-43B0-4480-9391-14DF171D2073): 22
LogDevObjectVersion:   Dev-Mobile (B02B49B5-BB20-44E9-A304-32B752E40360): 0
LogDevObjectVersion:   Dev-Networking (A4E4105C-59A1-49B5-A7C5-40C4547EDFEE): 0
LogDevObjectVersion:   Dev-Online (39C831C9-5AE6-47DC-9A44-9C173E1C8E7C): 0
LogDevObjectVersion:   Dev-Physics (78F01B33-EBEA-4F98-B9B4-84EACCB95AA2): 0
LogDevObjectVersion:   Dev-Platform (6631380F-2D4D-43E0-8009-CF276956A95A): 0
LogDevObjectVersion:   Dev-Rendering (12F88B9F-8875-4AFC-A67C-D90C383ABD29): 12
LogDevObjectVersion:   Dev-Sequencer (7B5AE74C-D270-4C10-A958-57980B212A5A): 3
LogDevObjectVersion:   Dev-VR (D7296918-1DD6-4BDD-9DE2-64A83CC13884): 0
LogDevObjectVersion:   Dev-LoadTimes (C2A15278-BFE7-4AFE-6C17-90FF531DF755): 1
LogInit: Compiled (64-bit): Mar 15 2017 16:52:47
LogInit: Compiled with Visual C++: 19.00.23026.00
LogInit: Build Configuration: Development
LogInit: Branch Name: ++UE4+Release-4.15
LogInit: Command line:  
LogInit: Base directory: C:/UE_4.15/Engine/Binaries/Win64/
LogInit: Installed Engine Build: 1
LogInit: Presizing for max 8388607 objects, including 0 objects not considered by GC, pre-allocating 0 bytes for permanent pool.
LogInit: Object subsystem initialized
[2017.04.17-15.27.01:619][  0]LogInit: Selected Device Profile: [Windows]
[2017.04.17-15.27.01:619][  0]LogInit: Applying CVar settings loaded from the selected device profile: [Windows]
[2017.04.17-15.27.01:626][  0]LogInit: Computer: SPIFFY-PC
[2017.04.17-15.27.01:626][  0]LogInit: User: Spiffy
[2017.04.17-15.27.01:626][  0]LogInit: CPU Page size=65536, Cores=4
[2017.04.17-15.27.01:626][  0]LogInit: High frequency timer resolution =3.418046 MHz
[2017.04.17-15.27.01:627][  0]LogMemory: Memory total: Physical=16.0GB (16GB approx)
[2017.04.17-15.27.01:627][  0]LogMemory: Platform Memory Stats for Windows
[2017.04.17-15.27.01:627][  0]LogMemory: Process Physical Memory: 264.08 MB used, 264.08 MB peak
[2017.04.17-15.27.01:627][  0]LogMemory: Process Virtual Memory: 265.51 MB used, 265.51 MB peak
[2017.04.17-15.27.01:627][  0]LogMemory: Physical Memory: 4349.66 MB used,  11985.35 MB free, 16335.01 MB total
[2017.04.17-15.27.01:627][  0]LogMemory: Virtual Memory: 631.84 MB used,  11985.35 MB free, 8388608.00 MB total
[2017.04.17-15.27.01:690][  0]LogTextLocalizationManager: No specific translations for ('en-US') exist, so ('en') translations will be used.
[2017.04.17-15.27.02:177][  0]LogD3D11RHI: D3D11 adapters:
[2017.04.17-15.27.02:194][  0]LogD3D11RHI:    0. 'NVIDIA GeForce GTX 460' (Feature Level 11_0)
[2017.04.17-15.27.02:194][  0]LogD3D11RHI:       979/0/3072 MB DedicatedVideo/DedicatedSystem/SharedSystem, Outputs:1, VendorId:0x10de
[2017.04.17-15.27.02:194][  0]LogD3D11RHI: Chosen D3D11 Adapter: 0
[2017.04.17-15.27.02:197][  0]LogD3D11RHI: Creating new Direct3DDevice
[2017.04.17-15.27.02:197][  0]LogD3D11RHI:     GPU DeviceId: 0xe22 (for the marketing name, search the web for "GPU Device Id")
[2017.04.17-15.27.02:197][  0]LogWindows: EnumDisplayDevices:
[2017.04.17-15.27.02:197][  0]LogWindows:    0. 'NVIDIA GeForce GTX 460' (P:1 D:1)
[2017.04.17-15.27.02:197][  0]LogWindows:    1. 'NVIDIA GeForce GTX 460' (P:0 D:0)
[2017.04.17-15.27.02:197][  0]LogWindows:    2. 'RDPDD Chained DD' (P:0 D:0)
[2017.04.17-15.27.02:197][  0]LogWindows:    3. 'RDP Encoder Mirror Driver' (P:0 D:0)
[2017.04.17-15.27.02:198][  0]LogWindows:    4. 'RDP Reflector Display Driver' (P:0 D:0)
[2017.04.17-15.27.02:198][  0]LogWindows: DebugString: GetVideoDriverDetailsInvalid PrimaryIsNotTheChoosenAdapter GetVideoDriverDetailsInvalid PrimaryIsNotTheChoosenAdapter GetVideoDriverDetailsInvalid PrimaryIsNotTheChoosenAdapter FoundDriverCount:2 
[2017.04.17-15.27.02:198][  0]LogD3D11RHI:     Adapter Name: NVIDIA GeForce GTX 460
[2017.04.17-15.27.02:198][  0]LogD3D11RHI:   Driver Version: 353.06 (internal:9.18.13.5306, unified:353.06)
[2017.04.17-15.27.02:198][  0]LogD3D11RHI:      Driver Date: 5-27-2015
[2017.04.17-15.27.02:198][  0]LogRHI: Texture pool is 685 MB (70% of 979 MB)
[2017.04.17-15.27.02:204][  0]LogD3D11RHI:Warning: Timestamp queries are currently disabled on this hardware due to instability. Realtime GPU stats will not be available. You can override this behaviour by setting r.NVIDIATimestampWorkaround to 0
[2017.04.17-15.27.02:204][  0]LogD3D11RHI: NvAPI_D3D_GetCurrentSLIState failed: 0xfffffff7
[2017.04.17-15.27.02:204][  0]LogD3D11RHI: Async texture creation enabled
[2017.04.17-15.27.02:220][  0]LogD3D11RHI: GPU Timing Frequency: 1000.000000 (Debug: 2 2)
[2017.04.17-15.27.02:221][  0]LogShaderCompilers: Guid format shader working directory is -21 characters bigger than the processId version (../../../../Users/Spiffy/Documents/Unreal Projects/mechatantrum 4.15/Intermediate/Shaders/WorkingDirectory/6840/).
[2017.04.17-15.27.02:221][  0]LogShaderCompilers: Cleaned the shader compiler working directory 'C:/Users/Spiffy/AppData/Local/Temp/UnrealShaderWorkingDir/EC376F7E4E5E93AD92057C86474F46AB/'.
[2017.04.17-15.27.02:221][  0]LogShaderCompilers:Display: Using Local Shader Compiler.
[2017.04.17-15.27.03:262][  0]LogTemp:Display: Loaded TP AllDesktopTargetPlatform
[2017.04.17-15.27.03:307][  0]LogTemp:Display: Loaded TP MacClientTargetPlatform
[2017.04.17-15.27.03:353][  0]LogTemp:Display: Loaded TP MacNoEditorTargetPlatform
[2017.04.17-15.27.03:398][  0]LogTemp:Display: Loaded TP MacServerTargetPlatform
[2017.04.17-15.27.03:444][  0]LogTemp:Display: Loaded TP MacTargetPlatform
[2017.04.17-15.27.03:491][  0]LogTemp:Display: Loaded TP WindowsClientTargetPlatform
[2017.04.17-15.27.03:537][  0]LogTemp:Display: Loaded TP WindowsNoEditorTargetPlatform
[2017.04.17-15.27.03:583][  0]LogTemp:Display: Loaded TP WindowsServerTargetPlatform
[2017.04.17-15.27.03:617][  0]LogTemp:Display: Loaded TP WindowsTargetPlatform
[2017.04.17-15.27.03:662][  0]LogTemp:Display: Loaded TP AndroidTargetPlatform
[2017.04.17-15.27.03:707][  0]LogTemp:Display: Loaded TP Android_ASTCTargetPlatform
[2017.04.17-15.27.03:752][  0]LogTemp:Display: Loaded TP Android_ATCTargetPlatform
[2017.04.17-15.27.03:796][  0]LogTemp:Display: Loaded TP Android_DXTTargetPlatform
[2017.04.17-15.27.03:841][  0]LogTemp:Display: Loaded TP Android_ETC1TargetPlatform
[2017.04.17-15.27.03:886][  0]LogTemp:Display: Loaded TP Android_ETC2TargetPlatform
[2017.04.17-15.27.03:975][  0]LogTemp:Display: Loaded TP Android_MultiTargetPlatform
[2017.04.17-15.27.03:975][  0]LogTemp:Display: Loaded TP Android_PVRTCTargetPlatform
[2017.04.17-15.27.04:003][  0]LogTemp:Display: Loaded TP HTML5TargetPlatform
[2017.04.17-15.27.04:083][  0]LogTemp:Display: Loaded TP IOSTargetPlatform
[2017.04.17-15.27.04:113][  0]LogTemp:Display: Loaded TP TVOSTargetPlatform
[2017.04.17-15.27.04:158][  0]LogTemp:Display: Loaded TP LinuxClientTargetPlatform
[2017.04.17-15.27.04:202][  0]LogTemp:Display: Loaded TP LinuxNoEditorTargetPlatform
[2017.04.17-15.27.04:247][  0]LogTemp:Display: Loaded TP LinuxServerTargetPlatform
[2017.04.17-15.27.04:292][  0]LogTemp:Display: Loaded TP LinuxTargetPlatform
[2017.04.17-15.27.04:292][  0]LogTargetPlatformManager:Display: Building Assets For Windows
[2017.04.17-15.27.04:603][  0]LogDerivedDataCache:Display: Max Cache Size: 512 MB
[2017.04.17-15.27.04:645][  0]LogDerivedDataCache: Loaded boot cache 0.04s 50MB C:/Users/Spiffy/AppData/Local/UnrealEngine/4.15/DerivedDataCache/Boot.ddc.
[2017.04.17-15.27.04:645][  0]LogDerivedDataCache:Display: Loaded Boot cache: C:/Users/Spiffy/AppData/Local/UnrealEngine/4.15/DerivedDataCache/Boot.ddc
[2017.04.17-15.27.04:646][  0]LogDerivedDataCache: FDerivedDataBackendGraph:  Pak pak cache file ../../../../Users/Spiffy/Documents/Unreal Projects/mechatantrum 4.15/DerivedDataCache/DDC.ddp not found, will not use a pak cache.
[2017.04.17-15.27.04:646][  0]LogDerivedDataCache: Unable to find inner node Pak for hierarchical cache Hierarchy.
[2017.04.17-15.27.04:646][  0]LogDerivedDataCache: FDerivedDataBackendGraph:  CompressedPak pak cache file ../../../../Users/Spiffy/Documents/Unreal Projects/mechatantrum 4.15/DerivedDataCache/Compressed.ddp not found, will not use a pak cache.
[2017.04.17-15.27.04:646][  0]LogDerivedDataCache: Unable to find inner node CompressedPak for hierarchical cache Hierarchy.
[2017.04.17-15.27.04:662][  0]LogDerivedDataCache:Display: Pak cache opened for reading ../../../Engine/DerivedDataCache/Compressed.ddp.
[2017.04.17-15.27.04:673][  0]LogDerivedDataCache: Using Local data cache path C:/Users/Spiffy/AppData/Local/UnrealEngine/Common/DerivedDataCache: Writable
[2017.04.17-15.27.04:681][  0]LogSlate: Using Freetype 2.6.0
[2017.04.17-15.27.04:682][  0]LogSlate: SlateFontCache - WITH_FREETYPE: 1, WITH_HARFBUZZ: 1
[2017.04.17-15.27.04:682][  0]LogSlate: SlateFontCache - WITH_FREETYPE: 1, WITH_HARFBUZZ: 1
[2017.04.17-15.27.04:957][  0]LogInit: Selected Device Profile: [Windows]
[2017.04.17-15.27.04:959][  0]LogContentStreaming: Texture pool size is 0.00 MB
[2017.04.17-15.27.05:130][  0]LogMeshUtilities: Using QuadricMeshReduction for automatic static mesh reduction
[2017.04.17-15.27.05:161][  0]LogSimplygon: Simplygon DLL not present - disabling.
[2017.04.17-15.27.05:194][  0]LogMeshUtilities: Using SimplygonSwarm for distributed automatic mesh merging
[2017.04.17-15.27.05:194][  0]LogMeshUtilities: No automatic skeletal mesh reduction module available
[2017.04.17-15.27.05:194][  0]LogMeshUtilities: No automatic mesh merging module available
[2017.04.17-15.27.05:618][  0]LogNetVersion: GetLocalNetworkVersion: CL: 3299760, ProjectName: mechatantrum, ProjectVersion: , EngineNetworkVersion: 2, GameNetworkVersion: 0, NetworkChecksum: 194622132
[2017.04.17-15.27.05:656][  0]LogAssetRegistry: FAssetRegistry took 0.0200 seconds to start up
[2017.04.17-15.27.05:686][  0]LogPackageLocalizationCache: Processed 3 localized package path(s) for 2 prioritized culture(s) in 0.015480 seconds
[2017.04.17-15.27.05:691][  0]LogUObjectArray: 32493 objects as part of root set at end of initial load.
[2017.04.17-15.27.05:691][  0]LogUObjectAllocator: 7077032 out of 0 bytes used by permanent object pool.
[2017.04.17-15.27.05:691][  0]LogUObjectArray: CloseDisregardForGC: 0/0 objects in disregard for GC pool
[2017.04.17-15.27.05:735][  0]LogInit: WinSock: version 1.1 (2.2), MaxSocks=32767, MaxUdp=65467
[2017.04.17-15.27.06:911][  0]LogTcpMessaging: Initializing TcpMessaging bridge
[2017.04.17-15.27.06:940][  0]LogUdpMessaging: Initializing bridge on interface 0.0.0.0:0 to multicast group 230.0.0.1:6666.
[2017.04.17-15.27.07:282][  0]LogMaterial: Uniform references updated for custom material expression Custom.
[2017.04.17-15.27.07:570][  0]SourceControl: Info Source control is disabled
[2017.04.17-15.27.07:587][  0]SourceControl: Info Source control is disabled
[2017.04.17-15.27.07:620][  0]SourceControl: Info Source control is disabled
[2017.04.17-15.27.07:652][  0]SourceControl: Info Source control is disabled
[2017.04.17-15.27.07:867][  0]LogLinker:Warning: Can't find file '/Game/MTBlueprints/Blueprints/SideScrollerOverview'
[2017.04.17-15.27.07:867][  0]LogLinker:Warning: Can't find file '/Game/MTBlueprints/Blueprints/SideScrollerOverview'
[2017.04.17-15.27.07:867][  0]LogUObjectGlobals:Warning: Failed to find object 'Class /Game/MTBlueprints/Blueprints/SideScrollerOverview.SideScrollerOverview_C'
[2017.04.17-15.27.08:540][  0]LogEngine: Initializing Engine...
[2017.04.17-15.27.08:540][  0]LogHMD: Failed to initialize OpenVR with code 100
[2017.04.17-15.27.08:729][  0]LogAIModule: Creating AISystem for world Untitled
[2017.04.17-15.27.08:739][  0]LogInit: XAudio2 using 'Speakers (2- USB Audio Device)' : 2 channels at 44.1 kHz using 16 bits per sample (channel mask 0x3)
[2017.04.17-15.27.08:790][  0]LogInit: FAudioDevice initialized.
[2017.04.17-15.27.08:813][  0]LogDerivedDataCache: Saved boot cache 0.02s 50MB C:/Users/Spiffy/AppData/Local/UnrealEngine/4.15/DerivedDataCache/Boot.ddc.
[2017.04.17-15.27.08:817][  0]LogInit: Texture streaming: Enabled
[2017.04.17-15.27.08:883][  0]LogEngineSessionManager: EngineSessionManager initialized
[2017.04.17-15.27.08:945][  0]LogInit: Transaction tracking system initialized
[2017.04.17-15.27.09:193][  0]BlueprintLog: New page: Editor Load
[2017.04.17-15.27.09:828][  0]LocalizationService: Info Localization service is disabled
[2017.04.17-15.27.10:694][  0]LogConsoleResponse:Display: 
[2017.04.17-15.27.10:801][  0]LogCook:Display: Max memory allowance for cook 16384mb min free memory 0mb
[2017.04.17-15.27.10:801][  0]LogCook:Display: Mobile HDR setting 1
[2017.04.17-15.27.11:493][  0]LogFileCache: Scanning file cache for directory 'C:/Users/Spiffy/Documents/Unreal Projects/mechatantrum 4.15/Content/' took 0.01s
[2017.04.17-15.27.11:526][  0]SourceControl: Info Source control is disabled
[2017.04.17-15.27.11:526][  0]Cmd: MAP LOAD FILE="../../../../Users/Spiffy/Documents/Unreal Projects/mechatantrum 4.15/Content/MTBlueprints/Maps/SideScrollerExampleMap.umap" TEMPLATE=0 SHOWPROGRESS=1 FEATURELEVEL=3
[2017.04.17-15.27.11:526][  0]LogEditorServer:Warning: Can't find file '../../../../Users/Spiffy/Documents/Unreal Projects/mechatantrum 4.15/Content/MTBlueprints/Maps/SideScrollerExampleMap.umap'
[2017.04.17-15.27.11:527][  0]Cmd: MAP CHECKDEP NOCLEARLOG
[2017.04.17-15.27.11:553][  0]MapCheck: Info Map check complete: 0 Error(s), 0 Warning(s), took 26.569ms to complete.
[2017.04.17-15.27.11:553][  0]LogFileHelpers: Loading map 'SideScrollerExampleMap' took 0.027
[2017.04.17-15.27.11:727][  0]LogCollectionManager: Loaded 0 collections in 0.001447 seconds
[2017.04.17-15.27.11:791][  0]LogFileCache: Scanning file cache for directory 'C:/Users/Spiffy/Documents/Unreal Projects/mechatantrum 4.15/Saved/Collections/' took 0.01s
[2017.04.17-15.27.11:791][  0]LogFileCache: Scanning file cache for directory 'C:/Users/Spiffy/Documents/Unreal Projects/mechatantrum 4.15/Content/Developers/Spiffy/Collections/' took 0.01s
[2017.04.17-15.27.11:791][  0]LogFileCache: Scanning file cache for directory 'C:/Users/Spiffy/Documents/Unreal Projects/mechatantrum 4.15/Content/Collections/' took 0.01s
[2017.04.17-15.27.11:791][  0]LogCollectionManager: Rebuilt the GUID cache for 0 collections in 0.000002 seconds
[2017.04.17-15.27.11:800][  0]LogContentBrowser: Native class hierarchy populated in 0.0085 seconds. Added 2245 classes and 453 folders.
[2017.04.17-15.27.11:802][  0]LogStats: UGameplayTagsManager::ConstructGameplayTagTree: Construct from data asset -  0.000 s
[2017.04.17-15.27.11:803][  0]LogStats: UGameplayTagsManager::ConstructGameplayTagTree: GameplayTagTreeChangedEvent.Broadcast -  0.000 s
[2017.04.17-15.27.11:847][  0]LogContentBrowser: Native class hierarchy updated for 'WidgetCarousel' in 0.0004 seconds. Added 0 classes and 0 folders.
[2017.04.17-15.27.11:876][  0]LogContentBrowser: Native class hierarchy updated for 'AddContentDialog' in 0.0004 seconds. Added 0 classes and 0 folders.
[2017.04.17-15.27.11:909][  0]LogContentBrowser: Native class hierarchy updated for 'SceneOutliner' in 0.0005 seconds. Added 1 classes and 2 folders.
[2017.04.17-15.27.11:990][  0]LogCrashTracker: Crashtracker disabled due to settings.
[2017.04.17-15.27.12:898][  0]LogSlate: Only BGRA pngs, bmps or icos are supported in by External Image Picker
[2017.04.17-15.27.12:923][  0]LogTemp:Display: Executing iPhonePackager certificates Engine -bundlename com.YourCompany.mechatantrum

[2017.04.17-15.27.12:923][  0]LogTemp:Display: CWD: C:\UE_4.15\Engine\Binaries\DotNET\IOS

[2017.04.17-15.27.12:923][  0]LogTemp:Display: Initial Dir: C:\UE_4.15

[2017.04.17-15.27.12:923][  0]LogTemp:Display: Env CWD: C:\UE_4.15\Engine\Binaries\DotNET\IOS

[2017.04.17-15.27.12:923][  0]LogTemp:Display: BranchPath = SPIFFY-PC/C/UE_4.15/Engine/Binaries --- GameBranchPath = SPIFFY-PC/C/UE_4.15/Engine/Binaries

[2017.04.17-15.27.12:923][  0]LogUObjectGlobals:Warning: Failed to find object 'Class None.'
[2017.04.17-15.27.12:933][  0]LogTemp:Display: IPP ERROR: Application exception: System.IO.DirectoryNotFoundException: Could not find a part of the path 'C:\Users\Spiffy\AppData\Local\Apple Computer\MobileDevice\Provisioning Profiles'.

[2017.04.17-15.27.12:933][  0]LogTemp:Display:    at System.IO.__Error.WinIOError(Int32 errorCode, String maybeFullPath)

[2017.04.17-15.27.12:933][  0]LogTemp:Display:    at System.IO.FileSystemEnumerableIterator`1.CommonInit()

[2017.04.17-15.27.12:933][  0]LogTemp:Display:    at System.IO.FileSystemEnumerableIterator`1..ctor(String path, String originalUserPath, String searchPattern, SearchOption searchOption, SearchResultHandler`1 resultHandler, Boolean checkHost)

[2017.04.17-15.27.12:933][  0]LogTemp:Display:    at System.IO.Directory.EnumerateFiles(String path, String searchPattern)

[2017.04.17-15.27.12:933][  0]LogTemp:Display:    at iPhonePackager.CodeSignatureBuilder.FindProvisions(String CFBundleIdentifier)

[2017.04.17-15.27.12:933][  0]LogTemp:Display:    at iPhonePackager.Program.Main(String[] args)

[2017.04.17-15.27.12:976][  0]LogContentBrowser: Native class hierarchy updated for 'HierarchicalLODOutliner' in 0.0005 seconds. Added 1 classes and 2 folders.
[2017.04.17-15.27.12:977][  0]LogLoad: (Engine Initialization) Total time: 13.24 seconds
[2017.04.17-15.27.12:977][  0]LogLoad: (Engine Initialization) Total Blueprint compile time: 0.03 seconds
[2017.04.17-15.27.12:977][  0]LogExternalProfiler: Found external profiler: VSPerf
[2017.04.17-15.27.12:977][  0]LogExternalProfiler: Using external profiler: VSPerf
[2017.04.17-15.27.12:986][  0]LogOcInput: OculusInput pre-init called
[2017.04.17-15.27.13:004][  0]LogContentStreaming: Texture pool size now 600 MB
[2017.04.17-15.27.13:005][  0]LogSlate: Took 0.000150 seconds to synchronously load lazily loaded font '../../../Engine/Content/Slate/Fonts/Roboto-Regular.ttf' (155K)
[2017.04.17-15.27.13:009][  0]LogSlate: Took 0.000170 seconds to synchronously load lazily loaded font '../../../Engine/Content/Slate/Fonts/Roboto-Bold.ttf' (160K)
[2017.04.17-15.27.13:014][  0]LogSlate: Took 0.000146 seconds to synchronously load lazily loaded font '../../../Engine/Content/Editor/Slate/Fonts/FontAwesome.ttf' (139K)
[2017.04.17-15.27.13:138][  0]LogRenderer: Reallocating scene render targets to support 900x532 NumSamples 1 (Frame:2).
[2017.04.17-15.27.13:175][  0]LogSlate: Took 0.000097 seconds to synchronously load lazily loaded font '../../../Engine/Content/Slate/Fonts/Roboto-Light.ttf' (159K)
[2017.04.17-15.27.13:215][  1]LogAssetRegistry: Asset discovery search completed in 7.5800 seconds
[2017.04.17-15.27.13:215][  1]LogCollectionManager: Rebuilt the object cache for 0 collections in 0.000004 seconds (found 0 objects)
[2017.04.17-15.27.13:215][  1]LogCollectionManager: Fixed up redirectors for 0 collections in 0.000024 seconds (updated 0 objects)
[2017.04.17-15.27.51:105][528]LogSlate: Took 0.000103 seconds to synchronously load lazily loaded font '../../../Engine/Content/Slate/Fonts/Roboto-Light.ttf' (159K)
[2017.04.17-15.27.51:611][528]LogBlueprint:Warning: [Compiler climbvolume] Warning 'Mecha Character' does not inherit from 'Player Controller' ( Cast To MechaCharacter  would always fail).
[2017.04.17-15.27.51:611][528]LogBlueprint:Warning: [Compiler climbvolume] Warning 'Mecha Character' does not inherit from 'Player Controller' ( Cast To MechaCharacter  would always fail).
[2017.04.17-15.27.51:613][528]LogBlueprint:Warning: [Compiler climbvolume] Warning [0051.88] Compile of climbvolume successful, but with 2 Warning(s) [in 2 ms] (/Game/MT_Stuff/Blueprints/climbvolume.climbvolume)
[2017.04.17-15.27.51:613][528]LogBlueprint:Warning: [Compiler climbvolume] Warning [0051.88] Compile of climbvolume successful, but with 3 Warning(s) [in 0 ms] (/Game/MT_Stuff/Blueprints/climbvolume.climbvolume)
[2017.04.17-15.27.51:613][528]LogBlueprint:Warning: [Compiler climbvolume] Warning [0051.88] Compile of climbvolume successful, but with 4 Warning(s) [in 0 ms] (/Game/MT_Stuff/Blueprints/climbvolume.climbvolume)
[2017.04.17-15.27.51:615][528]LogBlueprint:Warning: [Compiler climbvolume] Warning 'Mecha Character' does not inherit from 'Player Controller' ( Cast To MechaCharacter  would always fail).
[2017.04.17-15.27.51:615][528]LogBlueprint:Warning: [Compiler climbvolume] Warning 'Mecha Character' does not inherit from 'Player Controller' ( Cast To MechaCharacter  would always fail).
[2017.04.17-15.27.51:616][528]LogBlueprint:Warning: [Compiler climbvolume] Warning [0051.88] Compile of climbvolume successful, but with 2 Warning(s) [in 2 ms] (/Game/MT_Stuff/Blueprints/climbvolume.climbvolume)
[2017.04.17-15.27.51:616][528]LogBlueprint:Warning: [Compiler climbvolume] Warning [0051.88] Compile of climbvolume successful, but with 3 Warning(s) [in 0 ms] (/Game/MT_Stuff/Blueprints/climbvolume.climbvolume)
[2017.04.17-15.27.51:616][528]LogBlueprint:Warning: [Compiler climbvolume] Warning [0051.88] Compile of climbvolume successful, but with 4 Warning(s) [in 0 ms] (/Game/MT_Stuff/Blueprints/climbvolume.climbvolume)
[2017.04.17-15.27.51:930][528]LogAIModule: Creating AISystem for world MT_mainlevel
[2017.04.17-15.27.51:971][528]Cmd: MAP LOAD FILE="../../../../Users/Spiffy/Documents/Unreal Projects/mechatantrum 4.15/Content/MT_Stuff/Maps/MT_mainlevel.umap" TEMPLATE=0 SHOWPROGRESS=1 FEATURELEVEL=3
[2017.04.17-15.27.51:972][528]LightingResults: New page: Lighting Build
[2017.04.17-15.27.52:003][528]LogContentBrowser: Native class hierarchy updated for 'StatsViewer' in 0.0005 seconds. Added 5 classes and 0 folders.
[2017.04.17-15.27.52:005][528]LoadErrors: New page: Loading map: MT_mainlevel.umap
[2017.04.17-15.27.52:005][528]MapCheck: New page: Map Check
[2017.04.17-15.27.52:005][528]LightingResults: New page: Lighting Build
[2017.04.17-15.27.52:091][528]LogEditorServer: Finished looking for orphan Actors (0.000 secs)
[2017.04.17-15.27.52:110][528]Cmd: MAP CHECKDEP NOCLEARLOG
[2017.04.17-15.27.52:145][528]MapCheck: Info Map check complete: 0 Error(s), 0 Warning(s), took 35.139ms to complete.
[2017.04.17-15.27.52:146][528]LogFileHelpers: Loading map 'MT_mainlevel' took 0.176
[2017.04.17-16.16.39:539][284]Cmd: SELECT NONE
[2017.04.17-17.49.51:524][823]Cmd: SELECT NONE
[2017.04.17-20.03.20:201][557]Cmd: POLY SELECT MATCHING BRUSH
[2017.04.17-20.03.20:378][578]Cmd: POLY SELECT MATCHING BRUSH
[2017.04.17-20.03.20:719][619]Cmd: POLY SELECT MATCHING BRUSH
[2017.04.17-20.03.21:453][707]Cmd: POLY SELECT MATCHING BRUSH
[2017.04.17-20.03.22:075][781]Cmd: POLY SELECT MATCHING BRUSH
[2017.04.17-20.03.23:897][999]Cmd: POLY SELECT MATCHING BRUSH
[2017.04.17-20.03.24:647][ 89]Cmd: POLY SELECT MATCHING BRUSH
[2017.04.17-20.29.54:873][455]LogEditorViewport: Clicking on Actor (LMB): building_apartment_C (building_apartment)
[2017.04.17-20.29.56:188][610]LogEditorViewport: Clicking on Actor (LMB): building_apartment_C (building_apartment)
[2017.04.17-20.35.37:638][847]LogContentBrowser: Native class hierarchy updated for 'BlueprintGraph' in 0.0008 seconds. Added 112 classes and 0 folders.
[2017.04.17-20.35.38:324][847]LogSlate: Took 0.000095 seconds to synchronously load lazily loaded font '../../../Engine/Content/Slate/Fonts/Roboto-Regular.ttf' (155K)
[2017.04.17-20.35.38:416][847]LogSlate: Took 0.001429 seconds to synchronously load lazily loaded font '../../../Engine/Content/Editor/Slate/Fonts/Roboto-BoldCondensed.ttf' (158K)
[2017.04.17-20.35.38:513][848]LogSlate: Took 0.001255 seconds to synchronously load lazily loaded font '../../../Engine/Content/Editor/Slate/Fonts/Roboto-Italic.ttf' (157K)
[2017.04.17-20.38.20:574][226]LogRenderer: Reallocating scene render targets to support 1144x900 NumSamples 1 (Frame:2820).
[2017.04.17-20.45.11:387][791]LogEditorViewport: Clicking on Actor (context menu): StaticMeshActor (Floor)
[2017.04.17-20.45.55:234][468]Cmd: TRANSACTION UNDO
[2017.04.17-20.45.55:234][468]LogEditorTransaction: Undo Move Actors
[2017.04.17-20.45.55:244][468]LogSlate: Took 0.000151 seconds to synchronously load lazily loaded font '../../../Engine/Content/Slate/Fonts/Roboto-Light.ttf' (159K)
[2017.04.17-20.45.59:578][953]LogTemp: Repeting last play command: Selected Viewport
[2017.04.17-20.45.59:592][953]LogBlueprintUserMessages: Early PlayInEditor Detection: Level '/Game/MT_Stuff/Maps/MT_mainlevel.MT_mainlevel:PersistentLevel' has LevelScriptBlueprint '/Game/MT_Stuff/Maps/MT_mainlevel.MT_mainlevel:PersistentLevel.MT_mainlevel' with GeneratedClass '/Game/MT_Stuff/Maps/MT_mainlevel.MT_mainlevel_C' with ClassGeneratedBy '/Game/MT_Stuff/Maps/MT_mainlevel.MT_mainlevel:PersistentLevel.MT_mainlevel'
[2017.04.17-20.45.59:592][953]LogPlayLevel: PlayLevel: No blueprints needed recompiling
[2017.04.17-20.45.59:592][953]PIE: New page: PIE session: MT_mainlevel (Apr 17, 2017, 12:45:59 PM)
[2017.04.17-20.45.59:592][953]LogPlayLevel: Creating play world package: /Game/MT_Stuff/Maps/UEDPIE_0_MT_mainlevel
[2017.04.17-20.45.59:613][953]LogPlayLevel: PIE: StaticDuplicateObject took: (0.021417s)
[2017.04.17-20.45.59:614][953]LogAIModule: Creating AISystem for world MT_mainlevel
[2017.04.17-20.45.59:614][953]LogPlayLevel: PIE: World Init took: (0.000771s)
[2017.04.17-20.45.59:615][953]LogPlayLevel: PIE: Created PIE world by copying editor world from /Game/MT_Stuff/Maps/MT_mainlevel.MT_mainlevel to /Game/MT_Stuff/Maps/UEDPIE_0_MT_mainlevel.MT_mainlevel (0.022490s)
[2017.04.17-20.45.59:648][953]LogInit: XAudio2 using 'Speakers (2- USB Audio Device)' : 2 channels at 44.1 kHz using 16 bits per sample (channel mask 0x3)
[2017.04.17-20.45.59:652][953]LogInit: FAudioDevice initialized.
[2017.04.17-20.45.59:699][953]LogLoad: Game class is 'SideScrollerGameMode_C'
[2017.04.17-20.45.59:702][953]LogWorld: Bringing World /Game/MT_Stuff/Maps/UEDPIE_0_MT_mainlevel.MT_mainlevel up for play (max tick rate 0) at 2017.04.17-16.45.59
[2017.04.17-20.45.59:703][953]LogWorld: Bringing up level for play took: 0.003424
[2017.04.17-20.45.59:733][953]LogContentBrowser: Native class hierarchy updated for 'MovieSceneCapture' in 0.0005 seconds. Added 11 classes and 0 folders.
[2017.04.17-20.45.59:733][953]LogGameMode:Display: Match State Changed from EnteringMap to WaitingToStart
[2017.04.17-20.45.59:733][953]LogGameState: Match State Changed from EnteringMap to WaitingToStart
[2017.04.17-20.45.59:733][953]LogGameMode:Display: Match State Changed from WaitingToStart to InProgress
[2017.04.17-20.45.59:736][953]LogGameState: Match State Changed from WaitingToStart to InProgress
[2017.04.17-20.45.59:736][953]PIE: Info Play in editor start time for /Game/MT_Stuff/Maps/UEDPIE_0_MT_mainlevel -0.549
[2017.04.17-20.45.59:736][953]LogBlueprintUserMessages: Late PlayInEditor Detection: Level '/Game/MT_Stuff/Maps/MT_mainlevel.MT_mainlevel:PersistentLevel' has LevelScriptBlueprint '/Game/MT_Stuff/Maps/MT_mainlevel.MT_mainlevel:PersistentLevel.MT_mainlevel' with GeneratedClass '/Game/MT_Stuff/Maps/MT_mainlevel.MT_mainlevel_C' with ClassGeneratedBy '/Game/MT_Stuff/Maps/MT_mainlevel.MT_mainlevel:PersistentLevel.MT_mainlevel'
[2017.04.17-20.46.08:101][921]LogBlueprintUserMessages: Early EndPlayMap Detection: Level '/Game/MT_Stuff/Maps/MT_mainlevel.MT_mainlevel:PersistentLevel' has LevelScriptBlueprint '/Game/MT_Stuff/Maps/MT_mainlevel.MT_mainlevel:PersistentLevel.MT_mainlevel' with GeneratedClass '/Game/MT_Stuff/Maps/MT_mainlevel.MT_mainlevel_C' with ClassGeneratedBy '/Game/MT_Stuff/Maps/MT_mainlevel.MT_mainlevel:PersistentLevel.MT_mainlevel'
[2017.04.17-20.46.08:172][921]LogBlueprintUserMessages: Late EndPlayMap Detection: Level '/Game/MT_Stuff/Maps/MT_mainlevel.MT_mainlevel:PersistentLevel' has LevelScriptBlueprint '/Game/MT_Stuff/Maps/MT_mainlevel.MT_mainlevel:PersistentLevel.MT_mainlevel' with GeneratedClass '/Game/MT_Stuff/Maps/MT_mainlevel.MT_mainlevel_C' with ClassGeneratedBy '/Game/MT_Stuff/Maps/MT_mainlevel.MT_mainlevel:PersistentLevel.MT_mainlevel'
[2017.04.17-20.48.44:631][375]LogSavePackage: Save=558.73ms
[2017.04.17-20.48.44:631][375]LogSavePackage: Moving '../../../../Users/Spiffy/Documents/Unreal Projects/mechatantrum 4.15/Saved/MT_mainlevel_Auto1796AD83F41F1BB9B2E927C86EF27C476.tmp' to '../../../../Users/Spiffy/Documents/Unreal Projects/mechatantrum 4.15/Saved/Autosaves/Game/MT_Stuff/Maps/MT_mainlevel_Auto1.umap'
[2017.04.17-20.48.44:632][375]LogSavePackage:Display: Finished SavePackage ../../../../Users/Spiffy/Documents/Unreal Projects/mechatantrum 4.15/Saved/Autosaves/Game/MT_Stuff/Maps/MT_mainlevel_Auto1.umap
[2017.04.17-20.48.44:633][375]LogFileHelpers: Editor autosave (incl. sublevels) for '/Game/MT_Stuff/Maps/MT_mainlevel' took 0.605
[2017.04.17-20.48.44:633][375]LogFileHelpers: Editor autosave (incl. sublevels) for all levels took 0.605
[2017.04.17-20.48.44:635][375]OBJ SavePackage: Generating thumbnails for [1] asset(s) in package [/Game/MT_Stuff/Blueprints/MechaCharacter] ([1] browsable assets)...
[2017.04.17-20.48.44:652][375]OBJ SavePackage:     Rendered thumbnail for [Blueprint /Game/MT_Stuff/Blueprints/MechaCharacter.MechaCharacter]
[2017.04.17-20.48.44:652][375]OBJ SavePackage: Finished generating thumbnails for package [/Game/MT_Stuff/Blueprints/MechaCharacter]
[2017.04.17-20.48.44:691][375]LogSavePackage: Save=33.07ms
[2017.04.17-20.48.44:691][375]LogSavePackage: Moving '../../../../Users/Spiffy/Documents/Unreal Projects/mechatantrum 4.15/Saved/MechaCharacter_Auto159BEB685405ADA2DB07DAF8EF84D8E5F.tmp' to '../../../../Users/Spiffy/Documents/Unreal Projects/mechatantrum 4.15/Saved/Autosaves/Game/MT_Stuff/Blueprints/MechaCharacter_Auto1.uasset'
[2017.04.17-20.48.44:691][375]LogSavePackage:Display: Finished SavePackage ../../../../Users/Spiffy/Documents/Unreal Projects/mechatantrum 4.15/Saved/Autosaves/Game/MT_Stuff/Blueprints/MechaCharacter_Auto1.uasset
[2017.04.17-20.48.44:691][375]LogFileHelpers: Auto-saving content packages took 0.057
[2017.04.17-21.24.42:551][775]BlueprintLog: New page: Compile MechaCharacter
[2017.04.17-21.24.42:565][775]LogBlueprint:Warning: [Compiler climbvolume] Warning 'Mecha Character' does not inherit from 'Player Controller' ( Cast To MechaCharacter  would always fail).
[2017.04.17-21.24.42:565][775]LogBlueprint:Warning: [Compiler climbvolume] Warning 'Mecha Character' does not inherit from 'Player Controller' ( Cast To MechaCharacter  would always fail).
[2017.04.17-21.24.44:538][985]LogSavePackage: Save=30.31ms
[2017.04.17-21.24.44:538][985]LogSavePackage: Moving '../../../../Users/Spiffy/Documents/Unreal Projects/mechatantrum 4.15/Saved/MechaCharacterC1600AF84641C69E88BC6BB21B7B4344.tmp' to '../../../../Users/Spiffy/Documents/Unreal Projects/mechatantrum 4.15/Content/MT_Stuff/Blueprints/MechaCharacter.uasset'
[2017.04.17-21.24.44:539][985]LogSavePackage:Display: Finished SavePackage ../../../../Users/Spiffy/Documents/Unreal Projects/mechatantrum 4.15/Content/MT_Stuff/Blueprints/MechaCharacter.uasset
[2017.04.17-21.24.51:046][663]LogSavePackage: Save=455.26ms
[2017.04.17-21.24.51:046][663]LogSavePackage: Moving '../../../../Users/Spiffy/Documents/Unreal Projects/mechatantrum 4.15/Saved/MT_mainlevel646C4B6740CDF5113CF4EB9CE4B25973.tmp' to '../../../../Users/Spiffy/Documents/Unreal Projects/mechatantrum 4.15/Content/MT_Stuff/Maps/MT_mainlevel.umap'
[2017.04.17-21.24.51:049][663]LogSavePackage:Display: Finished SavePackage ../../../../Users/Spiffy/Documents/Unreal Projects/mechatantrum 4.15/Content/MT_Stuff/Maps/MT_mainlevel.umap
[2017.04.17-21.24.53:401][928]LogActorComponent: UnregisterComponent: (/Engine/Transient.EditorFloorComp) Not registered. Aborting.
[2017.04.17-21.24.53:621][929]Cmd: QUIT_EDITOR
[2017.04.17-21.24.53:668][929]LogExit: Preparing to exit.
[2017.04.17-21.24.54:300][929]LogDirectoryWatcher: A directory notification for 'C:/Users/Spiffy/Documents/Unreal Projects/mechatantrum 4.15/Content/' was aborted.
[2017.04.17-21.24.54:329][929]LogExit: Editor shut down
[2017.04.17-21.24.54:329][929]LogExit: Transaction tracking system shut down
[2017.04.17-21.24.54:435][929]LogObj: Freed 0b from 0 cluster array pools.
[2017.04.17-21.24.54:435][929]LogExit: Object subsystem successfully closed.
[2017.04.17-21.24.54:446][929]LogD3D11RHI: Shutdown
[2017.04.17-21.24.54:446][929]LogD3D11RHI: CleanupD3DDevice
[2017.04.17-21.24.54:629][929]LogD3D11RHI: ~FD3D11DynamicRHI
[2017.04.17-21.24.54:639][929]LogModuleManager: Shutting down and abandoning module MovieSceneCapture (506)
[2017.04.17-21.24.54:639][929]LogModuleManager: Shutting down and abandoning module BlueprintGraph (504)
[2017.04.17-21.24.54:639][929]LogModuleManager: Shutting down and abandoning module BlueprintProfiler (502)
[2017.04.17-21.24.54:639][929]LogModuleManager: Shutting down and abandoning module StatsViewer (500)
[2017.04.17-21.24.54:639][929]LogModuleManager: Shutting down and abandoning module HierarchicalLODOutliner (498)
[2017.04.17-21.24.54:639][929]LogModuleManager: Shutting down and abandoning module ExternalImagePicker (496)
[2017.04.17-21.24.54:639][929]LogModuleManager: Shutting down and abandoning module CrashTracker (494)
[2017.04.17-21.24.54:639][929]LogModuleManager: Shutting down and abandoning module SceneOutliner (492)
[2017.04.17-21.24.54:639][929]LogModuleManager: Shutting down and abandoning module AddContentDialog (490)
[2017.04.17-21.24.54:639][929]LogDirectoryWatcher: A directory notification for 'C:/UE_4.15/FeaturePacks/' was aborted.
[2017.04.17-21.24.54:640][929]LogModuleManager: Shutting down and abandoning module WidgetCarousel (489)
[2017.04.17-21.24.54:640][929]LogModuleManager: Shutting down and abandoning module EditorWidgets (486)
[2017.04.17-21.24.54:640][929]LogModuleManager: Shutting down and abandoning module CollectionManager (484)
[2017.04.17-21.24.54:640][929]LogDirectoryWatcher: A directory notification for 'C:/Users/Spiffy/Documents/Unreal Projects/mechatantrum 4.15/Content/Collections/' was aborted.
[2017.04.17-21.24.54:640][929]LogDirectoryWatcher: A directory notification for 'C:/Users/Spiffy/Documents/Unreal Projects/mechatantrum 4.15/Content/Developers/Spiffy/Collections/' was aborted.
[2017.04.17-21.24.54:640][929]LogDirectoryWatcher: A directory notification for 'C:/Users/Spiffy/Documents/Unreal Projects/mechatantrum 4.15/Saved/Collections/' was aborted.
[2017.04.17-21.24.54:640][929]LogModuleManager: Shutting down and abandoning module FoliageEdit (482)
[2017.04.17-21.24.54:640][929]LogModuleManager: Shutting down and abandoning module LandscapeEditor (480)
[2017.04.17-21.24.54:640][929]LogModuleManager: Shutting down and abandoning module SceneDepthPickerMode (478)
[2017.04.17-21.24.54:640][929]LogModuleManager: Shutting down and abandoning module ActorPickerMode (476)
[2017.04.17-21.24.54:640][929]LogModuleManager: Shutting down and abandoning module GeometryMode (474)
[2017.04.17-21.24.54:640][929]LogModuleManager: Shutting down and abandoning module TextureAlignMode (472)
[2017.04.17-21.24.54:640][929]LogModuleManager: Shutting down and abandoning module BspMode (470)
[2017.04.17-21.24.54:640][929]LogModuleManager: Shutting down and abandoning module HardwareSurvey (468)
[2017.04.17-21.24.54:640][929]LogModuleManager: Shutting down and abandoning module SequenceRecorderSections (466)
[2017.04.17-21.24.54:640][929]LogModuleManager: Shutting down and abandoning module AutomationWorker (464)
[2017.04.17-21.24.54:640][929]LogModuleManager: Shutting down and abandoning module MatineeToLevelSequence (462)
[2017.04.17-21.24.54:640][929]LogModuleManager: Shutting down and abandoning module LevelSequenceEditor (460)
[2017.04.17-21.24.54:640][929]LogModuleManager: Shutting down and abandoning module PlacementMode (459)
[2017.04.17-21.24.54:640][929]LogModuleManager: Shutting down and abandoning module WmfMediaFactory (456)
[2017.04.17-21.24.54:640][929]LogModuleManager: Shutting down and abandoning module WmfMediaEditor (454)
[2017.04.17-21.24.54:640][929]LogModuleManager: Shutting down and abandoning module MfMediaFactory (452)
[2017.04.17-21.24.54:640][929]LogModuleManager: Shutting down and abandoning module MfMediaEditor (450)
[2017.04.17-21.24.54:640][929]LogModuleManager: Shutting down and abandoning module AvfMediaFactory (448)
[2017.04.17-21.24.54:640][929]LogModuleManager: Shutting down and abandoning module AvfMediaEditor (446)
[2017.04.17-21.24.54:640][929]LogModuleManager: Shutting down and abandoning module AndroidMediaFactory (444)
[2017.04.17-21.24.54:640][929]LogModuleManager: Shutting down and abandoning module Media (443)
[2017.04.17-21.24.54:640][929]LogModuleManager: Shutting down and abandoning module AndroidMediaEditor (440)
[2017.04.17-21.24.54:640][929]LogModuleManager: Shutting down and abandoning module CharacterAI (438)
[2017.04.17-21.24.54:640][929]LogModuleManager: Shutting down and abandoning module AudioCapture (436)
[2017.04.17-21.24.54:640][929]LogModuleManager: Shutting down and abandoning module SequenceRecorder (435)
[2017.04.17-21.24.54:640][929]LogModuleManager: Shutting down and abandoning module SmartSnapping (432)
[2017.04.17-21.24.54:640][929]LogModuleManager: Shutting down and abandoning module SessionServices (430)
[2017.04.17-21.24.54:640][929]LogModuleManager: Shutting down and abandoning module ViewportSnapping (428)
[2017.04.17-21.24.54:640][929]LogModuleManager: Shutting down and abandoning module ViewportInteraction (426)
[2017.04.17-21.24.54:640][929]LogModuleManager: Shutting down and abandoning module LogVisualizer (424)
[2017.04.17-21.24.54:640][929]LogModuleManager: Shutting down and abandoning module IntroTutorials (422)
[2017.04.17-21.24.54:640][929]LogModuleManager: Shutting down and abandoning module GameProjectGeneration (421)
[2017.04.17-21.24.54:640][929]LogModuleManager: Shutting down and abandoning module EditorLiveStreaming (418)
[2017.04.17-21.24.54:640][929]LogModuleManager: Shutting down and abandoning module IOSPlatformEditor (416)
[2017.04.17-21.24.54:640][929]LogModuleManager: Shutting down and abandoning module HTML5PlatformEditor (414)
[2017.04.17-21.24.54:640][929]LogModuleManager: Shutting down and abandoning module AndroidPlatformEditor (412)
[2017.04.17-21.24.54:640][929]LogModuleManager: Shutting down and abandoning module AndroidDeviceDetection (411)
[2017.04.17-21.24.55:282][929]LogModuleManager: Shutting down and abandoning module IOSRuntimeSettings (408)
[2017.04.17-21.24.55:282][929]LogModuleManager: Shutting down and abandoning module AndroidRuntimeSettings (406)
[2017.04.17-21.24.55:282][929]LogModuleManager: Shutting down and abandoning module InputBindingEditor (404)
[2017.04.17-21.24.55:282][929]LogModuleManager: Shutting down and abandoning module NiagaraEditor (402)
[2017.04.17-21.24.55:282][929]LogModuleManager: Shutting down and abandoning module MergeActors (400)
[2017.04.17-21.24.55:282][929]LogModuleManager: Shutting down and abandoning module SizeMap (398)
[2017.04.17-21.24.55:282][929]LogModuleManager: Shutting down and abandoning module TreeMap (396)
[2017.04.17-21.24.55:282][929]LogModuleManager: Shutting down and abandoning module ReferenceViewer (394)
[2017.04.17-21.24.55:282][929]LogModuleManager: Shutting down and abandoning module LocalizationDashboard (392)
[2017.04.17-21.24.55:282][929]LogModuleManager: Shutting down and abandoning module LocalizationService (391)
[2017.04.17-21.24.55:282][929]LogModuleManager: Shutting down and abandoning module HardwareTargeting (388)
[2017.04.17-21.24.55:282][929]LogModuleManager: Shutting down and abandoning module DeviceProfileEditor (386)
[2017.04.17-21.24.55:282][929]LogModuleManager: Shutting down and abandoning module UndoHistory (384)
[2017.04.17-21.24.55:282][929]LogModuleManager: Shutting down and abandoning module UserFeedback (382)
[2017.04.17-21.24.55:282][929]LogModuleManager: Shutting down and abandoning module XmlParser (380)
[2017.04.17-21.24.55:282][929]LogModuleManager: Shutting down and abandoning module Blutility (378)
[2017.04.17-21.24.55:282][929]LogModuleManager: Shutting down and abandoning module ProjectSettingsViewer (376)
[2017.04.17-21.24.55:282][929]LogModuleManager: Shutting down and abandoning module ProjectTargetPlatformEditor (375)
[2017.04.17-21.24.55:282][929]LogModuleManager: Shutting down and abandoning module EditorSettingsViewer (372)
[2017.04.17-21.24.55:282][929]LogModuleManager: Shutting down and abandoning module SettingsEditor (370)
[2017.04.17-21.24.55:282][929]LogModuleManager: Shutting down and abandoning module ProjectLauncher (368)
[2017.04.17-21.24.55:282][929]LogModuleManager: Shutting down and abandoning module SessionFrontend (366)
[2017.04.17-21.24.55:282][929]LogModuleManager: Shutting down and abandoning module ProfilerClient (364)
[2017.04.17-21.24.55:282][929]LogModuleManager: Shutting down and abandoning module DeviceManager (362)
[2017.04.17-21.24.55:282][929]LogModuleManager: Shutting down and abandoning module TargetDeviceServices (361)
[2017.04.17-21.24.55:333][929]LogModuleManager: Shutting down and abandoning module AutomationController (358)
[2017.04.17-21.24.55:333][929]LogModuleManager: Shutting down and abandoning module AutomationWindow (356)
[2017.04.17-21.24.55:333][929]LogModuleManager: Shutting down and abandoning module Layers (354)
[2017.04.17-21.24.55:333][929]LogModuleManager: Shutting down and abandoning module ComponentVisualizers (352)
[2017.04.17-21.24.55:333][929]LogModuleManager: Shutting down and abandoning module DetailCustomizations (350)
[2017.04.17-21.24.55:333][929]LogModuleManager: Shutting down and abandoning module PackagesDialog (348)
[2017.04.17-21.24.55:333][929]LogModuleManager: Shutting down and abandoning module Persona (346)
[2017.04.17-21.24.55:333][929]LogModuleManager: Shutting down and abandoning module AnimGraph (345)
[2017.04.17-21.24.55:333][929]LogModuleManager: Shutting down and abandoning module Kismet (342)
[2017.04.17-21.24.55:338][929]LogModuleManager: Shutting down and abandoning module GraphEditor (340)
[2017.04.17-21.24.55:338][929]LogModuleManager: Shutting down and abandoning module ClassViewer (338)
[2017.04.17-21.24.55:338][929]LogModuleManager: Shutting down and abandoning module Toolbox (336)
[2017.04.17-21.24.55:338][929]LogModuleManager: Shutting down and abandoning module ModuleUI (334)
[2017.04.17-21.24.55:338][929]LogModuleManager: Shutting down and abandoning module MovieSceneTools (332)
[2017.04.17-21.24.55:338][929]LogModuleManager: Shutting down and abandoning module OutputLog (330)
[2017.04.17-21.24.55:338][929]LogModuleManager: Shutting down and abandoning module GammaUI (328)
[2017.04.17-21.24.55:338][929]LogModuleManager: Shutting down and abandoning module Documentation (326)
[2017.04.17-21.24.55:338][929]LogModuleManager: Shutting down and abandoning module Niagara (324)
[2017.04.17-21.24.55:338][929]LogModuleManager: Shutting down and abandoning module StreamingPauseRendering (322)
[2017.04.17-21.24.55:338][929]LogModuleManager: Shutting down and abandoning module AnalyticsET (320)
[2017.04.17-21.24.55:338][929]LogModuleManager: Shutting down and abandoning module PortalServices (318)
[2017.04.17-21.24.55:338][929]LogModuleManager: Shutting down and abandoning module PortalRpc (316)
[2017.04.17-21.24.55:338][929]LogModuleManager: Shutting down and abandoning module MessagingRpc (314)
[2017.04.17-21.24.55:338][929]LogModuleManager: Shutting down and abandoning module AIModule (312)
[2017.04.17-21.24.55:338][929]LogModuleManager: Shutting down and abandoning module GameplayDebugger (311)
[2017.04.17-21.24.55:338][929]LogModuleManager: Shutting down and abandoning module AITestSuite (309)
[2017.04.17-21.24.55:338][929]LogModuleManager: Shutting down and abandoning module ProfilerService (306)
[2017.04.17-21.24.55:342][929]LogModuleManager: Shutting down and abandoning module TaskGraph (304)
[2017.04.17-21.24.55:342][929]LogModuleManager: Shutting down and abandoning module SteamVRController (302)
[2017.04.17-21.24.55:342][929]LogModuleManager: Shutting down and abandoning module SteamVR (300)
[2017.04.17-21.24.55:342][929]LogModuleManager: Shutting down and abandoning module ProceduralMeshComponentEditor (298)
[2017.04.17-21.24.55:342][929]LogModuleManager: Shutting down and abandoning module ProceduralMeshComponent (296)
[2017.04.17-21.24.55:342][929]LogModuleManager: Shutting down and abandoning module OculusLibrary (294)
[2017.04.17-21.24.55:342][929]LogModuleManager: Shutting down and abandoning module OculusInput (292)
[2017.04.17-21.24.55:342][929]LogModuleManager: Shutting down and abandoning module MobilePatchingUtils (290)
[2017.04.17-21.24.55:342][929]LogModuleManager: Shutting down and abandoning module CustomMeshComponent (288)
[2017.04.17-21.24.55:342][929]LogModuleManager: Shutting down and abandoning module CableComponent (286)
[2017.04.17-21.24.55:342][929]LogModuleManager: Shutting down and abandoning module ArchVisCharacter (284)
[2017.04.17-21.24.55:342][929]LogModuleManager: Shutting down and abandoning module MediaPlayerEditor (280)
[2017.04.17-21.24.55:342][929]LogModuleManager: Shutting down and abandoning module HTML5Networking (278)
[2017.04.17-21.24.55:342][929]LogModuleManager: Shutting down and abandoning module AlembicImporter (276)
[2017.04.17-21.24.55:342][929]LogModuleManager: Shutting down and abandoning module AlembicLibrary (275)
[2017.04.17-21.24.55:342][929]LogModuleManager: Shutting down and abandoning module GeometryCache (274)
[2017.04.17-21.24.55:342][929]LogModuleManager: Shutting down and abandoning module GeometryCacheEd (273)
[2017.04.17-21.24.55:342][929]LogModuleManager: Shutting down and abandoning module SuperSearchEditor (268)
[2017.04.17-21.24.55:342][929]LogModuleManager: Shutting down and abandoning module SuperSearch (267)
[2017.04.17-21.24.55:342][929]LogModuleManager: Shutting down and abandoning module SpeedTreeImporter (264)
[2017.04.17-21.24.55:342][929]LogModuleManager: Shutting down and abandoning module PluginBrowser (262)
[2017.04.17-21.24.55:342][929]LogModuleManager: Shutting down and abandoning module MobileLauncherProfileWizard (260)
[2017.04.17-21.24.55:342][929]LogModuleManager: Shutting down and abandoning module EpicSurvey (258)
[2017.04.17-21.24.55:342][929]LogModuleManager: Shutting down and abandoning module VisualStudioSourceCodeAccess (256)
[2017.04.17-21.24.55:342][929]LogModuleManager: Shutting down and abandoning module DesktopPlatform (255)
[2017.04.17-21.24.55:342][929]LogModuleManager: Shutting down and abandoning module UObjectPlugin (252)
[2017.04.17-21.24.55:342][929]LogModuleManager: Shutting down and abandoning module SubversionSourceControl (250)
[2017.04.17-21.24.55:342][929]LogModuleManager: Shutting down and abandoning module PerforceSourceControl (248)
[2017.04.17-21.24.55:342][929]LogModuleManager: Shutting down and abandoning module GitSourceControl (246)
[2017.04.17-21.24.55:342][929]LogModuleManager: Shutting down and abandoning module SourceControl (245)
[2017.04.17-21.24.55:342][929]LogModuleManager: Shutting down and abandoning module LightPropagationVolumeEditor (242)
[2017.04.17-21.24.55:342][929]LogModuleManager: Shutting down and abandoning module PaperTiledImporter (240)
[2017.04.17-21.24.55:342][929]LogModuleManager: Shutting down and abandoning module PaperSpriteSheetImporter (238)
[2017.04.17-21.24.55:342][929]LogModuleManager: Shutting down and abandoning module Paper2DEditor (236)
[2017.04.17-21.24.55:343][929]LogModuleManager: Shutting down and abandoning module MeshPaint (235)
[2017.04.17-21.24.55:343][929]LogModuleManager: Shutting down and abandoning module LevelEditor (233)
[2017.04.17-21.24.55:343][929]LogModuleManager: Shutting down and abandoning module PixelInspectorModule (232)
[2017.04.17-21.24.55:343][929]LogModuleManager: Shutting down and abandoning module MainFrame (230)
[2017.04.17-21.24.55:343][929]LogModuleManager: Shutting down and abandoning module HotReload (229)
[2017.04.17-21.24.55:344][929]LogModuleManager: Shutting down and abandoning module ContentBrowser (225)
[2017.04.17-21.24.55:344][929]LogModuleManager: Shutting down and abandoning module PhysXVehiclesEditor (222)
[2017.04.17-21.24.55:344][929]LogModuleManager: Shutting down and abandoning module PhysXVehicles (220)
[2017.04.17-21.24.55:344][929]LogModuleManager: Shutting down and abandoning module LocationServicesBPLibrary (218)
[2017.04.17-21.24.55:344][929]LogModuleManager: Shutting down and abandoning module UdpMessaging (216)
[2017.04.17-21.24.55:444][929]LogModuleManager: Shutting down and abandoning module TcpMessaging (214)
[2017.04.17-21.24.55:544][929]LogModuleManager: Shutting down and abandoning module GameplayTagsEditor (212)
[2017.04.17-21.24.55:544][929]LogModuleManager: Shutting down and abandoning module FacialAnimationEditor (210)
[2017.04.17-21.24.55:544][929]LogModuleManager: Shutting down and abandoning module FacialAnimation (208)
[2017.04.17-21.24.55:544][929]LogModuleManager: Shutting down and abandoning module LightPropagationVolumeRuntime (206)
[2017.04.17-21.24.55:544][929]LogModuleManager: Shutting down and abandoning module Paper2D (204)
[2017.04.17-21.24.55:544][929]LogModuleManager: Shutting down and abandoning module WindowsMoviePlayer (202)
[2017.04.17-21.24.55:544][929]LogModuleManager: Shutting down and abandoning module WmfMedia (200)
[2017.04.17-21.24.55:545][929]LogModuleManager: Shutting down and abandoning module MfMedia (198)
[2017.04.17-21.24.55:545][929]LogModuleManager: Shutting down and abandoning module MediaAssets (196)
[2017.04.17-21.24.55:545][929]LogModuleManager: Shutting down and abandoning module GameLiveStreaming (194)
[2017.04.17-21.24.55:545][929]LogModuleManager: Shutting down and abandoning module VREditor (192)
[2017.04.17-21.24.55:545][929]LogModuleManager: Shutting down and abandoning module GameplayTasksEditor (190)
[2017.04.17-21.24.55:545][929]LogModuleManager: Shutting down and abandoning module BehaviorTreeEditor (188)
[2017.04.17-21.24.55:545][929]LogModuleManager: Shutting down and abandoning module FunctionalTesting (186)
[2017.04.17-21.24.55:545][929]LogModuleManager: Shutting down and abandoning module CollisionAnalyzer (184)
[2017.04.17-21.24.55:545][929]LogModuleManager: Shutting down and abandoning module UMG (182)
[2017.04.17-21.24.55:545][929]LogModuleManager: Shutting down and abandoning module UMGEditor (181)
[2017.04.17-21.24.55:545][929]LogModuleManager: Shutting down and abandoning module Sequencer (180)
[2017.04.17-21.24.55:545][929]LogModuleManager: Shutting down and abandoning module AssetTools (178)
[2017.04.17-21.24.55:545][929]LogModuleManager: Shutting down and abandoning module MessageLog (177)
[2017.04.17-21.24.55:545][929]LogModuleManager: Shutting down and abandoning module WorkspaceMenuStructure (176)
[2017.04.17-21.24.55:545][929]LogModuleManager: Shutting down and abandoning module SlateReflector (170)
[2017.04.17-21.24.55:545][929]LogModuleManager: Shutting down and abandoning module Slate (168)
[2017.04.17-21.24.55:545][929]LogModuleManager: Shutting down and abandoning module EditorStyle (166)
[2017.04.17-21.24.55:547][929]LogModuleManager: Shutting down and abandoning module SourceCodeAccess (164)
[2017.04.17-21.24.55:547][929]LogModuleManager: Shutting down and abandoning module HeadMountedDisplay (162)
[2017.04.17-21.24.55:547][929]LogModuleManager: Shutting down and abandoning module XAudio2 (160)
[2017.04.17-21.24.55:547][929]LogModuleManager: Shutting down and abandoning module Networking (158)
[2017.04.17-21.24.55:547][929]LogModuleManager: Shutting down and abandoning module Core (154)
[2017.04.17-21.24.55:547][929]LogModuleManager: Shutting down and abandoning module AssetRegistry (152)
[2017.04.17-21.24.55:720][929]LogDirectoryWatcher: A directory notification for '../../../Engine/Content/' was aborted.
[2017.04.17-21.24.55:720][929]LogDirectoryWatcher: A directory notification for '../../../../Users/Spiffy/Documents/Unreal Projects/mechatantrum 4.15/Content/' was aborted.
[2017.04.17-21.24.55:721][929]LogDirectoryWatcher: A directory notification for '../../../Engine/Plugins/2D/Paper2D/Content/' was aborted.
[2017.04.17-21.24.55:721][929]LogModuleManager: Shutting down and abandoning module DirectoryWatcher (151)
[2017.04.17-21.24.55:721][929]LogModuleManager: Shutting down and abandoning module KismetCompiler (148)
[2017.04.17-21.24.55:721][929]LogModuleManager: Shutting down and abandoning module PhysXFormats (146)
[2017.04.17-21.24.55:721][929]LogModuleManager: Shutting down and abandoning module MeshUtilities (144)
[2017.04.17-21.24.55:721][929]LogModuleManager: Shutting down and abandoning module SimplygonSwarm (143)
[2017.04.17-21.24.55:721][929]LogModuleManager: Shutting down and abandoning module SimplygonMeshReduction (141)
[2017.04.17-21.24.55:721][929]LogModuleManager: Shutting down and abandoning module QuadricMeshReduction (139)
[2017.04.17-21.24.55:721][929]LogModuleManager: Shutting down and abandoning module PropertyEditor (137)
[2017.04.17-21.24.55:721][929]LogModuleManager: Shutting down and abandoning module DerivedDataCache (134)
[2017.04.17-21.24.55:722][929]LogDerivedDataCache: Shutdown
[2017.04.17-21.24.55:722][929]LogModuleManager: Shutting down and abandoning module TargetPlatform (132)
[2017.04.17-21.24.55:722][929]LogModuleManager: Shutting down and abandoning module VulkanShaderFormat (131)
[2017.04.17-21.24.55:722][929]LogModuleManager: Shutting down and abandoning module ShaderFormatOpenGL (129)
[2017.04.17-21.24.55:722][929]LogModuleManager: Shutting down and abandoning module ShaderFormatD3D (127)
[2017.04.17-21.24.55:722][929]LogModuleManager: Shutting down and abandoning module MetalShaderFormat (125)
[2017.04.17-21.24.55:722][929]LogModuleManager: Shutting down and abandoning module TextureFormatUncompressed (123)
[2017.04.17-21.24.55:722][929]LogModuleManager: Shutting down and abandoning module TextureFormatPVR (121)
[2017.04.17-21.24.55:722][929]LogModuleManager: Shutting down and abandoning module TextureFormatDXT (119)
[2017.04.17-21.24.55:722][929]LogModuleManager: Shutting down and abandoning module TextureFormatIntelISPCTexComp (117)
[2017.04.17-21.24.55:722][929]LogModuleManager: Shutting down and abandoning module TextureFormatASTC (115)
[2017.04.17-21.24.55:722][929]LogModuleManager: Shutting down and abandoning module ImageWrapper (114)
[2017.04.17-21.24.55:722][929]LogModuleManager: Shutting down and abandoning module TextureFormatAndroid (111)
[2017.04.17-21.24.55:722][929]LogModuleManager: Shutting down and abandoning module AudioFormatOpus (109)
[2017.04.17-21.24.55:722][929]LogModuleManager: Shutting down and abandoning module AudioFormatOgg (107)
[2017.04.17-21.24.55:722][929]LogModuleManager: Shutting down and abandoning module AudioFormatADPCM (105)
[2017.04.17-21.24.55:722][929]LogModuleManager: Shutting down and abandoning module LinuxTargetPlatform (103)
[2017.04.17-21.24.55:722][929]LogModuleManager: Shutting down and abandoning module LinuxServerTargetPlatform (101)
[2017.04.17-21.24.55:722][929]LogModuleManager: Shutting down and abandoning module LinuxNoEditorTargetPlatform (99)
[2017.04.17-21.24.55:722][929]LogModuleManager: Shutting down and abandoning module LinuxClientTargetPlatform (97)
[2017.04.17-21.24.55:722][929]LogModuleManager: Shutting down and abandoning module TVOSTargetPlatform (95)
[2017.04.17-21.24.55:722][929]LogModuleManager: Shutting down and abandoning module Messaging (93)
[2017.04.17-21.24.55:722][929]LogModuleManager: Shutting down and abandoning module IOSTargetPlatform (91)
[2017.04.17-21.24.55:722][929]LogModuleManager: Shutting down and abandoning module HTML5TargetPlatform (89)
[2017.04.17-21.24.55:722][929]LogModuleManager: Shutting down and abandoning module Android_PVRTCTargetPlatform (87)
[2017.04.17-21.24.55:722][929]LogModuleManager: Shutting down and abandoning module Android_MultiTargetPlatform (85)
[2017.04.17-21.24.55:722][929]LogModuleManager: Shutting down and abandoning module Android_ETC2TargetPlatform (83)
[2017.04.17-21.24.55:722][929]LogModuleManager: Shutting down and abandoning module Android_ETC1TargetPlatform (81)
[2017.04.17-21.24.55:722][929]LogModuleManager: Shutting down and abandoning module Android_DXTTargetPlatform (79)
[2017.04.17-21.24.55:722][929]LogModuleManager: Shutting down and abandoning module Android_ATCTargetPlatform (77)
[2017.04.17-21.24.55:722][929]LogModuleManager: Shutting down and abandoning module Android_ASTCTargetPlatform (75)
[2017.04.17-21.24.55:722][929]LogModuleManager: Shutting down and abandoning module AndroidTargetPlatform (73)
[2017.04.17-21.24.55:722][929]LogModuleManager: Shutting down and abandoning module WindowsTargetPlatform (71)
[2017.04.17-21.24.55:722][929]LogModuleManager: Shutting down and abandoning module WindowsServerTargetPlatform (69)
[2017.04.17-21.24.55:722][929]LogModuleManager: Shutting down and abandoning module WindowsNoEditorTargetPlatform (67)
[2017.04.17-21.24.55:722][929]LogModuleManager: Shutting down and abandoning module WindowsClientTargetPlatform (65)
[2017.04.17-21.24.55:722][929]LogModuleManager: Shutting down and abandoning module MacTargetPlatform (63)
[2017.04.17-21.24.55:722][929]LogModuleManager: Shutting down and abandoning module MacServerTargetPlatform (61)
[2017.04.17-21.24.55:722][929]LogModuleManager: Shutting down and abandoning module MacNoEditorTargetPlatform (59)
[2017.04.17-21.24.55:722][929]LogModuleManager: Shutting down and abandoning module MacClientTargetPlatform (57)
[2017.04.17-21.24.55:722][929]LogModuleManager: Shutting down and abandoning module AllDesktopTargetPlatform (55)
[2017.04.17-21.24.55:722][929]LogModuleManager: Shutting down and abandoning module InputCore (52)
[2017.04.17-21.24.55:722][929]LogModuleManager: Shutting down and abandoning module Settings (50)
[2017.04.17-21.24.55:722][929]LogModuleManager: Shutting down and abandoning module OculusRift (48)
[2017.04.17-21.24.55:722][929]LogModuleManager: Shutting down and abandoning module GearVR (46)
[2017.04.17-21.24.55:722][929]LogModuleManager: Shutting down and abandoning module ExampleDeviceProfileSelector (44)
[2017.04.17-21.24.55:722][929]LogModuleManager: Shutting down and abandoning module OnlineBlueprintSupport (42)
[2017.04.17-21.24.55:722][929]LogModuleManager: Shutting down and abandoning module OnlineSubsystem (38)
[2017.04.17-21.24.55:723][929]LogOnline:Display: Unloading online subsystem: NULL
[2017.04.17-21.24.55:723][929]LogModuleManager: Shutting down and abandoning module XMPP (37)
[2017.04.17-21.24.55:723][929]LogModuleManager: Shutting down and abandoning module HTTP (35)
[2017.04.17-21.24.55:723][929]LogHttp:Display: Http module shutting down, but needs to wait on 1 outstanding Http requests:
[2017.04.17-21.24.55:723][929]LogHttp:Display: 	verb=[POST] url=[https://datarouter.ol.epicgames.com/datarouter/api/v1/public/data?SessionID=%7BB327A8AC-4EA6-73A5-77FF-EB90FC497543%7D&AppID=UEEditor.Rocket.Release&AppVersion=4.15.1-3348071%2B%2B%2BUE4%2BRelease-4.15&UserID=73d839b2458990c5dc201da40665695c%7Cf244e915a4b74d6ba53216f36c9c31e0%7Ccc94388d-76cf-4ebc-a030-b1bb4f2223d9&AppEnvironment=datacollector-binary&UploadType=eteventstream] status=Processing
[2017.04.17-21.24.55:754][929]LogModuleManager: Shutting down and abandoning module SSL (34)
[2017.04.17-21.24.55:755][929]LogModuleManager: Shutting down and abandoning module AudioEditor (30)
[2017.04.17-21.24.55:755][929]LogModuleManager: Shutting down and abandoning module TextureCompressor (28)
[2017.04.17-21.24.55:755][929]LogModuleManager: Shutting down and abandoning module ShaderCore (26)
[2017.04.17-21.24.55:755][929]LogModuleManager: Shutting down and abandoning module Landscape (24)
[2017.04.17-21.24.55:755][929]LogModuleManager: Shutting down and abandoning module SlateRHIRenderer (22)
[2017.04.17-21.24.55:756][929]LogModuleManager: Shutting down and abandoning module OpenGLDrv (20)
[2017.04.17-21.24.55:757][929]LogModuleManager: Shutting down and abandoning module D3D11RHI (18)
[2017.04.17-21.24.55:757][929]LogModuleManager: Shutting down and abandoning module AnimGraphRuntime (16)
[2017.04.17-21.24.55:757][929]LogModuleManager: Shutting down and abandoning module Renderer (14)
[2017.04.17-21.24.55:757][929]LogModuleManager: Shutting down and abandoning module Engine (12)
[2017.04.17-21.24.55:757][929]LogModuleManager: Shutting down and abandoning module CoreUObject (10)
[2017.04.17-21.24.55:757][929]LogModuleManager: Shutting down and abandoning module NetworkFile (8)
[2017.04.17-21.24.55:757][929]LogModuleManager: Shutting down and abandoning module StreamingFile (6)
[2017.04.17-21.24.55:757][929]LogModuleManager: Shutting down and abandoning module SandboxFile (4)
[2017.04.17-21.24.55:757][929]LogModuleManager: Shutting down and abandoning module PakFile (2)
[2017.04.17-21.24.55:758][929]LogExit: Exiting.
[2017.04.17-21.24.55:759][929]Log file closed, 04/17/17 17:24:55
