Log file open, 04/17/17 23:56:58
LogInit:Display: Running engine for game: mechatantrum
LogPlatformFile: Not using cached read wrapper
LogInit:Display: RandInit(-1422297145) SRandInit(-1422297145).
LogTaskGraph: Started task graph with 5 named threads and 8 total threads with 1 sets of task threads.
LogStats: Stats thread started at 0.065370
LogInit: Using libcurl 7.47.1
LogInit:  - built for x86_64-pc-win32
LogInit:  - supports SSL with OpenSSL/1.0.2g
LogInit:  - supports HTTP deflate (compression) using libz 1.2.8
LogInit:  - other features:
LogInit:      CURL_VERSION_SSL
LogInit:      CURL_VERSION_LIBZ
LogInit:      CURL_VERSION_IPV6
LogInit:      CURL_VERSION_ASYNCHDNS
LogInit:      CURL_VERSION_LARGEFILE
LogInit:      CURL_VERSION_IDN
LogInit:  CurlRequestOptions (configurable via config and command line):
LogInit:  - bVerifyPeer = false  - Libcurl will NOT verify peer certificate
LogInit:  - bUseHttpProxy = false  - Libcurl will NOT use HTTP proxy
LogInit:  - bDontReuseConnections = false  - Libcurl will reuse connections
LogInit:  - CertBundlePath = nullptr  - Libcurl will use whatever was configured at build time.
LogInit: Build: ++UE4+Release-4.15-CL-3348071
LogInit: Engine Version: 4.15.1-3348071+++UE4+Release-4.15
LogInit: Compatible Engine Version: 4.15.0-3299760+++UE4+Release-4.15
LogInit: Net CL: 3299760
LogDevObjectVersion: Number of dev versions registered: 14
LogDevObjectVersion:   Dev-Blueprints (B0D832E4-1F89-4F0D-ACCF-7EB736FD4AA2): 8
LogDevObjectVersion:   Dev-Build (E1C64328-A22C-4D53-A36C-8E866417BD8C): 0
LogDevObjectVersion:   Dev-Core (375EC13C-06E4-48FB-B500-84F0262A717E): 2
LogDevObjectVersion:   Dev-Editor (E4B068ED-F494-42E9-A231-DA0B2E46BB41): 14
LogDevObjectVersion:   Dev-Framework (CFFC743F-43B0-4480-9391-14DF171D2073): 22
LogDevObjectVersion:   Dev-Mobile (B02B49B5-BB20-44E9-A304-32B752E40360): 0
LogDevObjectVersion:   Dev-Networking (A4E4105C-59A1-49B5-A7C5-40C4547EDFEE): 0
LogDevObjectVersion:   Dev-Online (39C831C9-5AE6-47DC-9A44-9C173E1C8E7C): 0
LogDevObjectVersion:   Dev-Physics (78F01B33-EBEA-4F98-B9B4-84EACCB95AA2): 0
LogDevObjectVersion:   Dev-Platform (6631380F-2D4D-43E0-8009-CF276956A95A): 0
LogDevObjectVersion:   Dev-Rendering (12F88B9F-8875-4AFC-A67C-D90C383ABD29): 12
LogDevObjectVersion:   Dev-Sequencer (7B5AE74C-D270-4C10-A958-57980B212A5A): 3
LogDevObjectVersion:   Dev-VR (D7296918-1DD6-4BDD-9DE2-64A83CC13884): 0
LogDevObjectVersion:   Dev-LoadTimes (C2A15278-BFE7-4AFE-6C17-90FF531DF755): 1
LogInit: Compiled (64-bit): Mar 15 2017 16:52:47
LogInit: Compiled with Visual C++: 19.00.23026.00
LogInit: Build Configuration: Development
LogInit: Branch Name: ++UE4+Release-4.15
LogInit: Command line:  
LogInit: Base directory: C:/UE_4.15/Engine/Binaries/Win64/
LogInit: Installed Engine Build: 1
LogInit: Presizing for max 8388607 objects, including 0 objects not considered by GC, pre-allocating 0 bytes for permanent pool.
LogInit: Object subsystem initialized
[2017.04.18-03.57.00:031][  0]LogInit: Selected Device Profile: [Windows]
[2017.04.18-03.57.00:031][  0]LogInit: Applying CVar settings loaded from the selected device profile: [Windows]
[2017.04.18-03.57.00:037][  0]LogInit: Computer: SPIFFY-PC
[2017.04.18-03.57.00:037][  0]LogInit: User: Spiffy
[2017.04.18-03.57.00:037][  0]LogInit: CPU Page size=65536, Cores=4
[2017.04.18-03.57.00:037][  0]LogInit: High frequency timer resolution =3.418046 MHz
[2017.04.18-03.57.00:038][  0]LogMemory: Memory total: Physical=16.0GB (16GB approx)
[2017.04.18-03.57.00:038][  0]LogMemory: Platform Memory Stats for Windows
[2017.04.18-03.57.00:038][  0]LogMemory: Process Physical Memory: 263.60 MB used, 263.60 MB peak
[2017.04.18-03.57.00:038][  0]LogMemory: Process Virtual Memory: 265.36 MB used, 265.36 MB peak
[2017.04.18-03.57.00:038][  0]LogMemory: Physical Memory: 6411.24 MB used,  9923.77 MB free, 16335.01 MB total
[2017.04.18-03.57.00:038][  0]LogMemory: Virtual Memory: 631.84 MB used,  9923.77 MB free, 8388608.00 MB total
[2017.04.18-03.57.00:105][  0]LogTextLocalizationManager: No specific translations for ('en-US') exist, so ('en') translations will be used.
[2017.04.18-03.57.00:600][  0]LogD3D11RHI: D3D11 adapters:
[2017.04.18-03.57.00:655][  0]LogD3D11RHI:    0. 'NVIDIA GeForce GTX 460' (Feature Level 11_0)
[2017.04.18-03.57.00:655][  0]LogD3D11RHI:       979/0/3072 MB DedicatedVideo/DedicatedSystem/SharedSystem, Outputs:1, VendorId:0x10de
[2017.04.18-03.57.00:655][  0]LogD3D11RHI: Chosen D3D11 Adapter: 0
[2017.04.18-03.57.00:659][  0]LogD3D11RHI: Creating new Direct3DDevice
[2017.04.18-03.57.00:659][  0]LogD3D11RHI:     GPU DeviceId: 0xe22 (for the marketing name, search the web for "GPU Device Id")
[2017.04.18-03.57.00:659][  0]LogWindows: EnumDisplayDevices:
[2017.04.18-03.57.00:659][  0]LogWindows:    0. 'NVIDIA GeForce GTX 460' (P:1 D:1)
[2017.04.18-03.57.00:659][  0]LogWindows:    1. 'NVIDIA GeForce GTX 460' (P:0 D:0)
[2017.04.18-03.57.00:659][  0]LogWindows:    2. 'RDPDD Chained DD' (P:0 D:0)
[2017.04.18-03.57.00:659][  0]LogWindows:    3. 'RDP Encoder Mirror Driver' (P:0 D:0)
[2017.04.18-03.57.00:659][  0]LogWindows:    4. 'RDP Reflector Display Driver' (P:0 D:0)
[2017.04.18-03.57.00:659][  0]LogWindows: DebugString: GetVideoDriverDetailsInvalid PrimaryIsNotTheChoosenAdapter GetVideoDriverDetailsInvalid PrimaryIsNotTheChoosenAdapter GetVideoDriverDetailsInvalid PrimaryIsNotTheChoosenAdapter FoundDriverCount:2 
[2017.04.18-03.57.00:659][  0]LogD3D11RHI:     Adapter Name: NVIDIA GeForce GTX 460
[2017.04.18-03.57.00:659][  0]LogD3D11RHI:   Driver Version: 353.06 (internal:9.18.13.5306, unified:353.06)
[2017.04.18-03.57.00:659][  0]LogD3D11RHI:      Driver Date: 5-27-2015
[2017.04.18-03.57.00:659][  0]LogRHI: Texture pool is 685 MB (70% of 979 MB)
[2017.04.18-03.57.00:666][  0]LogD3D11RHI:Warning: Timestamp queries are currently disabled on this hardware due to instability. Realtime GPU stats will not be available. You can override this behaviour by setting r.NVIDIATimestampWorkaround to 0
[2017.04.18-03.57.00:666][  0]LogD3D11RHI: NvAPI_D3D_GetCurrentSLIState failed: 0xfffffff7
[2017.04.18-03.57.00:666][  0]LogD3D11RHI: Async texture creation enabled
[2017.04.18-03.57.00:682][  0]LogD3D11RHI: GPU Timing Frequency: 1000.000000 (Debug: 2 2)
[2017.04.18-03.57.00:683][  0]LogShaderCompilers: Guid format shader working directory is 0 characters bigger than the processId version (../../../../Users/Spiffy/Desktop/mecha-tantrum/Intermediate/Shaders/WorkingDirectory/10040/).
[2017.04.18-03.57.00:683][  0]LogShaderCompilers: Cleaned the shader compiler working directory 'C:/Users/Spiffy/AppData/Local/Temp/UnrealShaderWorkingDir/EAC7ED0E4D771ABF0FB5D08943CEC402/'.
[2017.04.18-03.57.00:683][  0]LogShaderCompilers:Display: Using Local Shader Compiler.
[2017.04.18-03.57.01:565][  0]LogTemp:Display: Loaded TP AllDesktopTargetPlatform
[2017.04.18-03.57.01:610][  0]LogTemp:Display: Loaded TP MacClientTargetPlatform
[2017.04.18-03.57.01:655][  0]LogTemp:Display: Loaded TP MacNoEditorTargetPlatform
[2017.04.18-03.57.01:701][  0]LogTemp:Display: Loaded TP MacServerTargetPlatform
[2017.04.18-03.57.01:746][  0]LogTemp:Display: Loaded TP MacTargetPlatform
[2017.04.18-03.57.01:792][  0]LogTemp:Display: Loaded TP WindowsClientTargetPlatform
[2017.04.18-03.57.01:839][  0]LogTemp:Display: Loaded TP WindowsNoEditorTargetPlatform
[2017.04.18-03.57.01:884][  0]LogTemp:Display: Loaded TP WindowsServerTargetPlatform
[2017.04.18-03.57.01:920][  0]LogTemp:Display: Loaded TP WindowsTargetPlatform
[2017.04.18-03.57.01:966][  0]LogTemp:Display: Loaded TP AndroidTargetPlatform
[2017.04.18-03.57.02:011][  0]LogTemp:Display: Loaded TP Android_ASTCTargetPlatform
[2017.04.18-03.57.02:055][  0]LogTemp:Display: Loaded TP Android_ATCTargetPlatform
[2017.04.18-03.57.02:100][  0]LogTemp:Display: Loaded TP Android_DXTTargetPlatform
[2017.04.18-03.57.02:145][  0]LogTemp:Display: Loaded TP Android_ETC1TargetPlatform
[2017.04.18-03.57.02:190][  0]LogTemp:Display: Loaded TP Android_ETC2TargetPlatform
[2017.04.18-03.57.02:280][  0]LogTemp:Display: Loaded TP Android_MultiTargetPlatform
[2017.04.18-03.57.02:280][  0]LogTemp:Display: Loaded TP Android_PVRTCTargetPlatform
[2017.04.18-03.57.02:309][  0]LogTemp:Display: Loaded TP HTML5TargetPlatform
[2017.04.18-03.57.02:390][  0]LogTemp:Display: Loaded TP IOSTargetPlatform
[2017.04.18-03.57.02:421][  0]LogTemp:Display: Loaded TP TVOSTargetPlatform
[2017.04.18-03.57.02:466][  0]LogTemp:Display: Loaded TP LinuxClientTargetPlatform
[2017.04.18-03.57.02:512][  0]LogTemp:Display: Loaded TP LinuxNoEditorTargetPlatform
[2017.04.18-03.57.02:557][  0]LogTemp:Display: Loaded TP LinuxServerTargetPlatform
[2017.04.18-03.57.02:601][  0]LogTemp:Display: Loaded TP LinuxTargetPlatform
[2017.04.18-03.57.02:601][  0]LogTargetPlatformManager:Display: Building Assets For Windows
[2017.04.18-03.57.02:923][  0]LogDerivedDataCache:Display: Max Cache Size: 512 MB
[2017.04.18-03.57.02:966][  0]LogDerivedDataCache: Loaded boot cache 0.04s 50MB C:/Users/Spiffy/AppData/Local/UnrealEngine/4.15/DerivedDataCache/Boot.ddc.
[2017.04.18-03.57.02:966][  0]LogDerivedDataCache:Display: Loaded Boot cache: C:/Users/Spiffy/AppData/Local/UnrealEngine/4.15/DerivedDataCache/Boot.ddc
[2017.04.18-03.57.02:966][  0]LogDerivedDataCache: FDerivedDataBackendGraph:  Pak pak cache file ../../../../Users/Spiffy/Desktop/mecha-tantrum/DerivedDataCache/DDC.ddp not found, will not use a pak cache.
[2017.04.18-03.57.02:966][  0]LogDerivedDataCache: Unable to find inner node Pak for hierarchical cache Hierarchy.
[2017.04.18-03.57.02:966][  0]LogDerivedDataCache: FDerivedDataBackendGraph:  CompressedPak pak cache file ../../../../Users/Spiffy/Desktop/mecha-tantrum/DerivedDataCache/Compressed.ddp not found, will not use a pak cache.
[2017.04.18-03.57.02:966][  0]LogDerivedDataCache: Unable to find inner node CompressedPak for hierarchical cache Hierarchy.
[2017.04.18-03.57.02:982][  0]LogDerivedDataCache:Display: Pak cache opened for reading ../../../Engine/DerivedDataCache/Compressed.ddp.
[2017.04.18-03.57.02:993][  0]LogDerivedDataCache: Using Local data cache path C:/Users/Spiffy/AppData/Local/UnrealEngine/Common/DerivedDataCache: Writable
[2017.04.18-03.57.03:002][  0]LogSlate: Using Freetype 2.6.0
[2017.04.18-03.57.03:002][  0]LogSlate: SlateFontCache - WITH_FREETYPE: 1, WITH_HARFBUZZ: 1
[2017.04.18-03.57.03:002][  0]LogSlate: SlateFontCache - WITH_FREETYPE: 1, WITH_HARFBUZZ: 1
[2017.04.18-03.57.03:292][  0]LogInit: Selected Device Profile: [Windows]
[2017.04.18-03.57.03:295][  0]LogContentStreaming: Texture pool size is 0.00 MB
[2017.04.18-03.57.03:486][  0]LogMeshUtilities: Using QuadricMeshReduction for automatic static mesh reduction
[2017.04.18-03.57.03:519][  0]LogSimplygon: Simplygon DLL not present - disabling.
[2017.04.18-03.57.03:553][  0]LogMeshUtilities: Using SimplygonSwarm for distributed automatic mesh merging
[2017.04.18-03.57.03:553][  0]LogMeshUtilities: No automatic skeletal mesh reduction module available
[2017.04.18-03.57.03:553][  0]LogMeshUtilities: No automatic mesh merging module available
[2017.04.18-03.57.04:015][  0]LogNetVersion: GetLocalNetworkVersion: CL: 3299760, ProjectName: mechatantrum, ProjectVersion: , EngineNetworkVersion: 2, GameNetworkVersion: 0, NetworkChecksum: 194622132
[2017.04.18-03.57.04:054][  0]LogAssetRegistry: FAssetRegistry took 0.0198 seconds to start up
[2017.04.18-03.57.04:091][  0]LogPackageLocalizationCache: Processed 3 localized package path(s) for 2 prioritized culture(s) in 0.019737 seconds
[2017.04.18-03.57.04:096][  0]LogUObjectArray: 32493 objects as part of root set at end of initial load.
[2017.04.18-03.57.04:096][  0]LogUObjectAllocator: 7077032 out of 0 bytes used by permanent object pool.
[2017.04.18-03.57.04:096][  0]LogUObjectArray: CloseDisregardForGC: 0/0 objects in disregard for GC pool
[2017.04.18-03.57.04:143][  0]LogInit: WinSock: version 1.1 (2.2), MaxSocks=32767, MaxUdp=65467
[2017.04.18-03.57.05:405][  0]LogTcpMessaging: Initializing TcpMessaging bridge
[2017.04.18-03.57.05:435][  0]LogUdpMessaging: Initializing bridge on interface 0.0.0.0:0 to multicast group 230.0.0.1:6666.
[2017.04.18-03.57.05:800][  0]LogMaterial: Uniform references updated for custom material expression Custom.
[2017.04.18-03.57.06:111][  0]SourceControl: Info Source control is disabled
[2017.04.18-03.57.06:135][  0]SourceControl: Info Source control is disabled
[2017.04.18-03.57.06:174][  0]SourceControl: Info Source control is disabled
[2017.04.18-03.57.06:207][  0]SourceControl: Info Source control is disabled
[2017.04.18-03.57.06:441][  0]LogLinker:Warning: Can't find file '/Game/MTBlueprints/Blueprints/SideScrollerOverview'
[2017.04.18-03.57.06:441][  0]LogLinker:Warning: Can't find file '/Game/MTBlueprints/Blueprints/SideScrollerOverview'
[2017.04.18-03.57.06:441][  0]LogUObjectGlobals:Warning: Failed to find object 'Class /Game/MTBlueprints/Blueprints/SideScrollerOverview.SideScrollerOverview_C'
[2017.04.18-03.57.07:128][  0]LogEngine: Initializing Engine...
[2017.04.18-03.57.07:128][  0]LogHMD: Failed to initialize OpenVR with code 100
[2017.04.18-03.57.07:320][  0]LogAIModule: Creating AISystem for world Untitled
[2017.04.18-03.57.07:331][  0]LogInit: XAudio2 using 'Speakers (2- USB Audio Device)' : 2 channels at 44.1 kHz using 16 bits per sample (channel mask 0x3)
[2017.04.18-03.57.07:362][  0]LogInit: FAudioDevice initialized.
[2017.04.18-03.57.07:385][  0]LogDerivedDataCache: Saved boot cache 0.02s 50MB C:/Users/Spiffy/AppData/Local/UnrealEngine/4.15/DerivedDataCache/Boot.ddc.
[2017.04.18-03.57.07:388][  0]LogInit: Texture streaming: Enabled
[2017.04.18-03.57.07:456][  0]LogEngineSessionManager: EngineSessionManager initialized
[2017.04.18-03.57.07:519][  0]LogInit: Transaction tracking system initialized
[2017.04.18-03.57.07:767][  0]BlueprintLog: New page: Editor Load
[2017.04.18-03.57.08:399][  0]LocalizationService: Info Localization service is disabled
[2017.04.18-03.57.09:290][  0]LogConsoleResponse:Display: 
[2017.04.18-03.57.09:403][  0]LogCook:Display: Max memory allowance for cook 16384mb min free memory 0mb
[2017.04.18-03.57.09:403][  0]LogCook:Display: Mobile HDR setting 1
[2017.04.18-03.57.10:155][  0]LogFileCache: Scanning file cache for directory 'C:/Users/Spiffy/Desktop/mecha-tantrum/Content/' took 0.01s
[2017.04.18-03.57.10:155][  0]SourceControl: Info Source control is disabled
[2017.04.18-03.57.10:155][  0]Cmd: MAP LOAD FILE="../../../../Users/Spiffy/Desktop/mecha-tantrum/Content/MTBlueprints/Maps/SideScrollerExampleMap.umap" TEMPLATE=0 SHOWPROGRESS=1 FEATURELEVEL=3
[2017.04.18-03.57.10:155][  0]LogEditorServer:Warning: Can't find file '../../../../Users/Spiffy/Desktop/mecha-tantrum/Content/MTBlueprints/Maps/SideScrollerExampleMap.umap'
[2017.04.18-03.57.10:155][  0]Cmd: MAP CHECKDEP NOCLEARLOG
[2017.04.18-03.57.10:181][  0]MapCheck: Info Map check complete: 0 Error(s), 0 Warning(s), took 25.946ms to complete.
[2017.04.18-03.57.10:181][  0]LogFileHelpers: Loading map 'SideScrollerExampleMap' took 0.026
[2017.04.18-03.57.10:359][  0]LogCollectionManager: Loaded 0 collections in 0.001238 seconds
[2017.04.18-03.57.10:423][  0]LogFileCache: Scanning file cache for directory 'C:/Users/Spiffy/Desktop/mecha-tantrum/Saved/Collections/' took 0.01s
[2017.04.18-03.57.10:423][  0]LogFileCache: Scanning file cache for directory 'C:/Users/Spiffy/Desktop/mecha-tantrum/Content/Developers/Spiffy/Collections/' took 0.01s
[2017.04.18-03.57.10:423][  0]LogFileCache: Scanning file cache for directory 'C:/Users/Spiffy/Desktop/mecha-tantrum/Content/Collections/' took 0.01s
[2017.04.18-03.57.10:423][  0]LogCollectionManager: Rebuilt the GUID cache for 0 collections in 0.000002 seconds
[2017.04.18-03.57.10:431][  0]LogContentBrowser: Native class hierarchy populated in 0.0080 seconds. Added 2245 classes and 453 folders.
[2017.04.18-03.57.10:434][  0]LogStats: UGameplayTagsManager::ConstructGameplayTagTree: Construct from data asset -  0.000 s
[2017.04.18-03.57.10:434][  0]LogStats: UGameplayTagsManager::ConstructGameplayTagTree: GameplayTagTreeChangedEvent.Broadcast -  0.000 s
[2017.04.18-03.57.10:480][  0]LogContentBrowser: Native class hierarchy updated for 'WidgetCarousel' in 0.0005 seconds. Added 0 classes and 0 folders.
[2017.04.18-03.57.10:509][  0]LogContentBrowser: Native class hierarchy updated for 'AddContentDialog' in 0.0004 seconds. Added 0 classes and 0 folders.
[2017.04.18-03.57.10:543][  0]LogContentBrowser: Native class hierarchy updated for 'SceneOutliner' in 0.0005 seconds. Added 1 classes and 2 folders.
[2017.04.18-03.57.10:624][  0]LogCrashTracker: Crashtracker disabled due to settings.
[2017.04.18-03.57.10:629][  0]LogUObjectGlobals:Warning: Failed to find object 'Class None.'
[2017.04.18-03.57.10:681][  0]LogContentBrowser: Native class hierarchy updated for 'HierarchicalLODOutliner' in 0.0005 seconds. Added 1 classes and 2 folders.
[2017.04.18-03.57.10:681][  0]LogLoad: (Engine Initialization) Total time: 12.54 seconds
[2017.04.18-03.57.10:681][  0]LogLoad: (Engine Initialization) Total Blueprint compile time: 0.03 seconds
[2017.04.18-03.57.10:681][  0]LogExternalProfiler: Found external profiler: VSPerf
[2017.04.18-03.57.10:681][  0]LogExternalProfiler: Using external profiler: VSPerf
[2017.04.18-03.57.11:020][  0]LogOcInput: OculusInput pre-init called
[2017.04.18-03.57.11:038][  0]LogContentStreaming: Texture pool size now 600 MB
[2017.04.18-03.57.11:039][  0]LogSlate: Took 0.000166 seconds to synchronously load lazily loaded font '../../../Engine/Content/Slate/Fonts/Roboto-Regular.ttf' (155K)
[2017.04.18-03.57.11:042][  0]LogSlate: Took 0.000123 seconds to synchronously load lazily loaded font '../../../Engine/Content/Slate/Fonts/Roboto-Bold.ttf' (160K)
[2017.04.18-03.57.11:048][  0]LogSlate: Took 0.000125 seconds to synchronously load lazily loaded font '../../../Engine/Content/Editor/Slate/Fonts/FontAwesome.ttf' (139K)
[2017.04.18-03.57.11:171][  0]LogRenderer: Reallocating scene render targets to support 900x532 NumSamples 1 (Frame:2).
[2017.04.18-03.57.11:207][  0]LogSlate: Took 0.000163 seconds to synchronously load lazily loaded font '../../../Engine/Content/Slate/Fonts/Roboto-Light.ttf' (159K)
[2017.04.18-03.57.11:356][  1]LogAssetRegistry: Asset discovery search completed in 7.3227 seconds
[2017.04.18-03.57.11:356][  1]LogCollectionManager: Rebuilt the object cache for 0 collections in 0.000003 seconds (found 0 objects)
[2017.04.18-03.57.11:356][  1]LogCollectionManager: Fixed up redirectors for 0 collections in 0.000023 seconds (updated 0 objects)
[2017.04.18-03.57.22:429][427]LogSlate: Took 0.000139 seconds to synchronously load lazily loaded font '../../../Engine/Content/Slate/Fonts/Roboto-Light.ttf' (159K)
[2017.04.18-03.57.22:600][427]LogBlueprint:Warning: [Compiler climbvolume] Warning 'Mecha Character' does not inherit from 'Player Controller' ( Cast To MechaCharacter  would always fail).
[2017.04.18-03.57.22:600][427]LogBlueprint:Warning: [Compiler climbvolume] Warning 'Mecha Character' does not inherit from 'Player Controller' ( Cast To MechaCharacter  would always fail).
[2017.04.18-03.57.22:601][427]LogBlueprint:Warning: [Compiler climbvolume] Warning [0024.46] Compile of climbvolume successful, but with 2 Warning(s) [in 2 ms] (/Game/MT_Stuff/Blueprints/climbvolume.climbvolume)
[2017.04.18-03.57.22:602][427]LogBlueprint:Warning: [Compiler climbvolume] Warning [0024.46] Compile of climbvolume successful, but with 3 Warning(s) [in 0 ms] (/Game/MT_Stuff/Blueprints/climbvolume.climbvolume)
[2017.04.18-03.57.22:602][427]LogBlueprint:Warning: [Compiler climbvolume] Warning [0024.46] Compile of climbvolume successful, but with 4 Warning(s) [in 0 ms] (/Game/MT_Stuff/Blueprints/climbvolume.climbvolume)
[2017.04.18-03.57.22:603][427]LogBlueprint:Warning: [Compiler climbvolume] Warning 'Mecha Character' does not inherit from 'Player Controller' ( Cast To MechaCharacter  would always fail).
[2017.04.18-03.57.22:603][427]LogBlueprint:Warning: [Compiler climbvolume] Warning 'Mecha Character' does not inherit from 'Player Controller' ( Cast To MechaCharacter  would always fail).
[2017.04.18-03.57.22:605][427]LogBlueprint:Warning: [Compiler climbvolume] Warning [0024.46] Compile of climbvolume successful, but with 2 Warning(s) [in 2 ms] (/Game/MT_Stuff/Blueprints/climbvolume.climbvolume)
[2017.04.18-03.57.22:605][427]LogBlueprint:Warning: [Compiler climbvolume] Warning [0024.46] Compile of climbvolume successful, but with 3 Warning(s) [in 0 ms] (/Game/MT_Stuff/Blueprints/climbvolume.climbvolume)
[2017.04.18-03.57.22:605][427]LogBlueprint:Warning: [Compiler climbvolume] Warning [0024.46] Compile of climbvolume successful, but with 4 Warning(s) [in 0 ms] (/Game/MT_Stuff/Blueprints/climbvolume.climbvolume)
[2017.04.18-03.57.22:762][427]LogAIModule: Creating AISystem for world MT_mainlevel
[2017.04.18-03.57.22:793][427]Cmd: MAP LOAD FILE="../../../../Users/Spiffy/Desktop/mecha-tantrum/Content/MT_Stuff/Maps/MT_mainlevel.umap" TEMPLATE=0 SHOWPROGRESS=1 FEATURELEVEL=3
[2017.04.18-03.57.22:793][427]LightingResults: New page: Lighting Build
[2017.04.18-03.57.22:824][427]LogContentBrowser: Native class hierarchy updated for 'StatsViewer' in 0.0004 seconds. Added 5 classes and 0 folders.
[2017.04.18-03.57.22:825][427]LoadErrors: New page: Loading map: MT_mainlevel.umap
[2017.04.18-03.57.22:825][427]MapCheck: New page: Map Check
[2017.04.18-03.57.22:825][427]LightingResults: New page: Lighting Build
[2017.04.18-03.57.22:906][427]LogEditorServer: Finished looking for orphan Actors (0.000 secs)
[2017.04.18-03.57.22:924][427]Cmd: MAP CHECKDEP NOCLEARLOG
[2017.04.18-03.57.22:956][427]MapCheck: Info Map check complete: 0 Error(s), 0 Warning(s), took 32.325ms to complete.
[2017.04.18-03.57.22:956][427]LogFileHelpers: Loading map 'MT_mainlevel' took 0.164
