Log file open, 04/06/17 22:37:29
LogInit:Display: Running engine for game: mechatantrum
LogPlatformFile: Not using cached read wrapper
LogInit:Display: RandInit(215889775) SRandInit(215889775).
LogTaskGraph: Started task graph with 5 named threads and 8 total threads with 1 sets of task threads.
LogStats: Stats thread started at 0.073011
LogInit: Using libcurl 7.47.1
LogInit:  - built for x86_64-pc-win32
LogInit:  - supports SSL with OpenSSL/1.0.2g
LogInit:  - supports HTTP deflate (compression) using libz 1.2.8
LogInit:  - other features:
LogInit:      CURL_VERSION_SSL
LogInit:      CURL_VERSION_LIBZ
LogInit:      CURL_VERSION_IPV6
LogInit:      CURL_VERSION_ASYNCHDNS
LogInit:      CURL_VERSION_LARGEFILE
LogInit:      CURL_VERSION_IDN
LogInit:  CurlRequestOptions (configurable via config and command line):
LogInit:  - bVerifyPeer = false  - Libcurl will NOT verify peer certificate
LogInit:  - bUseHttpProxy = false  - Libcurl will NOT use HTTP proxy
LogInit:  - bDontReuseConnections = false  - Libcurl will reuse connections
LogInit:  - CertBundlePath = nullptr  - Libcurl will use whatever was configured at build time.
LogInit: Build: ++UE4+Release-4.15-CL-3348071
LogInit: Engine Version: 4.15.1-3348071+++UE4+Release-4.15
LogInit: Compatible Engine Version: 4.15.0-3299760+++UE4+Release-4.15
LogInit: Net CL: 3299760
LogDevObjectVersion: Number of dev versions registered: 14
LogDevObjectVersion:   Dev-Blueprints (B0D832E4-1F89-4F0D-ACCF-7EB736FD4AA2): 8
LogDevObjectVersion:   Dev-Build (E1C64328-A22C-4D53-A36C-8E866417BD8C): 0
LogDevObjectVersion:   Dev-Core (375EC13C-06E4-48FB-B500-84F0262A717E): 2
LogDevObjectVersion:   Dev-Editor (E4B068ED-F494-42E9-A231-DA0B2E46BB41): 14
LogDevObjectVersion:   Dev-Framework (CFFC743F-43B0-4480-9391-14DF171D2073): 22
LogDevObjectVersion:   Dev-Mobile (B02B49B5-BB20-44E9-A304-32B752E40360): 0
LogDevObjectVersion:   Dev-Networking (A4E4105C-59A1-49B5-A7C5-40C4547EDFEE): 0
LogDevObjectVersion:   Dev-Online (39C831C9-5AE6-47DC-9A44-9C173E1C8E7C): 0
LogDevObjectVersion:   Dev-Physics (78F01B33-EBEA-4F98-B9B4-84EACCB95AA2): 0
LogDevObjectVersion:   Dev-Platform (6631380F-2D4D-43E0-8009-CF276956A95A): 0
LogDevObjectVersion:   Dev-Rendering (12F88B9F-8875-4AFC-A67C-D90C383ABD29): 12
LogDevObjectVersion:   Dev-Sequencer (7B5AE74C-D270-4C10-A958-57980B212A5A): 3
LogDevObjectVersion:   Dev-VR (D7296918-1DD6-4BDD-9DE2-64A83CC13884): 0
LogDevObjectVersion:   Dev-LoadTimes (C2A15278-BFE7-4AFE-6C17-90FF531DF755): 1
LogInit: Compiled (64-bit): Mar 15 2017 16:52:47
LogInit: Compiled with Visual C++: 19.00.23026.00
LogInit: Build Configuration: Development
LogInit: Branch Name: ++UE4+Release-4.15
LogInit: Command line:  
LogInit: Base directory: C:/UE_4.15/Engine/Binaries/Win64/
LogInit: Installed Engine Build: 1
LogInit: Presizing for max 8388607 objects, including 0 objects not considered by GC, pre-allocating 0 bytes for permanent pool.
LogInit: Object subsystem initialized
[2017.04.07-02.37.30:847][  0]LogInit: Selected Device Profile: [Windows]
[2017.04.07-02.37.30:847][  0]LogInit: Applying CVar settings loaded from the selected device profile: [Windows]
[2017.04.07-02.37.30:854][  0]LogInit: Computer: SPIFFY-PC
[2017.04.07-02.37.30:854][  0]LogInit: User: Spiffy
[2017.04.07-02.37.30:854][  0]LogInit: CPU Page size=65536, Cores=4
[2017.04.07-02.37.30:854][  0]LogInit: High frequency timer resolution =3.418037 MHz
[2017.04.07-02.37.30:854][  0]LogMemory: Memory total: Physical=16.0GB (16GB approx)
[2017.04.07-02.37.30:854][  0]LogMemory: Platform Memory Stats for Windows
[2017.04.07-02.37.30:854][  0]LogMemory: Process Physical Memory: 265.29 MB used, 265.29 MB peak
[2017.04.07-02.37.30:854][  0]LogMemory: Process Virtual Memory: 265.41 MB used, 265.41 MB peak
[2017.04.07-02.37.30:854][  0]LogMemory: Physical Memory: 8076.39 MB used,  8258.63 MB free, 16335.01 MB total
[2017.04.07-02.37.30:854][  0]LogMemory: Virtual Memory: 631.84 MB used,  8258.63 MB free, 8388608.00 MB total
[2017.04.07-02.37.30:920][  0]LogTextLocalizationManager: No specific translations for ('en-US') exist, so ('en') translations will be used.
[2017.04.07-02.37.31:449][  0]LogD3D11RHI: D3D11 adapters:
[2017.04.07-02.37.31:462][  0]LogD3D11RHI:    0. 'NVIDIA GeForce GTX 460' (Feature Level 11_0)
[2017.04.07-02.37.31:462][  0]LogD3D11RHI:       979/0/3072 MB DedicatedVideo/DedicatedSystem/SharedSystem, Outputs:1, VendorId:0x10de
[2017.04.07-02.37.31:462][  0]LogD3D11RHI: Chosen D3D11 Adapter: 0
[2017.04.07-02.37.31:465][  0]LogD3D11RHI: Creating new Direct3DDevice
[2017.04.07-02.37.31:465][  0]LogD3D11RHI:     GPU DeviceId: 0xe22 (for the marketing name, search the web for "GPU Device Id")
[2017.04.07-02.37.31:465][  0]LogWindows: EnumDisplayDevices:
[2017.04.07-02.37.31:466][  0]LogWindows:    0. 'NVIDIA GeForce GTX 460' (P:1 D:1)
[2017.04.07-02.37.31:466][  0]LogWindows:    1. 'NVIDIA GeForce GTX 460' (P:0 D:0)
[2017.04.07-02.37.31:466][  0]LogWindows:    2. 'RDPDD Chained DD' (P:0 D:0)
[2017.04.07-02.37.31:466][  0]LogWindows:    3. 'RDP Encoder Mirror Driver' (P:0 D:0)
[2017.04.07-02.37.31:466][  0]LogWindows:    4. 'RDP Reflector Display Driver' (P:0 D:0)
[2017.04.07-02.37.31:466][  0]LogWindows: DebugString: GetVideoDriverDetailsInvalid PrimaryIsNotTheChoosenAdapter GetVideoDriverDetailsInvalid PrimaryIsNotTheChoosenAdapter GetVideoDriverDetailsInvalid PrimaryIsNotTheChoosenAdapter FoundDriverCount:2 
[2017.04.07-02.37.31:466][  0]LogD3D11RHI:     Adapter Name: NVIDIA GeForce GTX 460
[2017.04.07-02.37.31:466][  0]LogD3D11RHI:   Driver Version: 353.06 (internal:9.18.13.5306, unified:353.06)
[2017.04.07-02.37.31:466][  0]LogD3D11RHI:      Driver Date: 5-27-2015
[2017.04.07-02.37.31:466][  0]LogRHI: Texture pool is 685 MB (70% of 979 MB)
[2017.04.07-02.37.31:473][  0]LogD3D11RHI:Warning: Timestamp queries are currently disabled on this hardware due to instability. Realtime GPU stats will not be available. You can override this behaviour by setting r.NVIDIATimestampWorkaround to 0
[2017.04.07-02.37.31:473][  0]LogD3D11RHI: NvAPI_D3D_GetCurrentSLIState failed: 0xfffffff7
[2017.04.07-02.37.31:473][  0]LogD3D11RHI: Async texture creation enabled
[2017.04.07-02.37.31:489][  0]LogD3D11RHI: GPU Timing Frequency: 1000.000000 (Debug: 2 2)
[2017.04.07-02.37.31:490][  0]LogShaderCompilers: Guid format shader working directory is -21 characters bigger than the processId version (../../../../Users/Spiffy/Documents/Unreal Projects/mechatantrum 4.15/Intermediate/Shaders/WorkingDirectory/3464/).
[2017.04.07-02.37.31:490][  0]LogShaderCompilers: Cleaned the shader compiler working directory 'C:/Users/Spiffy/AppData/Local/Temp/UnrealShaderWorkingDir/18225A98422CFB89747F7AAC22F021A5/'.
[2017.04.07-02.37.31:490][  0]LogShaderCompilers:Display: Using Local Shader Compiler.
[2017.04.07-02.37.32:383][  0]LogTemp:Display: Loaded TP AllDesktopTargetPlatform
[2017.04.07-02.37.32:430][  0]LogTemp:Display: Loaded TP MacClientTargetPlatform
[2017.04.07-02.37.32:475][  0]LogTemp:Display: Loaded TP MacNoEditorTargetPlatform
[2017.04.07-02.37.32:520][  0]LogTemp:Display: Loaded TP MacServerTargetPlatform
[2017.04.07-02.37.32:566][  0]LogTemp:Display: Loaded TP MacTargetPlatform
[2017.04.07-02.37.32:613][  0]LogTemp:Display: Loaded TP WindowsClientTargetPlatform
[2017.04.07-02.37.32:660][  0]LogTemp:Display: Loaded TP WindowsNoEditorTargetPlatform
[2017.04.07-02.37.32:706][  0]LogTemp:Display: Loaded TP WindowsServerTargetPlatform
[2017.04.07-02.37.32:741][  0]LogTemp:Display: Loaded TP WindowsTargetPlatform
[2017.04.07-02.37.32:786][  0]LogTemp:Display: Loaded TP AndroidTargetPlatform
[2017.04.07-02.37.32:830][  0]LogTemp:Display: Loaded TP Android_ASTCTargetPlatform
[2017.04.07-02.37.32:875][  0]LogTemp:Display: Loaded TP Android_ATCTargetPlatform
[2017.04.07-02.37.32:919][  0]LogTemp:Display: Loaded TP Android_DXTTargetPlatform
[2017.04.07-02.37.32:964][  0]LogTemp:Display: Loaded TP Android_ETC1TargetPlatform
[2017.04.07-02.37.33:008][  0]LogTemp:Display: Loaded TP Android_ETC2TargetPlatform
[2017.04.07-02.37.33:097][  0]LogTemp:Display: Loaded TP Android_MultiTargetPlatform
[2017.04.07-02.37.33:097][  0]LogTemp:Display: Loaded TP Android_PVRTCTargetPlatform
[2017.04.07-02.37.33:125][  0]LogTemp:Display: Loaded TP HTML5TargetPlatform
[2017.04.07-02.37.33:204][  0]LogTemp:Display: Loaded TP IOSTargetPlatform
[2017.04.07-02.37.33:234][  0]LogTemp:Display: Loaded TP TVOSTargetPlatform
[2017.04.07-02.37.33:278][  0]LogTemp:Display: Loaded TP LinuxClientTargetPlatform
[2017.04.07-02.37.33:323][  0]LogTemp:Display: Loaded TP LinuxNoEditorTargetPlatform
[2017.04.07-02.37.33:368][  0]LogTemp:Display: Loaded TP LinuxServerTargetPlatform
[2017.04.07-02.37.33:414][  0]LogTemp:Display: Loaded TP LinuxTargetPlatform
[2017.04.07-02.37.33:414][  0]LogTargetPlatformManager:Display: Building Assets For Windows
[2017.04.07-02.37.33:729][  0]LogDerivedDataCache:Display: Max Cache Size: 512 MB
[2017.04.07-02.37.33:774][  0]LogDerivedDataCache: Loaded boot cache 0.04s 50MB C:/Users/Spiffy/AppData/Local/UnrealEngine/4.15/DerivedDataCache/Boot.ddc.
[2017.04.07-02.37.33:774][  0]LogDerivedDataCache:Display: Loaded Boot cache: C:/Users/Spiffy/AppData/Local/UnrealEngine/4.15/DerivedDataCache/Boot.ddc
[2017.04.07-02.37.33:774][  0]LogDerivedDataCache: FDerivedDataBackendGraph:  Pak pak cache file ../../../../Users/Spiffy/Documents/Unreal Projects/mechatantrum 4.15/DerivedDataCache/DDC.ddp not found, will not use a pak cache.
[2017.04.07-02.37.33:774][  0]LogDerivedDataCache: Unable to find inner node Pak for hierarchical cache Hierarchy.
[2017.04.07-02.37.33:774][  0]LogDerivedDataCache: FDerivedDataBackendGraph:  CompressedPak pak cache file ../../../../Users/Spiffy/Documents/Unreal Projects/mechatantrum 4.15/DerivedDataCache/Compressed.ddp not found, will not use a pak cache.
[2017.04.07-02.37.33:774][  0]LogDerivedDataCache: Unable to find inner node CompressedPak for hierarchical cache Hierarchy.
[2017.04.07-02.37.33:791][  0]LogDerivedDataCache:Display: Pak cache opened for reading ../../../Engine/DerivedDataCache/Compressed.ddp.
[2017.04.07-02.37.33:801][  0]LogDerivedDataCache: Using Local data cache path C:/Users/Spiffy/AppData/Local/UnrealEngine/Common/DerivedDataCache: Writable
[2017.04.07-02.37.33:810][  0]LogSlate: Using Freetype 2.6.0
[2017.04.07-02.37.33:810][  0]LogSlate: SlateFontCache - WITH_FREETYPE: 1, WITH_HARFBUZZ: 1
[2017.04.07-02.37.33:810][  0]LogSlate: SlateFontCache - WITH_FREETYPE: 1, WITH_HARFBUZZ: 1
[2017.04.07-02.37.34:086][  0]LogInit: Selected Device Profile: [Windows]
[2017.04.07-02.37.34:089][  0]LogContentStreaming: Texture pool size is 0.00 MB
[2017.04.07-02.37.34:265][  0]LogMeshUtilities: Using QuadricMeshReduction for automatic static mesh reduction
[2017.04.07-02.37.34:296][  0]LogSimplygon: Simplygon DLL not present - disabling.
[2017.04.07-02.37.34:330][  0]LogMeshUtilities: Using SimplygonSwarm for distributed automatic mesh merging
[2017.04.07-02.37.34:330][  0]LogMeshUtilities: No automatic skeletal mesh reduction module available
[2017.04.07-02.37.34:330][  0]LogMeshUtilities: No automatic mesh merging module available
[2017.04.07-02.37.34:762][  0]LogNetVersion: GetLocalNetworkVersion: CL: 3299760, ProjectName: mechatantrum, ProjectVersion: , EngineNetworkVersion: 2, GameNetworkVersion: 0, NetworkChecksum: 194622132
[2017.04.07-02.37.34:800][  0]LogAssetRegistry: FAssetRegistry took 0.0196 seconds to start up
[2017.04.07-02.37.34:829][  0]LogPackageLocalizationCache: Processed 3 localized package path(s) for 2 prioritized culture(s) in 0.014086 seconds
[2017.04.07-02.37.34:834][  0]LogUObjectArray: 32493 objects as part of root set at end of initial load.
[2017.04.07-02.37.34:834][  0]LogUObjectAllocator: 7077024 out of 0 bytes used by permanent object pool.
[2017.04.07-02.37.34:834][  0]LogUObjectArray: CloseDisregardForGC: 0/0 objects in disregard for GC pool
[2017.04.07-02.37.34:878][  0]LogInit: WinSock: version 1.1 (2.2), MaxSocks=32767, MaxUdp=65467
[2017.04.07-02.37.36:081][  0]LogTcpMessaging: Initializing TcpMessaging bridge
[2017.04.07-02.37.36:111][  0]LogUdpMessaging: Initializing bridge on interface 0.0.0.0:0 to multicast group 230.0.0.1:6666.
[2017.04.07-02.37.36:468][  0]LogMaterial: Uniform references updated for custom material expression Custom.
[2017.04.07-02.37.36:769][  0]SourceControl: Info Source control is disabled
[2017.04.07-02.37.36:788][  0]SourceControl: Info Source control is disabled
[2017.04.07-02.37.36:822][  0]SourceControl: Info Source control is disabled
[2017.04.07-02.37.36:855][  0]SourceControl: Info Source control is disabled
[2017.04.07-02.37.37:077][  0]LogLinker:Warning: Can't find file '/Game/MTBlueprints/Blueprints/SideScrollerOverview'
[2017.04.07-02.37.37:077][  0]LogLinker:Warning: Can't find file '/Game/MTBlueprints/Blueprints/SideScrollerOverview'
[2017.04.07-02.37.37:077][  0]LogUObjectGlobals:Warning: Failed to find object 'Class /Game/MTBlueprints/Blueprints/SideScrollerOverview.SideScrollerOverview_C'
[2017.04.07-02.37.37:763][  0]LogEngine: Initializing Engine...
[2017.04.07-02.37.37:764][  0]LogHMD: Failed to initialize OpenVR with code 100
[2017.04.07-02.37.37:956][  0]LogAIModule: Creating AISystem for world Untitled
[2017.04.07-02.37.37:965][  0]LogInit: XAudio2 using 'Realtek Digital Output(Optical) (Realtek High Definition Audio)' : 2 channels at 48 kHz using 16 bits per sample (channel mask 0x3)
[2017.04.07-02.37.37:984][  0]LogInit: FAudioDevice initialized.
[2017.04.07-02.37.38:008][  0]LogDerivedDataCache: Saved boot cache 0.02s 50MB C:/Users/Spiffy/AppData/Local/UnrealEngine/4.15/DerivedDataCache/Boot.ddc.
[2017.04.07-02.37.38:013][  0]LogInit: Texture streaming: Enabled
[2017.04.07-02.37.38:080][  0]LogEngineSessionManager: EngineSessionManager initialized
[2017.04.07-02.37.38:144][  0]LogInit: Transaction tracking system initialized
[2017.04.07-02.37.38:394][  0]BlueprintLog: New page: Editor Load
[2017.04.07-02.37.39:030][  0]LocalizationService: Info Localization service is disabled
[2017.04.07-02.37.39:928][  0]LogConsoleResponse:Display: 
[2017.04.07-02.37.40:036][  0]LogCook:Display: Max memory allowance for cook 16384mb min free memory 0mb
[2017.04.07-02.37.40:036][  0]LogCook:Display: Mobile HDR setting 1
[2017.04.07-02.37.40:739][  0]LogFileCache: Scanning file cache for directory 'C:/Users/Spiffy/Documents/Unreal Projects/mechatantrum 4.15/Content/' took 0.01s
[2017.04.07-02.37.40:772][  0]SourceControl: Info Source control is disabled
[2017.04.07-02.37.40:772][  0]Cmd: MAP LOAD FILE="../../../../Users/Spiffy/Documents/Unreal Projects/mechatantrum 4.15/Content/MTBlueprints/Maps/SideScrollerExampleMap.umap" TEMPLATE=0 SHOWPROGRESS=1 FEATURELEVEL=3
[2017.04.07-02.37.40:772][  0]LogEditorServer:Warning: Can't find file '../../../../Users/Spiffy/Documents/Unreal Projects/mechatantrum 4.15/Content/MTBlueprints/Maps/SideScrollerExampleMap.umap'
[2017.04.07-02.37.40:772][  0]Cmd: MAP CHECKDEP NOCLEARLOG
[2017.04.07-02.37.40:798][  0]MapCheck: Info Map check complete: 0 Error(s), 0 Warning(s), took 26.576ms to complete.
[2017.04.07-02.37.40:798][  0]LogFileHelpers: Loading map 'SideScrollerExampleMap' took 0.027
[2017.04.07-02.37.40:971][  0]LogCollectionManager: Loaded 0 collections in 0.001235 seconds
[2017.04.07-02.37.41:035][  0]LogFileCache: Scanning file cache for directory 'C:/Users/Spiffy/Documents/Unreal Projects/mechatantrum 4.15/Saved/Collections/' took 0.01s
[2017.04.07-02.37.41:035][  0]LogFileCache: Scanning file cache for directory 'C:/Users/Spiffy/Documents/Unreal Projects/mechatantrum 4.15/Content/Developers/Spiffy/Collections/' took 0.01s
[2017.04.07-02.37.41:035][  0]LogFileCache: Scanning file cache for directory 'C:/Users/Spiffy/Documents/Unreal Projects/mechatantrum 4.15/Content/Collections/' took 0.01s
[2017.04.07-02.37.41:035][  0]LogCollectionManager: Rebuilt the GUID cache for 0 collections in 0.000002 seconds
[2017.04.07-02.37.41:044][  0]LogContentBrowser: Native class hierarchy populated in 0.0087 seconds. Added 2245 classes and 453 folders.
[2017.04.07-02.37.41:047][  0]LogStats: UGameplayTagsManager::ConstructGameplayTagTree: Construct from data asset -  0.000 s
[2017.04.07-02.37.41:047][  0]LogStats: UGameplayTagsManager::ConstructGameplayTagTree: GameplayTagTreeChangedEvent.Broadcast -  0.000 s
[2017.04.07-02.37.41:093][  0]LogContentBrowser: Native class hierarchy updated for 'WidgetCarousel' in 0.0005 seconds. Added 0 classes and 0 folders.
[2017.04.07-02.37.41:123][  0]LogContentBrowser: Native class hierarchy updated for 'AddContentDialog' in 0.0005 seconds. Added 0 classes and 0 folders.
[2017.04.07-02.37.41:165][  0]LogContentBrowser: Native class hierarchy updated for 'SceneOutliner' in 0.0005 seconds. Added 1 classes and 2 folders.
[2017.04.07-02.37.41:251][  0]LogCrashTracker: Crashtracker disabled due to settings.
[2017.04.07-02.37.42:172][  0]LogSlate: Only BGRA pngs, bmps or icos are supported in by External Image Picker
[2017.04.07-02.37.42:197][  0]LogTemp:Display: Executing iPhonePackager certificates Engine -bundlename com.YourCompany.mechatantrum

[2017.04.07-02.37.42:197][  0]LogTemp:Display: CWD: C:\UE_4.15\Engine\Binaries\DotNET\IOS

[2017.04.07-02.37.42:197][  0]LogTemp:Display: Initial Dir: C:\UE_4.15

[2017.04.07-02.37.42:197][  0]LogTemp:Display: Env CWD: C:\UE_4.15\Engine\Binaries\DotNET\IOS

[2017.04.07-02.37.42:197][  0]LogUObjectGlobals:Warning: Failed to find object 'Class None.'
[2017.04.07-02.37.42:209][  0]LogTemp:Display: BranchPath = SPIFFY-PC/C/UE_4.15/Engine/Binaries --- GameBranchPath = SPIFFY-PC/C/UE_4.15/Engine/Binaries

[2017.04.07-02.37.42:209][  0]LogTemp:Display: IPP ERROR: Application exception: System.IO.DirectoryNotFoundException: Could not find a part of the path 'C:\Users\Spiffy\AppData\Local\Apple Computer\MobileDevice\Provisioning Profiles'.

[2017.04.07-02.37.42:209][  0]LogTemp:Display:    at System.IO.__Error.WinIOError(Int32 errorCode, String maybeFullPath)

[2017.04.07-02.37.42:209][  0]LogTemp:Display:    at System.IO.FileSystemEnumerableIterator`1.CommonInit()

[2017.04.07-02.37.42:209][  0]LogTemp:Display:    at System.IO.FileSystemEnumerableIterator`1..ctor(String path, String originalUserPath, String searchPattern, SearchOption searchOption, SearchResultHandler`1 resultHandler, Boolean checkHost)

[2017.04.07-02.37.42:209][  0]LogTemp:Display:    at System.IO.Directory.EnumerateFiles(String path, String searchPattern)

[2017.04.07-02.37.42:209][  0]LogTemp:Display:    at iPhonePackager.CodeSignatureBuilder.FindProvisions(String CFBundleIdentifier)

[2017.04.07-02.37.42:209][  0]LogTemp:Display:    at iPhonePackager.Program.Main(String[] args)

[2017.04.07-02.37.42:257][  0]LogContentBrowser: Native class hierarchy updated for 'HierarchicalLODOutliner' in 0.0005 seconds. Added 1 classes and 2 folders.
[2017.04.07-02.37.42:257][  0]LogLoad: (Engine Initialization) Total time: 13.36 seconds
[2017.04.07-02.37.42:257][  0]LogLoad: (Engine Initialization) Total Blueprint compile time: 0.03 seconds
[2017.04.07-02.37.42:257][  0]LogExternalProfiler: Found external profiler: VSPerf
[2017.04.07-02.37.42:257][  0]LogExternalProfiler: Using external profiler: VSPerf
[2017.04.07-02.37.42:596][  0]LogOcInput: OculusInput pre-init called
[2017.04.07-02.37.42:614][  0]LogContentStreaming: Texture pool size now 600 MB
[2017.04.07-02.37.42:615][  0]LogSlate: Took 0.000174 seconds to synchronously load lazily loaded font '../../../Engine/Content/Slate/Fonts/Roboto-Regular.ttf' (155K)
[2017.04.07-02.37.42:618][  0]LogSlate: Took 0.000150 seconds to synchronously load lazily loaded font '../../../Engine/Content/Slate/Fonts/Roboto-Bold.ttf' (160K)
[2017.04.07-02.37.42:623][  0]LogSlate: Took 0.000122 seconds to synchronously load lazily loaded font '../../../Engine/Content/Editor/Slate/Fonts/FontAwesome.ttf' (139K)
[2017.04.07-02.37.42:745][  0]LogRenderer: Reallocating scene render targets to support 828x532 NumSamples 1 (Frame:2).
[2017.04.07-02.37.42:778][  0]LogSlate: Took 0.000350 seconds to synchronously load lazily loaded font '../../../Engine/Content/Slate/Fonts/Roboto-Light.ttf' (159K)
[2017.04.07-02.37.42:934][  1]LogAssetRegistry: Asset discovery search completed in 8.1534 seconds
[2017.04.07-02.37.42:934][  1]LogCollectionManager: Rebuilt the object cache for 0 collections in 0.000004 seconds (found 0 objects)
[2017.04.07-02.37.42:934][  1]LogCollectionManager: Fixed up redirectors for 0 collections in 0.000025 seconds (updated 0 objects)
[2017.04.07-02.38.33:562][687]LogBlueprint:Warning: [Compiler climbvolume] Warning 'Mecha Character' does not inherit from 'Player Controller' ( Cast To MechaCharacter  would always fail).
[2017.04.07-02.38.33:562][687]LogBlueprint:Warning: [Compiler climbvolume] Warning 'Mecha Character' does not inherit from 'Player Controller' ( Cast To MechaCharacter  would always fail).
[2017.04.07-02.38.33:564][687]LogBlueprint:Warning: [Compiler climbvolume] Warning [0064.66] Compile of climbvolume successful, but with 2 Warning(s) [in 2 ms] (/Game/climbvolume.climbvolume)
[2017.04.07-02.38.33:564][687]LogBlueprint:Warning: [Compiler climbvolume] Warning [0064.66] Compile of climbvolume successful, but with 3 Warning(s) [in 0 ms] (/Game/climbvolume.climbvolume)
[2017.04.07-02.38.33:564][687]LogBlueprint:Warning: [Compiler climbvolume] Warning [0064.67] Compile of climbvolume successful, but with 4 Warning(s) [in 0 ms] (/Game/climbvolume.climbvolume)
[2017.04.07-02.38.33:566][687]LogBlueprint:Warning: [Compiler climbvolume] Warning 'Mecha Character' does not inherit from 'Player Controller' ( Cast To MechaCharacter  would always fail).
[2017.04.07-02.38.33:566][687]LogBlueprint:Warning: [Compiler climbvolume] Warning 'Mecha Character' does not inherit from 'Player Controller' ( Cast To MechaCharacter  would always fail).
[2017.04.07-02.38.33:567][687]LogBlueprint:Warning: [Compiler climbvolume] Warning [0064.67] Compile of climbvolume successful, but with 2 Warning(s) [in 2 ms] (/Game/climbvolume.climbvolume)
[2017.04.07-02.38.33:568][687]LogBlueprint:Warning: [Compiler climbvolume] Warning [0064.67] Compile of climbvolume successful, but with 3 Warning(s) [in 0 ms] (/Game/climbvolume.climbvolume)
[2017.04.07-02.38.33:568][687]LogBlueprint:Warning: [Compiler climbvolume] Warning [0064.67] Compile of climbvolume successful, but with 4 Warning(s) [in 0 ms] (/Game/climbvolume.climbvolume)
[2017.04.07-02.38.35:364][889]LogSlate: Took 0.000115 seconds to synchronously load lazily loaded font '../../../Engine/Content/Slate/Fonts/Roboto-Light.ttf' (159K)
[2017.04.07-02.38.35:400][889]LogMetaData: Removing '/Game/MT_Stuff/Blueprints/climbvolume.climbvolume_C' ref from Metadata '/Game/climbvolume.PackageMetaData'
[2017.04.07-02.38.35:400][889]LogMetaData: Removing '/Game/MT_Stuff/Blueprints/climbvolume.climbvolume:UserConstructionScript.K2Node_FunctionEntry_0' ref from Metadata '/Game/climbvolume.PackageMetaData'
[2017.04.07-02.38.35:400][889]LogMetaData: Removing '/Game/MT_Stuff/Blueprints/climbvolume.climbvolume:EventGraph.K2Node_Event_0' ref from Metadata '/Game/climbvolume.PackageMetaData'
[2017.04.07-02.38.35:400][889]LogMetaData: Removing '/Game/MT_Stuff/Blueprints/climbvolume.climbvolume:EventGraph.K2Node_Event_1' ref from Metadata '/Game/climbvolume.PackageMetaData'
[2017.04.07-02.38.35:400][889]LogMetaData: Removing '/Game/MT_Stuff/Blueprints/climbvolume.climbvolume:EventGraph.K2Node_Event_2' ref from Metadata '/Game/climbvolume.PackageMetaData'
[2017.04.07-02.38.35:400][889]LogMetaData: Removing '/Game/MT_Stuff/Blueprints/climbvolume.climbvolume_C:BndEvt__Box_K2Node_ComponentBoundEvent_2_ComponentBeginOverlapSignature__DelegateSignature' ref from Metadata '/Game/climbvolume.PackageMetaData'
[2017.04.07-02.38.35:400][889]LogMetaData: Removing '/Game/MT_Stuff/Blueprints/climbvolume.climbvolume_C:BndEvt__Box_K2Node_ComponentBoundEvent_3_ComponentEndOverlapSignature__DelegateSignature' ref from Metadata '/Game/climbvolume.PackageMetaData'
[2017.04.07-02.38.35:400][889]LogMetaData: Removing '/Game/MT_Stuff/Blueprints/climbvolume.climbvolume_C:ExecuteUbergraph_climbvolume' ref from Metadata '/Game/climbvolume.PackageMetaData'
[2017.04.07-02.38.35:400][889]LogMetaData: Removing '/Game/MT_Stuff/Blueprints/climbvolume.climbvolume_C:UserConstructionScript' ref from Metadata '/Game/climbvolume.PackageMetaData'
[2017.04.07-02.38.35:400][889]LogMetaData: Removing '/Game/MT_Stuff/Blueprints/climbvolume.climbvolume_C:Box' ref from Metadata '/Game/climbvolume.PackageMetaData'
[2017.04.07-02.38.35:400][889]LogMetaData: Removing '/Game/MT_Stuff/Blueprints/climbvolume.climbvolume_C:DefaultSceneRoot' ref from Metadata '/Game/climbvolume.PackageMetaData'
[2017.04.07-02.38.35:400][889]LogMetaData: Removing '/Game/MT_Stuff/Blueprints/climbvolume.climbvolume_C:whaterver' ref from Metadata '/Game/climbvolume.PackageMetaData'
[2017.04.07-02.38.35:400][889]LogMetaData: Removing '/Game/MT_Stuff/Blueprints/climbvolume.SKEL_climbvolume_C:whaterver' ref from Metadata '/Game/climbvolume.PackageMetaData'
[2017.04.07-02.38.35:400][889]LogMetaData: Removing '/Game/MT_Stuff/Blueprints/climbvolume.SKEL_climbvolume_C:DefaultSceneRoot' ref from Metadata '/Game/climbvolume.PackageMetaData'
[2017.04.07-02.38.35:400][889]LogMetaData: Removing '/Game/MT_Stuff/Blueprints/climbvolume.SKEL_climbvolume_C:Box' ref from Metadata '/Game/climbvolume.PackageMetaData'
[2017.04.07-02.38.35:400][889]LogMetaData: Removing '/Game/MT_Stuff/Blueprints/climbvolume.SKEL_climbvolume_C:UserConstructionScript' ref from Metadata '/Game/climbvolume.PackageMetaData'
[2017.04.07-02.38.35:400][889]LogMetaData: Removing '/Game/MT_Stuff/Blueprints/climbvolume.SKEL_climbvolume_C:ExecuteUbergraph_climbvolume' ref from Metadata '/Game/climbvolume.PackageMetaData'
[2017.04.07-02.38.35:400][889]LogMetaData: Removing '/Game/MT_Stuff/Blueprints/climbvolume.SKEL_climbvolume_C:BndEvt__Box_K2Node_ComponentBoundEvent_3_ComponentEndOverlapSignature__DelegateSignature' ref from Metadata '/Game/climbvolume.PackageMetaData'
[2017.04.07-02.38.35:400][889]LogMetaData: Removing '/Game/MT_Stuff/Blueprints/climbvolume.SKEL_climbvolume_C:BndEvt__Box_K2Node_ComponentBoundEvent_2_ComponentBeginOverlapSignature__DelegateSignature' ref from Metadata '/Game/climbvolume.PackageMetaData'
[2017.04.07-02.38.35:400][889]LogMetaData: Removing '/Game/MT_Stuff/Blueprints/climbvolume.SKEL_climbvolume_C' ref from Metadata '/Game/climbvolume.PackageMetaData'
[2017.04.07-02.38.35:433][889]Cmd: OBJ SAVEPACKAGE PACKAGE="/Game/MT_Stuff/Blueprints/climbvolume" FILE="../../../../Users/Spiffy/Documents/Unreal Projects/mechatantrum 4.15/Content/MT_Stuff/Blueprints/climbvolume.uasset" SILENT=true
[2017.04.07-02.38.35:448][889]LogSavePackage: Save=13.97ms
[2017.04.07-02.38.35:448][889]LogSavePackage: Moving '../../../../Users/Spiffy/Documents/Unreal Projects/mechatantrum 4.15/Saved/climbvolume33A6893D41B07C6B142C76A173681CB5.tmp' to '../../../../Users/Spiffy/Documents/Unreal Projects/mechatantrum 4.15/Content/MT_Stuff/Blueprints/climbvolume.uasset'
[2017.04.07-02.38.35:449][889]LogSavePackage:Display: Finished SavePackage ../../../../Users/Spiffy/Documents/Unreal Projects/mechatantrum 4.15/Content/MT_Stuff/Blueprints/climbvolume.uasset
[2017.04.07-02.38.35:452][889]Cmd: OBJ SAVEPACKAGE PACKAGE="/Game/climbvolume" FILE="../../../../Users/Spiffy/Documents/Unreal Projects/mechatantrum 4.15/Content/climbvolume.uasset" SILENT=true
[2017.04.07-02.38.35:459][889]LogSavePackage: Save=1.86ms
[2017.04.07-02.38.35:459][889]LogSavePackage: Moving '../../../../Users/Spiffy/Documents/Unreal Projects/mechatantrum 4.15/Saved/climbvolume3C85FA184CBEEBF27D454BA83DB92F8E.tmp' to '../../../../Users/Spiffy/Documents/Unreal Projects/mechatantrum 4.15/Content/climbvolume.uasset'
[2017.04.07-02.38.35:460][889]LogSavePackage:Display: Finished SavePackage ../../../../Users/Spiffy/Documents/Unreal Projects/mechatantrum 4.15/Content/climbvolume.uasset
[2017.04.07-02.38.56:355][387]LogSlate: Took 0.000941 seconds to synchronously load lazily loaded font '../../../Engine/Content/Editor/Slate/Fonts/DroidSansMono.ttf' (77K)
[2017.04.07-02.39.09:651][942]LogRenderer: Reallocating scene render targets to support 852x532 NumSamples 1 (Frame:53).
[2017.04.07-02.39.09:729][943]LogRenderer: Reallocating scene render targets to support 880x532 NumSamples 1 (Frame:55).
[2017.04.07-02.39.09:779][944]LogRenderer: Reallocating scene render targets to support 892x532 NumSamples 1 (Frame:57).
[2017.04.07-02.39.09:854][945]LogRenderer: Reallocating scene render targets to support 896x532 NumSamples 1 (Frame:59).
[2017.04.07-02.39.09:902][946]LogRenderer: Reallocating scene render targets to support 900x532 NumSamples 1 (Frame:61).
[2017.04.07-02.40.18:459][759]Cmd: QUIT_EDITOR
[2017.04.07-02.40.18:514][759]LogExit: Preparing to exit.
[2017.04.07-02.40.19:233][759]LogDirectoryWatcher: A directory notification for 'C:/Users/Spiffy/Documents/Unreal Projects/mechatantrum 4.15/Content/' was aborted.
[2017.04.07-02.40.19:242][759]LogExit: Editor shut down
[2017.04.07-02.40.19:243][759]LogExit: Transaction tracking system shut down
[2017.04.07-02.40.19:287][759]LogObj: Freed 0b from 0 cluster array pools.
[2017.04.07-02.40.19:287][759]LogExit: Object subsystem successfully closed.
[2017.04.07-02.40.19:295][759]LogD3D11RHI: Shutdown
[2017.04.07-02.40.19:295][759]LogD3D11RHI: CleanupD3DDevice
[2017.04.07-02.40.19:351][759]LogD3D11RHI: ~FD3D11DynamicRHI
[2017.04.07-02.40.19:360][759]LogModuleManager: Shutting down and abandoning module HierarchicalLODOutliner (498)
[2017.04.07-02.40.19:361][759]LogModuleManager: Shutting down and abandoning module ExternalImagePicker (496)
[2017.04.07-02.40.19:361][759]LogModuleManager: Shutting down and abandoning module CrashTracker (494)
[2017.04.07-02.40.19:361][759]LogModuleManager: Shutting down and abandoning module SceneOutliner (492)
[2017.04.07-02.40.19:361][759]LogModuleManager: Shutting down and abandoning module AddContentDialog (490)
[2017.04.07-02.40.19:361][759]LogDirectoryWatcher: A directory notification for 'C:/UE_4.15/FeaturePacks/' was aborted.
[2017.04.07-02.40.19:362][759]LogModuleManager: Shutting down and abandoning module WidgetCarousel (489)
[2017.04.07-02.40.19:362][759]LogModuleManager: Shutting down and abandoning module EditorWidgets (486)
[2017.04.07-02.40.19:362][759]LogModuleManager: Shutting down and abandoning module CollectionManager (484)
[2017.04.07-02.40.19:362][759]LogDirectoryWatcher: A directory notification for 'C:/Users/Spiffy/Documents/Unreal Projects/mechatantrum 4.15/Content/Collections/' was aborted.
[2017.04.07-02.40.19:362][759]LogDirectoryWatcher: A directory notification for 'C:/Users/Spiffy/Documents/Unreal Projects/mechatantrum 4.15/Content/Developers/Spiffy/Collections/' was aborted.
[2017.04.07-02.40.19:362][759]LogDirectoryWatcher: A directory notification for 'C:/Users/Spiffy/Documents/Unreal Projects/mechatantrum 4.15/Saved/Collections/' was aborted.
[2017.04.07-02.40.19:362][759]LogModuleManager: Shutting down and abandoning module FoliageEdit (482)
[2017.04.07-02.40.19:362][759]LogModuleManager: Shutting down and abandoning module LandscapeEditor (480)
[2017.04.07-02.40.19:362][759]LogModuleManager: Shutting down and abandoning module SceneDepthPickerMode (478)
[2017.04.07-02.40.19:362][759]LogModuleManager: Shutting down and abandoning module ActorPickerMode (476)
[2017.04.07-02.40.19:362][759]LogModuleManager: Shutting down and abandoning module GeometryMode (474)
[2017.04.07-02.40.19:362][759]LogModuleManager: Shutting down and abandoning module TextureAlignMode (472)
[2017.04.07-02.40.19:362][759]LogModuleManager: Shutting down and abandoning module BspMode (470)
[2017.04.07-02.40.19:362][759]LogModuleManager: Shutting down and abandoning module HardwareSurvey (468)
[2017.04.07-02.40.19:362][759]LogModuleManager: Shutting down and abandoning module SequenceRecorderSections (466)
[2017.04.07-02.40.19:362][759]LogModuleManager: Shutting down and abandoning module AutomationWorker (464)
[2017.04.07-02.40.19:362][759]LogModuleManager: Shutting down and abandoning module MatineeToLevelSequence (462)
[2017.04.07-02.40.19:362][759]LogModuleManager: Shutting down and abandoning module LevelSequenceEditor (460)
[2017.04.07-02.40.19:362][759]LogModuleManager: Shutting down and abandoning module PlacementMode (459)
[2017.04.07-02.40.19:362][759]LogModuleManager: Shutting down and abandoning module WmfMediaFactory (456)
[2017.04.07-02.40.19:362][759]LogModuleManager: Shutting down and abandoning module WmfMediaEditor (454)
[2017.04.07-02.40.19:362][759]LogModuleManager: Shutting down and abandoning module MfMediaFactory (452)
[2017.04.07-02.40.19:362][759]LogModuleManager: Shutting down and abandoning module MfMediaEditor (450)
[2017.04.07-02.40.19:362][759]LogModuleManager: Shutting down and abandoning module AvfMediaFactory (448)
[2017.04.07-02.40.19:362][759]LogModuleManager: Shutting down and abandoning module AvfMediaEditor (446)
[2017.04.07-02.40.19:362][759]LogModuleManager: Shutting down and abandoning module AndroidMediaFactory (444)
[2017.04.07-02.40.19:362][759]LogModuleManager: Shutting down and abandoning module Media (443)
[2017.04.07-02.40.19:362][759]LogModuleManager: Shutting down and abandoning module AndroidMediaEditor (440)
[2017.04.07-02.40.19:362][759]LogModuleManager: Shutting down and abandoning module CharacterAI (438)
[2017.04.07-02.40.19:362][759]LogModuleManager: Shutting down and abandoning module AudioCapture (436)
[2017.04.07-02.40.19:362][759]LogModuleManager: Shutting down and abandoning module SequenceRecorder (435)
[2017.04.07-02.40.19:362][759]LogModuleManager: Shutting down and abandoning module SmartSnapping (432)
[2017.04.07-02.40.19:362][759]LogModuleManager: Shutting down and abandoning module SessionServices (430)
[2017.04.07-02.40.19:362][759]LogModuleManager: Shutting down and abandoning module ViewportSnapping (428)
[2017.04.07-02.40.19:362][759]LogModuleManager: Shutting down and abandoning module ViewportInteraction (426)
[2017.04.07-02.40.19:362][759]LogModuleManager: Shutting down and abandoning module LogVisualizer (424)
[2017.04.07-02.40.19:362][759]LogModuleManager: Shutting down and abandoning module IntroTutorials (422)
[2017.04.07-02.40.19:362][759]LogModuleManager: Shutting down and abandoning module GameProjectGeneration (421)
[2017.04.07-02.40.19:362][759]LogModuleManager: Shutting down and abandoning module EditorLiveStreaming (418)
[2017.04.07-02.40.19:362][759]LogModuleManager: Shutting down and abandoning module IOSPlatformEditor (416)
[2017.04.07-02.40.19:362][759]LogModuleManager: Shutting down and abandoning module HTML5PlatformEditor (414)
[2017.04.07-02.40.19:362][759]LogModuleManager: Shutting down and abandoning module AndroidPlatformEditor (412)
[2017.04.07-02.40.19:362][759]LogModuleManager: Shutting down and abandoning module AndroidDeviceDetection (411)
[2017.04.07-02.40.19:408][759]LogModuleManager: Shutting down and abandoning module IOSRuntimeSettings (408)
[2017.04.07-02.40.19:408][759]LogModuleManager: Shutting down and abandoning module AndroidRuntimeSettings (406)
[2017.04.07-02.40.19:408][759]LogModuleManager: Shutting down and abandoning module InputBindingEditor (404)
[2017.04.07-02.40.19:408][759]LogModuleManager: Shutting down and abandoning module NiagaraEditor (402)
[2017.04.07-02.40.19:408][759]LogModuleManager: Shutting down and abandoning module MergeActors (400)
[2017.04.07-02.40.19:408][759]LogModuleManager: Shutting down and abandoning module SizeMap (398)
[2017.04.07-02.40.19:408][759]LogModuleManager: Shutting down and abandoning module TreeMap (396)
[2017.04.07-02.40.19:408][759]LogModuleManager: Shutting down and abandoning module ReferenceViewer (394)
[2017.04.07-02.40.19:408][759]LogModuleManager: Shutting down and abandoning module LocalizationDashboard (392)
[2017.04.07-02.40.19:408][759]LogModuleManager: Shutting down and abandoning module LocalizationService (391)
[2017.04.07-02.40.19:408][759]LogModuleManager: Shutting down and abandoning module HardwareTargeting (388)
[2017.04.07-02.40.19:408][759]LogModuleManager: Shutting down and abandoning module DeviceProfileEditor (386)
[2017.04.07-02.40.19:408][759]LogModuleManager: Shutting down and abandoning module UndoHistory (384)
[2017.04.07-02.40.19:408][759]LogModuleManager: Shutting down and abandoning module UserFeedback (382)
[2017.04.07-02.40.19:408][759]LogModuleManager: Shutting down and abandoning module XmlParser (380)
[2017.04.07-02.40.19:408][759]LogModuleManager: Shutting down and abandoning module Blutility (378)
[2017.04.07-02.40.19:408][759]LogModuleManager: Shutting down and abandoning module ProjectSettingsViewer (376)
[2017.04.07-02.40.19:408][759]LogModuleManager: Shutting down and abandoning module ProjectTargetPlatformEditor (375)
[2017.04.07-02.40.19:408][759]LogModuleManager: Shutting down and abandoning module EditorSettingsViewer (372)
[2017.04.07-02.40.19:408][759]LogModuleManager: Shutting down and abandoning module SettingsEditor (370)
[2017.04.07-02.40.19:408][759]LogModuleManager: Shutting down and abandoning module ProjectLauncher (368)
[2017.04.07-02.40.19:408][759]LogModuleManager: Shutting down and abandoning module SessionFrontend (366)
[2017.04.07-02.40.19:408][759]LogModuleManager: Shutting down and abandoning module ProfilerClient (364)
[2017.04.07-02.40.19:408][759]LogModuleManager: Shutting down and abandoning module DeviceManager (362)
[2017.04.07-02.40.19:408][759]LogModuleManager: Shutting down and abandoning module TargetDeviceServices (361)
[2017.04.07-02.40.19:458][759]LogModuleManager: Shutting down and abandoning module AutomationController (358)
[2017.04.07-02.40.19:458][759]LogModuleManager: Shutting down and abandoning module AutomationWindow (356)
[2017.04.07-02.40.19:458][759]LogModuleManager: Shutting down and abandoning module Layers (354)
[2017.04.07-02.40.19:458][759]LogModuleManager: Shutting down and abandoning module ComponentVisualizers (352)
[2017.04.07-02.40.19:458][759]LogModuleManager: Shutting down and abandoning module DetailCustomizations (350)
[2017.04.07-02.40.19:458][759]LogModuleManager: Shutting down and abandoning module PackagesDialog (348)
[2017.04.07-02.40.19:458][759]LogModuleManager: Shutting down and abandoning module Persona (346)
[2017.04.07-02.40.19:458][759]LogModuleManager: Shutting down and abandoning module AnimGraph (345)
[2017.04.07-02.40.19:458][759]LogModuleManager: Shutting down and abandoning module Kismet (342)
[2017.04.07-02.40.19:458][759]LogModuleManager: Shutting down and abandoning module GraphEditor (340)
[2017.04.07-02.40.19:458][759]LogModuleManager: Shutting down and abandoning module ClassViewer (338)
[2017.04.07-02.40.19:458][759]LogModuleManager: Shutting down and abandoning module Toolbox (336)
[2017.04.07-02.40.19:458][759]LogModuleManager: Shutting down and abandoning module ModuleUI (334)
[2017.04.07-02.40.19:458][759]LogModuleManager: Shutting down and abandoning module MovieSceneTools (332)
[2017.04.07-02.40.19:458][759]LogModuleManager: Shutting down and abandoning module OutputLog (330)
[2017.04.07-02.40.19:458][759]LogModuleManager: Shutting down and abandoning module GammaUI (328)
[2017.04.07-02.40.19:458][759]LogModuleManager: Shutting down and abandoning module Documentation (326)
[2017.04.07-02.40.19:458][759]LogModuleManager: Shutting down and abandoning module Niagara (324)
[2017.04.07-02.40.19:458][759]LogModuleManager: Shutting down and abandoning module StreamingPauseRendering (322)
[2017.04.07-02.40.19:458][759]LogModuleManager: Shutting down and abandoning module AnalyticsET (320)
[2017.04.07-02.40.19:458][759]LogModuleManager: Shutting down and abandoning module PortalServices (318)
[2017.04.07-02.40.19:458][759]LogModuleManager: Shutting down and abandoning module PortalRpc (316)
[2017.04.07-02.40.19:458][759]LogModuleManager: Shutting down and abandoning module MessagingRpc (314)
[2017.04.07-02.40.19:458][759]LogModuleManager: Shutting down and abandoning module AIModule (312)
[2017.04.07-02.40.19:458][759]LogModuleManager: Shutting down and abandoning module GameplayDebugger (311)
[2017.04.07-02.40.19:458][759]LogModuleManager: Shutting down and abandoning module AITestSuite (309)
[2017.04.07-02.40.19:458][759]LogModuleManager: Shutting down and abandoning module ProfilerService (306)
[2017.04.07-02.40.19:484][759]LogModuleManager: Shutting down and abandoning module TaskGraph (304)
[2017.04.07-02.40.19:484][759]LogModuleManager: Shutting down and abandoning module SteamVRController (302)
[2017.04.07-02.40.19:484][759]LogModuleManager: Shutting down and abandoning module SteamVR (300)
[2017.04.07-02.40.19:484][759]LogModuleManager: Shutting down and abandoning module ProceduralMeshComponentEditor (298)
[2017.04.07-02.40.19:484][759]LogModuleManager: Shutting down and abandoning module ProceduralMeshComponent (296)
[2017.04.07-02.40.19:484][759]LogModuleManager: Shutting down and abandoning module OculusLibrary (294)
[2017.04.07-02.40.19:484][759]LogModuleManager: Shutting down and abandoning module OculusInput (292)
[2017.04.07-02.40.19:484][759]LogModuleManager: Shutting down and abandoning module MobilePatchingUtils (290)
[2017.04.07-02.40.19:484][759]LogModuleManager: Shutting down and abandoning module CustomMeshComponent (288)
[2017.04.07-02.40.19:484][759]LogModuleManager: Shutting down and abandoning module CableComponent (286)
[2017.04.07-02.40.19:484][759]LogModuleManager: Shutting down and abandoning module ArchVisCharacter (284)
[2017.04.07-02.40.19:484][759]LogModuleManager: Shutting down and abandoning module MediaPlayerEditor (280)
[2017.04.07-02.40.19:484][759]LogModuleManager: Shutting down and abandoning module HTML5Networking (278)
[2017.04.07-02.40.19:484][759]LogModuleManager: Shutting down and abandoning module AlembicImporter (276)
[2017.04.07-02.40.19:484][759]LogModuleManager: Shutting down and abandoning module AlembicLibrary (275)
[2017.04.07-02.40.19:484][759]LogModuleManager: Shutting down and abandoning module GeometryCache (274)
[2017.04.07-02.40.19:484][759]LogModuleManager: Shutting down and abandoning module GeometryCacheEd (273)
[2017.04.07-02.40.19:484][759]LogModuleManager: Shutting down and abandoning module SuperSearchEditor (268)
[2017.04.07-02.40.19:484][759]LogModuleManager: Shutting down and abandoning module SuperSearch (267)
[2017.04.07-02.40.19:484][759]LogModuleManager: Shutting down and abandoning module SpeedTreeImporter (264)
[2017.04.07-02.40.19:484][759]LogModuleManager: Shutting down and abandoning module PluginBrowser (262)
[2017.04.07-02.40.19:484][759]LogModuleManager: Shutting down and abandoning module MobileLauncherProfileWizard (260)
[2017.04.07-02.40.19:484][759]LogModuleManager: Shutting down and abandoning module EpicSurvey (258)
[2017.04.07-02.40.19:484][759]LogModuleManager: Shutting down and abandoning module VisualStudioSourceCodeAccess (256)
[2017.04.07-02.40.19:484][759]LogModuleManager: Shutting down and abandoning module DesktopPlatform (255)
[2017.04.07-02.40.19:484][759]LogModuleManager: Shutting down and abandoning module UObjectPlugin (252)
[2017.04.07-02.40.19:484][759]LogModuleManager: Shutting down and abandoning module SubversionSourceControl (250)
[2017.04.07-02.40.19:484][759]LogModuleManager: Shutting down and abandoning module PerforceSourceControl (248)
[2017.04.07-02.40.19:484][759]LogModuleManager: Shutting down and abandoning module GitSourceControl (246)
[2017.04.07-02.40.19:484][759]LogModuleManager: Shutting down and abandoning module SourceControl (245)
[2017.04.07-02.40.19:484][759]LogModuleManager: Shutting down and abandoning module LightPropagationVolumeEditor (242)
[2017.04.07-02.40.19:484][759]LogModuleManager: Shutting down and abandoning module PaperTiledImporter (240)
[2017.04.07-02.40.19:484][759]LogModuleManager: Shutting down and abandoning module PaperSpriteSheetImporter (238)
[2017.04.07-02.40.19:484][759]LogModuleManager: Shutting down and abandoning module Paper2DEditor (236)
[2017.04.07-02.40.19:484][759]LogModuleManager: Shutting down and abandoning module MeshPaint (235)
[2017.04.07-02.40.19:484][759]LogModuleManager: Shutting down and abandoning module LevelEditor (233)
[2017.04.07-02.40.19:485][759]LogModuleManager: Shutting down and abandoning module PixelInspectorModule (232)
[2017.04.07-02.40.19:485][759]LogModuleManager: Shutting down and abandoning module MainFrame (230)
[2017.04.07-02.40.19:485][759]LogModuleManager: Shutting down and abandoning module HotReload (229)
[2017.04.07-02.40.19:485][759]LogModuleManager: Shutting down and abandoning module ContentBrowser (225)
[2017.04.07-02.40.19:486][759]LogModuleManager: Shutting down and abandoning module PhysXVehiclesEditor (222)
[2017.04.07-02.40.19:486][759]LogModuleManager: Shutting down and abandoning module PhysXVehicles (220)
[2017.04.07-02.40.19:486][759]LogModuleManager: Shutting down and abandoning module LocationServicesBPLibrary (218)
[2017.04.07-02.40.19:486][759]LogModuleManager: Shutting down and abandoning module UdpMessaging (216)
[2017.04.07-02.40.19:586][759]LogModuleManager: Shutting down and abandoning module TcpMessaging (214)
[2017.04.07-02.40.20:091][759]LogModuleManager: Shutting down and abandoning module GameplayTagsEditor (212)
[2017.04.07-02.40.20:091][759]LogModuleManager: Shutting down and abandoning module FacialAnimationEditor (210)
[2017.04.07-02.40.20:091][759]LogModuleManager: Shutting down and abandoning module FacialAnimation (208)
[2017.04.07-02.40.20:091][759]LogModuleManager: Shutting down and abandoning module LightPropagationVolumeRuntime (206)
[2017.04.07-02.40.20:091][759]LogModuleManager: Shutting down and abandoning module Paper2D (204)
[2017.04.07-02.40.20:091][759]LogModuleManager: Shutting down and abandoning module WindowsMoviePlayer (202)
[2017.04.07-02.40.20:091][759]LogModuleManager: Shutting down and abandoning module WmfMedia (200)
[2017.04.07-02.40.20:091][759]LogModuleManager: Shutting down and abandoning module MfMedia (198)
[2017.04.07-02.40.20:091][759]LogModuleManager: Shutting down and abandoning module MediaAssets (196)
[2017.04.07-02.40.20:091][759]LogModuleManager: Shutting down and abandoning module GameLiveStreaming (194)
[2017.04.07-02.40.20:091][759]LogModuleManager: Shutting down and abandoning module VREditor (192)
[2017.04.07-02.40.20:091][759]LogModuleManager: Shutting down and abandoning module GameplayTasksEditor (190)
[2017.04.07-02.40.20:091][759]LogModuleManager: Shutting down and abandoning module BehaviorTreeEditor (188)
[2017.04.07-02.40.20:091][759]LogModuleManager: Shutting down and abandoning module FunctionalTesting (186)
[2017.04.07-02.40.20:091][759]LogModuleManager: Shutting down and abandoning module CollisionAnalyzer (184)
[2017.04.07-02.40.20:091][759]LogModuleManager: Shutting down and abandoning module UMG (182)
[2017.04.07-02.40.20:092][759]LogModuleManager: Shutting down and abandoning module UMGEditor (181)
[2017.04.07-02.40.20:092][759]LogModuleManager: Shutting down and abandoning module Sequencer (180)
[2017.04.07-02.40.20:092][759]LogModuleManager: Shutting down and abandoning module AssetTools (178)
[2017.04.07-02.40.20:092][759]LogModuleManager: Shutting down and abandoning module MessageLog (177)
[2017.04.07-02.40.20:092][759]LogModuleManager: Shutting down and abandoning module WorkspaceMenuStructure (176)
[2017.04.07-02.40.20:092][759]LogModuleManager: Shutting down and abandoning module SlateReflector (170)
[2017.04.07-02.40.20:092][759]LogModuleManager: Shutting down and abandoning module Slate (168)
[2017.04.07-02.40.20:092][759]LogModuleManager: Shutting down and abandoning module EditorStyle (166)
[2017.04.07-02.40.20:094][759]LogModuleManager: Shutting down and abandoning module SourceCodeAccess (164)
[2017.04.07-02.40.20:094][759]LogModuleManager: Shutting down and abandoning module HeadMountedDisplay (162)
[2017.04.07-02.40.20:094][759]LogModuleManager: Shutting down and abandoning module XAudio2 (160)
[2017.04.07-02.40.20:094][759]LogModuleManager: Shutting down and abandoning module Networking (158)
[2017.04.07-02.40.20:094][759]LogModuleManager: Shutting down and abandoning module Core (154)
[2017.04.07-02.40.20:094][759]LogModuleManager: Shutting down and abandoning module AssetRegistry (152)
[2017.04.07-02.40.20:157][759]LogDirectoryWatcher: A directory notification for '../../../Engine/Content/' was aborted.
[2017.04.07-02.40.20:157][759]LogDirectoryWatcher: A directory notification for '../../../../Users/Spiffy/Documents/Unreal Projects/mechatantrum 4.15/Content/' was aborted.
[2017.04.07-02.40.20:158][759]LogDirectoryWatcher: A directory notification for '../../../Engine/Plugins/2D/Paper2D/Content/' was aborted.
[2017.04.07-02.40.20:158][759]LogModuleManager: Shutting down and abandoning module DirectoryWatcher (151)
[2017.04.07-02.40.20:158][759]LogModuleManager: Shutting down and abandoning module KismetCompiler (148)
[2017.04.07-02.40.20:158][759]LogModuleManager: Shutting down and abandoning module PhysXFormats (146)
[2017.04.07-02.40.20:158][759]LogModuleManager: Shutting down and abandoning module MeshUtilities (144)
[2017.04.07-02.40.20:158][759]LogModuleManager: Shutting down and abandoning module SimplygonSwarm (143)
[2017.04.07-02.40.20:158][759]LogModuleManager: Shutting down and abandoning module SimplygonMeshReduction (141)
[2017.04.07-02.40.20:158][759]LogModuleManager: Shutting down and abandoning module QuadricMeshReduction (139)
[2017.04.07-02.40.20:158][759]LogModuleManager: Shutting down and abandoning module PropertyEditor (137)
[2017.04.07-02.40.20:158][759]LogModuleManager: Shutting down and abandoning module DerivedDataCache (134)
[2017.04.07-02.40.20:201][759]LogDerivedDataCache: Shutdown
[2017.04.07-02.40.20:201][759]LogModuleManager: Shutting down and abandoning module TargetPlatform (132)
[2017.04.07-02.40.20:201][759]LogModuleManager: Shutting down and abandoning module VulkanShaderFormat (131)
[2017.04.07-02.40.20:201][759]LogModuleManager: Shutting down and abandoning module ShaderFormatOpenGL (129)
[2017.04.07-02.40.20:201][759]LogModuleManager: Shutting down and abandoning module ShaderFormatD3D (127)
[2017.04.07-02.40.20:201][759]LogModuleManager: Shutting down and abandoning module MetalShaderFormat (125)
[2017.04.07-02.40.20:201][759]LogModuleManager: Shutting down and abandoning module TextureFormatUncompressed (123)
[2017.04.07-02.40.20:201][759]LogModuleManager: Shutting down and abandoning module TextureFormatPVR (121)
[2017.04.07-02.40.20:201][759]LogModuleManager: Shutting down and abandoning module TextureFormatDXT (119)
[2017.04.07-02.40.20:201][759]LogModuleManager: Shutting down and abandoning module TextureFormatIntelISPCTexComp (117)
[2017.04.07-02.40.20:201][759]LogModuleManager: Shutting down and abandoning module TextureFormatASTC (115)
[2017.04.07-02.40.20:201][759]LogModuleManager: Shutting down and abandoning module ImageWrapper (114)
[2017.04.07-02.40.20:201][759]LogModuleManager: Shutting down and abandoning module TextureFormatAndroid (111)
[2017.04.07-02.40.20:201][759]LogModuleManager: Shutting down and abandoning module AudioFormatOpus (109)
[2017.04.07-02.40.20:201][759]LogModuleManager: Shutting down and abandoning module AudioFormatOgg (107)
[2017.04.07-02.40.20:201][759]LogModuleManager: Shutting down and abandoning module AudioFormatADPCM (105)
[2017.04.07-02.40.20:201][759]LogModuleManager: Shutting down and abandoning module LinuxTargetPlatform (103)
[2017.04.07-02.40.20:201][759]LogModuleManager: Shutting down and abandoning module LinuxServerTargetPlatform (101)
[2017.04.07-02.40.20:201][759]LogModuleManager: Shutting down and abandoning module LinuxNoEditorTargetPlatform (99)
[2017.04.07-02.40.20:201][759]LogModuleManager: Shutting down and abandoning module LinuxClientTargetPlatform (97)
[2017.04.07-02.40.20:201][759]LogModuleManager: Shutting down and abandoning module TVOSTargetPlatform (95)
[2017.04.07-02.40.20:201][759]LogModuleManager: Shutting down and abandoning module Messaging (93)
[2017.04.07-02.40.20:201][759]LogModuleManager: Shutting down and abandoning module IOSTargetPlatform (91)
[2017.04.07-02.40.20:201][759]LogModuleManager: Shutting down and abandoning module HTML5TargetPlatform (89)
[2017.04.07-02.40.20:201][759]LogModuleManager: Shutting down and abandoning module Android_PVRTCTargetPlatform (87)
[2017.04.07-02.40.20:201][759]LogModuleManager: Shutting down and abandoning module Android_MultiTargetPlatform (85)
[2017.04.07-02.40.20:201][759]LogModuleManager: Shutting down and abandoning module Android_ETC2TargetPlatform (83)
[2017.04.07-02.40.20:201][759]LogModuleManager: Shutting down and abandoning module Android_ETC1TargetPlatform (81)
[2017.04.07-02.40.20:201][759]LogModuleManager: Shutting down and abandoning module Android_DXTTargetPlatform (79)
[2017.04.07-02.40.20:201][759]LogModuleManager: Shutting down and abandoning module Android_ATCTargetPlatform (77)
[2017.04.07-02.40.20:201][759]LogModuleManager: Shutting down and abandoning module Android_ASTCTargetPlatform (75)
[2017.04.07-02.40.20:201][759]LogModuleManager: Shutting down and abandoning module AndroidTargetPlatform (73)
[2017.04.07-02.40.20:201][759]LogModuleManager: Shutting down and abandoning module WindowsTargetPlatform (71)
[2017.04.07-02.40.20:201][759]LogModuleManager: Shutting down and abandoning module WindowsServerTargetPlatform (69)
[2017.04.07-02.40.20:201][759]LogModuleManager: Shutting down and abandoning module WindowsNoEditorTargetPlatform (67)
[2017.04.07-02.40.20:201][759]LogModuleManager: Shutting down and abandoning module WindowsClientTargetPlatform (65)
[2017.04.07-02.40.20:201][759]LogModuleManager: Shutting down and abandoning module MacTargetPlatform (63)
[2017.04.07-02.40.20:201][759]LogModuleManager: Shutting down and abandoning module MacServerTargetPlatform (61)
[2017.04.07-02.40.20:201][759]LogModuleManager: Shutting down and abandoning module MacNoEditorTargetPlatform (59)
[2017.04.07-02.40.20:201][759]LogModuleManager: Shutting down and abandoning module MacClientTargetPlatform (57)
[2017.04.07-02.40.20:201][759]LogModuleManager: Shutting down and abandoning module AllDesktopTargetPlatform (55)
[2017.04.07-02.40.20:201][759]LogModuleManager: Shutting down and abandoning module InputCore (52)
[2017.04.07-02.40.20:201][759]LogModuleManager: Shutting down and abandoning module Settings (50)
[2017.04.07-02.40.20:202][759]LogModuleManager: Shutting down and abandoning module OculusRift (48)
[2017.04.07-02.40.20:202][759]LogModuleManager: Shutting down and abandoning module GearVR (46)
[2017.04.07-02.40.20:202][759]LogModuleManager: Shutting down and abandoning module ExampleDeviceProfileSelector (44)
[2017.04.07-02.40.20:202][759]LogModuleManager: Shutting down and abandoning module OnlineBlueprintSupport (42)
[2017.04.07-02.40.20:202][759]LogModuleManager: Shutting down and abandoning module OnlineSubsystem (38)
[2017.04.07-02.40.20:202][759]LogOnline:Display: Unloading online subsystem: NULL
[2017.04.07-02.40.20:202][759]LogModuleManager: Shutting down and abandoning module XMPP (37)
[2017.04.07-02.40.20:202][759]LogModuleManager: Shutting down and abandoning module HTTP (35)
[2017.04.07-02.40.20:202][759]LogHttp:Display: Http module shutting down, but needs to wait on 1 outstanding Http requests:
[2017.04.07-02.40.20:202][759]LogHttp:Display: 	verb=[POST] url=[https://datarouter.ol.epicgames.com/datarouter/api/v1/public/data?SessionID=%7B9F76CB5D-452A-5D60-3C9E-3DAC1F2F8164%7D&AppID=UEEditor.Rocket.Release&AppVersion=4.15.1-3348071%2B%2B%2BUE4%2BRelease-4.15&UserID=73d839b2458990c5dc201da40665695c%7Cf244e915a4b74d6ba53216f36c9c31e0%7Ccc94388d-76cf-4ebc-a030-b1bb4f2223d9&AppEnvironment=datacollector-binary&UploadType=eteventstream] status=Processing
[2017.04.07-02.40.20:223][759]LogModuleManager: Shutting down and abandoning module SSL (34)
[2017.04.07-02.40.20:224][759]LogModuleManager: Shutting down and abandoning module AudioEditor (30)
[2017.04.07-02.40.20:224][759]LogModuleManager: Shutting down and abandoning module TextureCompressor (28)
[2017.04.07-02.40.20:225][759]LogModuleManager: Shutting down and abandoning module ShaderCore (26)
[2017.04.07-02.40.20:225][759]LogModuleManager: Shutting down and abandoning module Landscape (24)
[2017.04.07-02.40.20:225][759]LogModuleManager: Shutting down and abandoning module SlateRHIRenderer (22)
[2017.04.07-02.40.20:225][759]LogModuleManager: Shutting down and abandoning module OpenGLDrv (20)
[2017.04.07-02.40.20:225][759]LogModuleManager: Shutting down and abandoning module D3D11RHI (18)
[2017.04.07-02.40.20:225][759]LogModuleManager: Shutting down and abandoning module AnimGraphRuntime (16)
[2017.04.07-02.40.20:225][759]LogModuleManager: Shutting down and abandoning module Renderer (14)
[2017.04.07-02.40.20:225][759]LogModuleManager: Shutting down and abandoning module Engine (12)
[2017.04.07-02.40.20:225][759]LogModuleManager: Shutting down and abandoning module CoreUObject (10)
[2017.04.07-02.40.20:225][759]LogModuleManager: Shutting down and abandoning module NetworkFile (8)
[2017.04.07-02.40.20:225][759]LogModuleManager: Shutting down and abandoning module StreamingFile (6)
[2017.04.07-02.40.20:225][759]LogModuleManager: Shutting down and abandoning module SandboxFile (4)
[2017.04.07-02.40.20:225][759]LogModuleManager: Shutting down and abandoning module PakFile (2)
[2017.04.07-02.40.20:228][759]LogExit: Exiting.
[2017.04.07-02.40.20:229][759]Log file closed, 04/06/17 22:40:20
