Log file open, 04/12/17 18:43:42
LogInit:Display: Running engine for game: mechatantrum
LogPlatformFile: Not using cached read wrapper
LogInit:Display: RandInit(1844975707) SRandInit(1844975707).
LogTaskGraph: Started task graph with 5 named threads and 8 total threads with 1 sets of task threads.
LogStats: Stats thread started at 0.557327
LogInit: Using libcurl 7.47.1
LogInit:  - built for x86_64-pc-win32
LogInit:  - supports SSL with OpenSSL/1.0.2g
LogInit:  - supports HTTP deflate (compression) using libz 1.2.8
LogInit:  - other features:
LogInit:      CURL_VERSION_SSL
LogInit:      CURL_VERSION_LIBZ
LogInit:      CURL_VERSION_IPV6
LogInit:      CURL_VERSION_ASYNCHDNS
LogInit:      CURL_VERSION_LARGEFILE
LogInit:      CURL_VERSION_IDN
LogInit:  CurlRequestOptions (configurable via config and command line):
LogInit:  - bVerifyPeer = false  - Libcurl will NOT verify peer certificate
LogInit:  - bUseHttpProxy = false  - Libcurl will NOT use HTTP proxy
LogInit:  - bDontReuseConnections = false  - Libcurl will reuse connections
LogInit:  - CertBundlePath = nullptr  - Libcurl will use whatever was configured at build time.
LogInit: Build: ++UE4+Release-4.15-CL-3348071
LogInit: Engine Version: 4.15.1-3348071+++UE4+Release-4.15
LogInit: Compatible Engine Version: 4.15.0-3299760+++UE4+Release-4.15
LogInit: Net CL: 3299760
LogDevObjectVersion: Number of dev versions registered: 14
LogDevObjectVersion:   Dev-Blueprints (B0D832E4-1F89-4F0D-ACCF-7EB736FD4AA2): 8
LogDevObjectVersion:   Dev-Build (E1C64328-A22C-4D53-A36C-8E866417BD8C): 0
LogDevObjectVersion:   Dev-Core (375EC13C-06E4-48FB-B500-84F0262A717E): 2
LogDevObjectVersion:   Dev-Editor (E4B068ED-F494-42E9-A231-DA0B2E46BB41): 14
LogDevObjectVersion:   Dev-Framework (CFFC743F-43B0-4480-9391-14DF171D2073): 22
LogDevObjectVersion:   Dev-Mobile (B02B49B5-BB20-44E9-A304-32B752E40360): 0
LogDevObjectVersion:   Dev-Networking (A4E4105C-59A1-49B5-A7C5-40C4547EDFEE): 0
LogDevObjectVersion:   Dev-Online (39C831C9-5AE6-47DC-9A44-9C173E1C8E7C): 0
LogDevObjectVersion:   Dev-Physics (78F01B33-EBEA-4F98-B9B4-84EACCB95AA2): 0
LogDevObjectVersion:   Dev-Platform (6631380F-2D4D-43E0-8009-CF276956A95A): 0
LogDevObjectVersion:   Dev-Rendering (12F88B9F-8875-4AFC-A67C-D90C383ABD29): 12
LogDevObjectVersion:   Dev-Sequencer (7B5AE74C-D270-4C10-A958-57980B212A5A): 3
LogDevObjectVersion:   Dev-VR (D7296918-1DD6-4BDD-9DE2-64A83CC13884): 0
LogDevObjectVersion:   Dev-LoadTimes (C2A15278-BFE7-4AFE-6C17-90FF531DF755): 1
LogInit: Compiled (64-bit): Mar 15 2017 16:52:47
LogInit: Compiled with Visual C++: 19.00.23026.00
LogInit: Build Configuration: Development
LogInit: Branch Name: ++UE4+Release-4.15
LogInit: Command line:  
LogInit: Base directory: C:/UE_4.15/Engine/Binaries/Win64/
LogInit: Installed Engine Build: 1
LogInit: Presizing for max 8388607 objects, including 0 objects not considered by GC, pre-allocating 0 bytes for permanent pool.
LogInit: Object subsystem initialized
[2017.04.12-22.43.43:592][  0]LogInit: Selected Device Profile: [Windows]
[2017.04.12-22.43.43:592][  0]LogInit: Applying CVar settings loaded from the selected device profile: [Windows]
[2017.04.12-22.43.43:603][  0]LogInit: Computer: SPIFFY-PC
[2017.04.12-22.43.43:603][  0]LogInit: User: Spiffy
[2017.04.12-22.43.43:603][  0]LogInit: CPU Page size=65536, Cores=4
[2017.04.12-22.43.43:603][  0]LogInit: High frequency timer resolution =3.418037 MHz
[2017.04.12-22.43.43:603][  0]LogMemory: Memory total: Physical=16.0GB (16GB approx)
[2017.04.12-22.43.43:603][  0]LogMemory: Platform Memory Stats for Windows
[2017.04.12-22.43.43:603][  0]LogMemory: Process Physical Memory: 265.39 MB used, 265.39 MB peak
[2017.04.12-22.43.43:603][  0]LogMemory: Process Virtual Memory: 265.48 MB used, 265.48 MB peak
[2017.04.12-22.43.43:603][  0]LogMemory: Physical Memory: 5052.99 MB used,  11282.02 MB free, 16335.01 MB total
[2017.04.12-22.43.43:603][  0]LogMemory: Virtual Memory: 631.84 MB used,  11282.02 MB free, 8388608.00 MB total
[2017.04.12-22.43.43:775][  0]LogTextLocalizationManager: No specific translations for ('en-US') exist, so ('en') translations will be used.
[2017.04.12-22.43.44:383][  0]LogD3D11RHI: D3D11 adapters:
[2017.04.12-22.43.44:400][  0]LogD3D11RHI:    0. 'NVIDIA GeForce GTX 460' (Feature Level 11_0)
[2017.04.12-22.43.44:400][  0]LogD3D11RHI:       979/0/3072 MB DedicatedVideo/DedicatedSystem/SharedSystem, Outputs:1, VendorId:0x10de
[2017.04.12-22.43.44:400][  0]LogD3D11RHI: Chosen D3D11 Adapter: 0
[2017.04.12-22.43.44:403][  0]LogD3D11RHI: Creating new Direct3DDevice
[2017.04.12-22.43.44:403][  0]LogD3D11RHI:     GPU DeviceId: 0xe22 (for the marketing name, search the web for "GPU Device Id")
[2017.04.12-22.43.44:403][  0]LogWindows: EnumDisplayDevices:
[2017.04.12-22.43.44:403][  0]LogWindows:    0. 'NVIDIA GeForce GTX 460' (P:1 D:1)
[2017.04.12-22.43.44:403][  0]LogWindows:    1. 'NVIDIA GeForce GTX 460' (P:0 D:0)
[2017.04.12-22.43.44:403][  0]LogWindows:    2. 'RDPDD Chained DD' (P:0 D:0)
[2017.04.12-22.43.44:403][  0]LogWindows:    3. 'RDP Encoder Mirror Driver' (P:0 D:0)
[2017.04.12-22.43.44:404][  0]LogWindows:    4. 'RDP Reflector Display Driver' (P:0 D:0)
[2017.04.12-22.43.44:404][  0]LogWindows: DebugString: GetVideoDriverDetailsInvalid PrimaryIsNotTheChoosenAdapter GetVideoDriverDetailsInvalid PrimaryIsNotTheChoosenAdapter GetVideoDriverDetailsInvalid PrimaryIsNotTheChoosenAdapter FoundDriverCount:2 
[2017.04.12-22.43.44:404][  0]LogD3D11RHI:     Adapter Name: NVIDIA GeForce GTX 460
[2017.04.12-22.43.44:404][  0]LogD3D11RHI:   Driver Version: 353.06 (internal:9.18.13.5306, unified:353.06)
[2017.04.12-22.43.44:404][  0]LogD3D11RHI:      Driver Date: 5-27-2015
[2017.04.12-22.43.44:404][  0]LogRHI: Texture pool is 685 MB (70% of 979 MB)
[2017.04.12-22.43.44:412][  0]LogD3D11RHI:Warning: Timestamp queries are currently disabled on this hardware due to instability. Realtime GPU stats will not be available. You can override this behaviour by setting r.NVIDIATimestampWorkaround to 0
[2017.04.12-22.43.44:412][  0]LogD3D11RHI: NvAPI_D3D_GetCurrentSLIState failed: 0xfffffff7
[2017.04.12-22.43.44:412][  0]LogD3D11RHI: Async texture creation enabled
[2017.04.12-22.43.44:447][  0]LogD3D11RHI: GPU Timing Frequency: 1000.000000 (Debug: 2 2)
[2017.04.12-22.43.44:453][  0]LogShaderCompilers: Guid format shader working directory is -21 characters bigger than the processId version (../../../../Users/Spiffy/Documents/Unreal Projects/mechatantrum 4.15/Intermediate/Shaders/WorkingDirectory/6228/).
[2017.04.12-22.43.44:454][  0]LogShaderCompilers: Cleaned the shader compiler working directory 'C:/Users/Spiffy/AppData/Local/Temp/UnrealShaderWorkingDir/C84C7B164FC594F4300BBF9539B23E3F/'.
[2017.04.12-22.43.44:454][  0]LogShaderCompilers:Display: Using Local Shader Compiler.
[2017.04.12-22.43.46:095][  0]LogTemp:Display: Loaded TP AllDesktopTargetPlatform
[2017.04.12-22.43.46:140][  0]LogTemp:Display: Loaded TP MacClientTargetPlatform
[2017.04.12-22.43.46:185][  0]LogTemp:Display: Loaded TP MacNoEditorTargetPlatform
[2017.04.12-22.43.46:229][  0]LogTemp:Display: Loaded TP MacServerTargetPlatform
[2017.04.12-22.43.46:275][  0]LogTemp:Display: Loaded TP MacTargetPlatform
[2017.04.12-22.43.46:320][  0]LogTemp:Display: Loaded TP WindowsClientTargetPlatform
[2017.04.12-22.43.46:365][  0]LogTemp:Display: Loaded TP WindowsNoEditorTargetPlatform
[2017.04.12-22.43.46:409][  0]LogTemp:Display: Loaded TP WindowsServerTargetPlatform
[2017.04.12-22.43.46:445][  0]LogTemp:Display: Loaded TP WindowsTargetPlatform
[2017.04.12-22.43.46:489][  0]LogTemp:Display: Loaded TP AndroidTargetPlatform
[2017.04.12-22.43.46:534][  0]LogTemp:Display: Loaded TP Android_ASTCTargetPlatform
[2017.04.12-22.43.46:579][  0]LogTemp:Display: Loaded TP Android_ATCTargetPlatform
[2017.04.12-22.43.46:623][  0]LogTemp:Display: Loaded TP Android_DXTTargetPlatform
[2017.04.12-22.43.46:668][  0]LogTemp:Display: Loaded TP Android_ETC1TargetPlatform
[2017.04.12-22.43.46:712][  0]LogTemp:Display: Loaded TP Android_ETC2TargetPlatform
[2017.04.12-22.43.46:801][  0]LogTemp:Display: Loaded TP Android_MultiTargetPlatform
[2017.04.12-22.43.46:801][  0]LogTemp:Display: Loaded TP Android_PVRTCTargetPlatform
[2017.04.12-22.43.46:829][  0]LogTemp:Display: Loaded TP HTML5TargetPlatform
[2017.04.12-22.43.46:915][  0]LogTemp:Display: Loaded TP IOSTargetPlatform
[2017.04.12-22.43.46:945][  0]LogTemp:Display: Loaded TP TVOSTargetPlatform
[2017.04.12-22.43.46:989][  0]LogTemp:Display: Loaded TP LinuxClientTargetPlatform
[2017.04.12-22.43.47:034][  0]LogTemp:Display: Loaded TP LinuxNoEditorTargetPlatform
[2017.04.12-22.43.47:078][  0]LogTemp:Display: Loaded TP LinuxServerTargetPlatform
[2017.04.12-22.43.47:123][  0]LogTemp:Display: Loaded TP LinuxTargetPlatform
[2017.04.12-22.43.47:123][  0]LogTargetPlatformManager:Display: Building Assets For Windows
[2017.04.12-22.43.47:486][  0]LogDerivedDataCache:Display: Max Cache Size: 512 MB
[2017.04.12-22.43.47:663][  0]LogDerivedDataCache: Loaded boot cache 0.18s 50MB C:/Users/Spiffy/AppData/Local/UnrealEngine/4.15/DerivedDataCache/Boot.ddc.
[2017.04.12-22.43.47:663][  0]LogDerivedDataCache:Display: Loaded Boot cache: C:/Users/Spiffy/AppData/Local/UnrealEngine/4.15/DerivedDataCache/Boot.ddc
[2017.04.12-22.43.47:663][  0]LogDerivedDataCache: FDerivedDataBackendGraph:  Pak pak cache file ../../../../Users/Spiffy/Documents/Unreal Projects/mechatantrum 4.15/DerivedDataCache/DDC.ddp not found, will not use a pak cache.
[2017.04.12-22.43.47:663][  0]LogDerivedDataCache: Unable to find inner node Pak for hierarchical cache Hierarchy.
[2017.04.12-22.43.47:663][  0]LogDerivedDataCache: FDerivedDataBackendGraph:  CompressedPak pak cache file ../../../../Users/Spiffy/Documents/Unreal Projects/mechatantrum 4.15/DerivedDataCache/Compressed.ddp not found, will not use a pak cache.
[2017.04.12-22.43.47:663][  0]LogDerivedDataCache: Unable to find inner node CompressedPak for hierarchical cache Hierarchy.
[2017.04.12-22.43.47:685][  0]LogDerivedDataCache:Display: Pak cache opened for reading ../../../Engine/DerivedDataCache/Compressed.ddp.
[2017.04.12-22.43.47:696][  0]LogDerivedDataCache: Using Local data cache path C:/Users/Spiffy/AppData/Local/UnrealEngine/Common/DerivedDataCache: Writable
[2017.04.12-22.43.47:714][  0]LogSlate: Using Freetype 2.6.0
[2017.04.12-22.43.47:718][  0]LogSlate: SlateFontCache - WITH_FREETYPE: 1, WITH_HARFBUZZ: 1
[2017.04.12-22.43.47:718][  0]LogSlate: SlateFontCache - WITH_FREETYPE: 1, WITH_HARFBUZZ: 1
[2017.04.12-22.43.48:610][  0]LogInit: Selected Device Profile: [Windows]
[2017.04.12-22.43.48:615][  0]LogContentStreaming: Texture pool size is 0.00 MB
[2017.04.12-22.43.48:834][  0]LogMeshUtilities: Using QuadricMeshReduction for automatic static mesh reduction
[2017.04.12-22.43.48:867][  0]LogSimplygon: Simplygon DLL not present - disabling.
[2017.04.12-22.43.48:903][  0]LogMeshUtilities: Using SimplygonSwarm for distributed automatic mesh merging
[2017.04.12-22.43.48:903][  0]LogMeshUtilities: No automatic skeletal mesh reduction module available
[2017.04.12-22.43.48:903][  0]LogMeshUtilities: No automatic mesh merging module available
[2017.04.12-22.43.49:546][  0]LogNetVersion: GetLocalNetworkVersion: CL: 3299760, ProjectName: mechatantrum, ProjectVersion: , EngineNetworkVersion: 2, GameNetworkVersion: 0, NetworkChecksum: 194622132
[2017.04.12-22.43.49:594][  0]LogAssetRegistry: FAssetRegistry took 0.0224 seconds to start up
[2017.04.12-22.43.49:625][  0]LogPackageLocalizationCache: Processed 3 localized package path(s) for 2 prioritized culture(s) in 0.015899 seconds
[2017.04.12-22.43.49:631][  0]LogUObjectArray: 32493 objects as part of root set at end of initial load.
[2017.04.12-22.43.49:631][  0]LogUObjectAllocator: 7077024 out of 0 bytes used by permanent object pool.
[2017.04.12-22.43.49:631][  0]LogUObjectArray: CloseDisregardForGC: 0/0 objects in disregard for GC pool
[2017.04.12-22.43.49:676][  0]LogInit: WinSock: version 1.1 (2.2), MaxSocks=32767, MaxUdp=65467
[2017.04.12-22.43.51:514][  0]LogTcpMessaging: Initializing TcpMessaging bridge
[2017.04.12-22.43.51:547][  0]LogUdpMessaging: Initializing bridge on interface 0.0.0.0:0 to multicast group 230.0.0.1:6666.
[2017.04.12-22.43.51:984][  0]LogMaterial: Uniform references updated for custom material expression Custom.
[2017.04.12-22.43.52:308][  0]SourceControl: Info Source control is disabled
[2017.04.12-22.43.52:346][  0]SourceControl: Info Source control is disabled
[2017.04.12-22.43.52:388][  0]SourceControl: Info Source control is disabled
[2017.04.12-22.43.52:424][  0]SourceControl: Info Source control is disabled
[2017.04.12-22.43.52:681][  0]LogLinker:Warning: Can't find file '/Game/MTBlueprints/Blueprints/SideScrollerOverview'
[2017.04.12-22.43.52:681][  0]LogLinker:Warning: Can't find file '/Game/MTBlueprints/Blueprints/SideScrollerOverview'
[2017.04.12-22.43.52:681][  0]LogUObjectGlobals:Warning: Failed to find object 'Class /Game/MTBlueprints/Blueprints/SideScrollerOverview.SideScrollerOverview_C'
[2017.04.12-22.43.53:442][  0]LogEngine: Initializing Engine...
[2017.04.12-22.43.53:443][  0]LogHMD: Failed to initialize OpenVR with code 100
[2017.04.12-22.43.53:673][  0]LogAIModule: Creating AISystem for world Untitled
[2017.04.12-22.43.53:691][  0]LogInit: XAudio2 using 'Realtek Digital Output(Optical) (Realtek High Definition Audio)' : 2 channels at 48 kHz using 16 bits per sample (channel mask 0x3)
[2017.04.12-22.43.53:734][  0]LogInit: FAudioDevice initialized.
[2017.04.12-22.43.53:758][  0]LogDerivedDataCache: Saved boot cache 0.02s 50MB C:/Users/Spiffy/AppData/Local/UnrealEngine/4.15/DerivedDataCache/Boot.ddc.
[2017.04.12-22.43.53:763][  0]LogInit: Texture streaming: Enabled
[2017.04.12-22.43.53:837][  0]LogEngineSessionManager: EngineSessionManager initialized
[2017.04.12-22.43.53:912][  0]LogInit: Transaction tracking system initialized
[2017.04.12-22.43.54:224][  0]BlueprintLog: New page: Editor Load
[2017.04.12-22.43.54:960][  0]LocalizationService: Info Localization service is disabled
[2017.04.12-22.43.55:911][  0]LogConsoleResponse:Display: 
[2017.04.12-22.43.56:094][  0]LogCook:Display: Max memory allowance for cook 16384mb min free memory 0mb
[2017.04.12-22.43.56:094][  0]LogCook:Display: Mobile HDR setting 1
[2017.04.12-22.43.56:113][  0]LogFileCache: Scanning file cache for directory 'C:/Users/Spiffy/Documents/Unreal Projects/mechatantrum 4.15/Content/' took 0.01s
[2017.04.12-22.43.56:910][  0]SourceControl: Info Source control is disabled
[2017.04.12-22.43.56:913][  0]Cmd: MAP LOAD FILE="../../../../Users/Spiffy/Documents/Unreal Projects/mechatantrum 4.15/Content/MTBlueprints/Maps/SideScrollerExampleMap.umap" TEMPLATE=0 SHOWPROGRESS=1 FEATURELEVEL=3
[2017.04.12-22.43.56:913][  0]LogEditorServer:Warning: Can't find file '../../../../Users/Spiffy/Documents/Unreal Projects/mechatantrum 4.15/Content/MTBlueprints/Maps/SideScrollerExampleMap.umap'
[2017.04.12-22.43.56:913][  0]Cmd: MAP CHECKDEP NOCLEARLOG
[2017.04.12-22.43.56:939][  0]MapCheck: Info Map check complete: 0 Error(s), 0 Warning(s), took 26.45ms to complete.
[2017.04.12-22.43.56:939][  0]LogFileHelpers: Loading map 'SideScrollerExampleMap' took 0.028
[2017.04.12-22.43.57:168][  0]LogCollectionManager: Loaded 0 collections in 0.001232 seconds
[2017.04.12-22.43.57:247][  0]LogFileCache: Scanning file cache for directory 'C:/Users/Spiffy/Documents/Unreal Projects/mechatantrum 4.15/Saved/Collections/' took 0.01s
[2017.04.12-22.43.57:247][  0]LogFileCache: Scanning file cache for directory 'C:/Users/Spiffy/Documents/Unreal Projects/mechatantrum 4.15/Content/Developers/Spiffy/Collections/' took 0.01s
[2017.04.12-22.43.57:247][  0]LogFileCache: Scanning file cache for directory 'C:/Users/Spiffy/Documents/Unreal Projects/mechatantrum 4.15/Content/Collections/' took 0.01s
[2017.04.12-22.43.57:247][  0]LogCollectionManager: Rebuilt the GUID cache for 0 collections in 0.000001 seconds
[2017.04.12-22.43.57:258][  0]LogContentBrowser: Native class hierarchy populated in 0.0093 seconds. Added 2245 classes and 453 folders.
[2017.04.12-22.43.57:264][  0]LogStats: UGameplayTagsManager::ConstructGameplayTagTree: Construct from data asset -  0.000 s
[2017.04.12-22.43.57:265][  0]LogStats: UGameplayTagsManager::ConstructGameplayTagTree: GameplayTagTreeChangedEvent.Broadcast -  0.000 s
[2017.04.12-22.43.57:311][  0]LogContentBrowser: Native class hierarchy updated for 'WidgetCarousel' in 0.0004 seconds. Added 0 classes and 0 folders.
[2017.04.12-22.43.57:405][  0]LogContentBrowser: Native class hierarchy updated for 'AddContentDialog' in 0.0004 seconds. Added 0 classes and 0 folders.
[2017.04.12-22.43.57:449][  0]LogContentBrowser: Native class hierarchy updated for 'SceneOutliner' in 0.0005 seconds. Added 1 classes and 2 folders.
[2017.04.12-22.43.57:612][  0]LogCrashTracker: Crashtracker disabled due to settings.
[2017.04.12-22.43.58:597][  0]LogSlate: Only BGRA pngs, bmps or icos are supported in by External Image Picker
[2017.04.12-22.43.58:622][  0]LogUObjectGlobals:Warning: Failed to find object 'Class None.'
[2017.04.12-22.43.58:635][  0]LogTemp:Display: Executing iPhonePackager certificates Engine -bundlename com.YourCompany.mechatantrum

[2017.04.12-22.43.58:635][  0]LogTemp:Display: CWD: C:\UE_4.15\Engine\Binaries\DotNET\IOS

[2017.04.12-22.43.58:685][  0]LogTemp:Display: Initial Dir: C:\UE_4.15

[2017.04.12-22.43.58:685][  0]LogTemp:Display: Env CWD: C:\UE_4.15\Engine\Binaries\DotNET\IOS

[2017.04.12-22.43.58:685][  0]LogTemp:Display: BranchPath = SPIFFY-PC/C/UE_4.15/Engine/Binaries --- GameBranchPath = SPIFFY-PC/C/UE_4.15/Engine/Binaries

[2017.04.12-22.43.58:685][  0]LogContentBrowser: Native class hierarchy updated for 'HierarchicalLODOutliner' in 0.0005 seconds. Added 1 classes and 2 folders.
[2017.04.12-22.43.58:686][  0]LogTemp:Display: IPP ERROR: Application exception: System.IO.DirectoryNotFoundException: Could not find a part of the path 'C:\Users\Spiffy\AppData\Local\Apple Computer\MobileDevice\Provisioning Profiles'.

[2017.04.12-22.43.58:686][  0]LogTemp:Display:    at System.IO.__Error.WinIOError(Int32 errorCode, String maybeFullPath)

[2017.04.12-22.43.58:686][  0]LogTemp:Display:    at System.IO.FileSystemEnumerableIterator`1.CommonInit()

[2017.04.12-22.43.58:686][  0]LogTemp:Display:    at System.IO.FileSystemEnumerableIterator`1..ctor(String path, String originalUserPath, String searchPattern, SearchOption searchOption, SearchResultHandler`1 resultHandler, Boolean checkHost)

[2017.04.12-22.43.58:686][  0]LogTemp:Display:    at System.IO.Directory.EnumerateFiles(String path, String searchPattern)

[2017.04.12-22.43.58:686][  0]LogTemp:Display:    at iPhonePackager.CodeSignatureBuilder.FindProvisions(String CFBundleIdentifier)

[2017.04.12-22.43.58:686][  0]LogTemp:Display:    at iPhonePackager.Program.Main(String[] args)

[2017.04.12-22.43.58:686][  0]LogLoad: (Engine Initialization) Total time: 17.86 seconds
[2017.04.12-22.43.58:686][  0]LogLoad: (Engine Initialization) Total Blueprint compile time: 0.05 seconds
[2017.04.12-22.43.58:686][  0]LogExternalProfiler: Found external profiler: VSPerf
[2017.04.12-22.43.58:686][  0]LogExternalProfiler: Using external profiler: VSPerf
[2017.04.12-22.43.58:695][  0]LogOcInput: OculusInput pre-init called
[2017.04.12-22.43.58:716][  0]LogContentStreaming: Texture pool size now 600 MB
[2017.04.12-22.43.58:720][  0]LogSlate: Took 0.001262 seconds to synchronously load lazily loaded font '../../../Engine/Content/Slate/Fonts/Roboto-Regular.ttf' (155K)
[2017.04.12-22.43.58:725][  0]LogSlate: Took 0.001321 seconds to synchronously load lazily loaded font '../../../Engine/Content/Slate/Fonts/Roboto-Bold.ttf' (160K)
[2017.04.12-22.43.58:733][  0]LogSlate: Took 0.001048 seconds to synchronously load lazily loaded font '../../../Engine/Content/Editor/Slate/Fonts/FontAwesome.ttf' (139K)
[2017.04.12-22.43.58:871][  0]LogRenderer: Reallocating scene render targets to support 900x532 NumSamples 1 (Frame:2).
[2017.04.12-22.43.58:924][  0]LogSlate: Took 0.001125 seconds to synchronously load lazily loaded font '../../../Engine/Content/Slate/Fonts/Roboto-Light.ttf' (159K)
[2017.04.12-22.43.58:964][  1]LogAssetRegistry: Asset discovery search completed in 9.3918 seconds
[2017.04.12-22.43.58:964][  1]LogCollectionManager: Rebuilt the object cache for 0 collections in 0.000004 seconds (found 0 objects)
[2017.04.12-22.43.58:964][  1]LogCollectionManager: Fixed up redirectors for 0 collections in 0.000023 seconds (updated 0 objects)
[2017.04.12-22.44.15:345][942]LogSlate: Took 0.000104 seconds to synchronously load lazily loaded font '../../../Engine/Content/Slate/Fonts/Roboto-Light.ttf' (159K)
[2017.04.12-22.44.15:928][942]LogBlueprint:Warning: [Compiler climbvolume] Warning 'Mecha Character' does not inherit from 'Player Controller' ( Cast To MechaCharacter  would always fail).
[2017.04.12-22.44.15:928][942]LogBlueprint:Warning: [Compiler climbvolume] Warning 'Mecha Character' does not inherit from 'Player Controller' ( Cast To MechaCharacter  would always fail).
[2017.04.12-22.44.15:930][942]LogBlueprint:Warning: [Compiler climbvolume] Warning [0035.10] Compile of climbvolume successful, but with 2 Warning(s) [in 2 ms] (/Game/MT_Stuff/Blueprints/climbvolume.climbvolume)
[2017.04.12-22.44.15:930][942]LogBlueprint:Warning: [Compiler climbvolume] Warning [0035.10] Compile of climbvolume successful, but with 3 Warning(s) [in 0 ms] (/Game/MT_Stuff/Blueprints/climbvolume.climbvolume)
[2017.04.12-22.44.15:930][942]LogBlueprint:Warning: [Compiler climbvolume] Warning [0035.10] Compile of climbvolume successful, but with 4 Warning(s) [in 0 ms] (/Game/MT_Stuff/Blueprints/climbvolume.climbvolume)
[2017.04.12-22.44.15:933][942]LogBlueprint:Warning: [Compiler climbvolume] Warning 'Mecha Character' does not inherit from 'Player Controller' ( Cast To MechaCharacter  would always fail).
[2017.04.12-22.44.15:933][942]LogBlueprint:Warning: [Compiler climbvolume] Warning 'Mecha Character' does not inherit from 'Player Controller' ( Cast To MechaCharacter  would always fail).
[2017.04.12-22.44.15:935][942]LogBlueprint:Warning: [Compiler climbvolume] Warning [0035.11] Compile of climbvolume successful, but with 2 Warning(s) [in 2 ms] (/Game/MT_Stuff/Blueprints/climbvolume.climbvolume)
[2017.04.12-22.44.15:935][942]LogBlueprint:Warning: [Compiler climbvolume] Warning [0035.11] Compile of climbvolume successful, but with 3 Warning(s) [in 0 ms] (/Game/MT_Stuff/Blueprints/climbvolume.climbvolume)
[2017.04.12-22.44.15:935][942]LogBlueprint:Warning: [Compiler climbvolume] Warning [0035.11] Compile of climbvolume successful, but with 4 Warning(s) [in 0 ms] (/Game/MT_Stuff/Blueprints/climbvolume.climbvolume)
[2017.04.12-22.44.16:158][942]LogSlate: Took 0.000089 seconds to synchronously load lazily loaded font '../../../Engine/Content/Slate/Fonts/Roboto-Regular.ttf' (155K)
[2017.04.12-22.44.16:348][942]LogAIModule: Creating AISystem for world MT_mainlevel
[2017.04.12-22.44.16:397][942]Cmd: MAP LOAD FILE="../../../../Users/Spiffy/Documents/Unreal Projects/mechatantrum 4.15/Content/MT_Stuff/Maps/MT_mainlevel.umap" TEMPLATE=0 SHOWPROGRESS=1 FEATURELEVEL=3
[2017.04.12-22.44.16:397][942]LightingResults: New page: Lighting Build
[2017.04.12-22.44.16:428][942]LogContentBrowser: Native class hierarchy updated for 'StatsViewer' in 0.0004 seconds. Added 5 classes and 0 folders.
[2017.04.12-22.44.16:430][942]LoadErrors: New page: Loading map: MT_mainlevel.umap
[2017.04.12-22.44.16:431][942]MapCheck: New page: Map Check
[2017.04.12-22.44.16:431][942]LightingResults: New page: Lighting Build
[2017.04.12-22.44.16:513][942]LogEditorServer: Finished looking for orphan Actors (0.000 secs)
[2017.04.12-22.44.16:530][942]Cmd: MAP CHECKDEP NOCLEARLOG
[2017.04.12-22.44.16:564][942]MapCheck: Info Map check complete: 0 Error(s), 0 Warning(s), took 33.432ms to complete.
[2017.04.12-22.44.16:564][942]LogFileHelpers: Loading map 'MT_mainlevel' took 0.167
[2017.04.12-23.08.51:807][412]LogEditorViewport: Clicking on Actor (LMB): Ultra_Dynamic_Sky_BP_C (Ultra_Dynamic_Sky_BP)
[2017.04.12-23.08.57:011][990]LogEditorViewport: Clicking on Actor (LMB): StaticMeshActor (apartment_test)
[2017.04.12-23.08.58:121][117]LogEditorViewport: Clicking on Actor (context menu): StaticMeshActor (apartment_test)
[2017.04.12-23.08.59:037][223]LogEditorViewport: Clicking on Actor (LMB): StaticMeshActor (apartment_test)
[2017.04.12-23.09.01:668][536]LogEditorViewport: Clicking on Actor (LMB): StaticMeshActor (apartment_test2)
[2017.04.12-23.09.03:027][692]LogEditorViewport: Clicking on Actor (LMB): StaticMeshActor (Floor2)
[2017.04.12-23.09.03:519][745]LogEditorViewport: Clicking on Actor (context menu): StaticMeshActor (Floor2)
[2017.04.12-23.09.04:630][873]LogEditorViewport: Clicking on Actor (LMB): Ultra_Dynamic_Sky_BP_C (Ultra_Dynamic_Sky_BP)
[2017.04.12-23.10.12:460][ 12]LogEditorViewport: Clicking on Actor (LMB): Ultra_Dynamic_Sky_BP_C (Ultra_Dynamic_Sky_BP)
[2017.04.13-02.21.01:116][743]LogEditorViewport: Clicking on Actor (LMB): NavMeshBoundsVolume (NavMeshBoundsVolume)
[2017.04.13-02.22.53:189][ 93]LogTemp: Repeting last play command: Selected Viewport
[2017.04.13-02.22.53:203][ 93]LogBlueprintUserMessages: Early PlayInEditor Detection: Level '/Game/MT_Stuff/Maps/MT_mainlevel.MT_mainlevel:PersistentLevel' has LevelScriptBlueprint '/Game/MT_Stuff/Maps/MT_mainlevel.MT_mainlevel:PersistentLevel.MT_mainlevel' with GeneratedClass '/Game/MT_Stuff/Maps/MT_mainlevel.MT_mainlevel_C' with ClassGeneratedBy '/Game/MT_Stuff/Maps/MT_mainlevel.MT_mainlevel:PersistentLevel.MT_mainlevel'
[2017.04.13-02.22.53:203][ 93]LogPlayLevel: PlayLevel: No blueprints needed recompiling
[2017.04.13-02.22.53:203][ 93]PIE: New page: PIE session: MT_mainlevel (Apr 12, 2017, 6:22:53 PM)
[2017.04.13-02.22.53:204][ 93]LogPlayLevel: Creating play world package: /Game/MT_Stuff/Maps/UEDPIE_0_MT_mainlevel
[2017.04.13-02.22.53:226][ 93]LogPlayLevel: PIE: StaticDuplicateObject took: (0.021690s)
[2017.04.13-02.22.53:226][ 93]LogAIModule: Creating AISystem for world MT_mainlevel
[2017.04.13-02.22.53:227][ 93]LogPlayLevel: PIE: World Init took: (0.000929s)
[2017.04.13-02.22.53:227][ 93]LogPlayLevel: PIE: Created PIE world by copying editor world from /Game/MT_Stuff/Maps/MT_mainlevel.MT_mainlevel to /Game/MT_Stuff/Maps/UEDPIE_0_MT_mainlevel.MT_mainlevel (0.023198s)
[2017.04.13-02.22.53:243][ 93]LogInit: XAudio2 using 'Realtek Digital Output(Optical) (Realtek High Definition Audio)' : 2 channels at 48 kHz using 16 bits per sample (channel mask 0x3)
[2017.04.13-02.22.53:247][ 93]LogInit: FAudioDevice initialized.
[2017.04.13-02.22.53:291][ 93]LogLinker:Warning: Can't find file '/Game/MTBlueprints/Blueprints/SideScrollerGameMode'
[2017.04.13-02.22.53:291][ 93]LogLinker:Warning: Can't find file '/Game/MTBlueprints/Blueprints/SideScrollerGameMode'
[2017.04.13-02.22.53:291][ 93]LogUObjectGlobals:Warning: Failed to find object 'Class /Game/MTBlueprints/Blueprints/SideScrollerGameMode.SideScrollerGameMode_C'
[2017.04.13-02.22.53:291][ 93]LogLoad: Game class is 'GameModeBase'
[2017.04.13-02.22.53:295][ 93]LogWorld: Bringing World /Game/MT_Stuff/Maps/UEDPIE_0_MT_mainlevel.MT_mainlevel up for play (max tick rate 0) at 2017.04.12-22.22.53
[2017.04.13-02.22.53:298][ 93]LogWorld: Bringing up level for play took: 0.004317
[2017.04.13-02.22.53:329][ 93]LogContentBrowser: Native class hierarchy updated for 'MovieSceneCapture' in 0.0005 seconds. Added 11 classes and 0 folders.
[2017.04.13-02.22.53:332][ 93]PIE: Info Play in editor start time for /Game/MT_Stuff/Maps/UEDPIE_0_MT_mainlevel 0.658
[2017.04.13-02.22.53:332][ 93]LogBlueprintUserMessages: Late PlayInEditor Detection: Level '/Game/MT_Stuff/Maps/MT_mainlevel.MT_mainlevel:PersistentLevel' has LevelScriptBlueprint '/Game/MT_Stuff/Maps/MT_mainlevel.MT_mainlevel:PersistentLevel.MT_mainlevel' with GeneratedClass '/Game/MT_Stuff/Maps/MT_mainlevel.MT_mainlevel_C' with ClassGeneratedBy '/Game/MT_Stuff/Maps/MT_mainlevel.MT_mainlevel:PersistentLevel.MT_mainlevel'
[2017.04.13-02.22.54:927][269]LogBlueprintUserMessages: Early EndPlayMap Detection: Level '/Game/MT_Stuff/Maps/MT_mainlevel.MT_mainlevel:PersistentLevel' has LevelScriptBlueprint '/Game/MT_Stuff/Maps/MT_mainlevel.MT_mainlevel:PersistentLevel.MT_mainlevel' with GeneratedClass '/Game/MT_Stuff/Maps/MT_mainlevel.MT_mainlevel_C' with ClassGeneratedBy '/Game/MT_Stuff/Maps/MT_mainlevel.MT_mainlevel:PersistentLevel.MT_mainlevel'
[2017.04.13-02.22.54:992][269]LogBlueprintUserMessages: Late EndPlayMap Detection: Level '/Game/MT_Stuff/Maps/MT_mainlevel.MT_mainlevel:PersistentLevel' has LevelScriptBlueprint '/Game/MT_Stuff/Maps/MT_mainlevel.MT_mainlevel:PersistentLevel.MT_mainlevel' with GeneratedClass '/Game/MT_Stuff/Maps/MT_mainlevel.MT_mainlevel_C' with ClassGeneratedBy '/Game/MT_Stuff/Maps/MT_mainlevel.MT_mainlevel:PersistentLevel.MT_mainlevel'
[2017.04.13-02.23.12:566][230]LogContentBrowser: Native class hierarchy updated for 'BlueprintGraph' in 0.0008 seconds. Added 112 classes and 0 folders.
[2017.04.13-02.23.13:358][230]LogSlate: Took 0.001384 seconds to synchronously load lazily loaded font '../../../Engine/Content/Editor/Slate/Fonts/Roboto-BoldCondensed.ttf' (158K)
[2017.04.13-02.23.13:461][231]LogSlate: Took 0.001462 seconds to synchronously load lazily loaded font '../../../Engine/Content/Editor/Slate/Fonts/Roboto-Italic.ttf' (157K)
[2017.04.13-02.23.31:466][990]BlueprintLog: New page: Compile MechaCharacter
[2017.04.13-02.23.31:538][990]LogBlueprint:Warning: [Compiler climbvolume] Warning 'Mecha Character' does not inherit from 'Player Controller' ( Cast To MechaCharacter  would always fail).
[2017.04.13-02.23.31:538][990]LogBlueprint:Warning: [Compiler climbvolume] Warning 'Mecha Character' does not inherit from 'Player Controller' ( Cast To MechaCharacter  would always fail).
[2017.04.13-02.24.04:791][328]BlueprintLog: New page: Compile MechaCharacter
[2017.04.13-02.24.04:805][328]LogBlueprint:Warning: [Compiler climbvolume] Warning 'Mecha Character' does not inherit from 'Player Controller' ( Cast To MechaCharacter  would always fail).
[2017.04.13-02.24.04:805][328]LogBlueprint:Warning: [Compiler climbvolume] Warning 'Mecha Character' does not inherit from 'Player Controller' ( Cast To MechaCharacter  would always fail).
[2017.04.13-02.24.06:238][454]BlueprintLog: New page: Compile MechaCharacter
[2017.04.13-02.24.06:252][454]LogBlueprint:Warning: [Compiler climbvolume] Warning 'Mecha Character' does not inherit from 'Player Controller' ( Cast To MechaCharacter  would always fail).
[2017.04.13-02.24.06:252][454]LogBlueprint:Warning: [Compiler climbvolume] Warning 'Mecha Character' does not inherit from 'Player Controller' ( Cast To MechaCharacter  would always fail).
[2017.04.13-02.24.28:237][667]LogRenderer: Reallocating scene render targets to support 1144x900 NumSamples 1 (Frame:2348).
[2017.04.13-02.24.39:351][887]BlueprintLog: New page: Compile MechaCharacter
[2017.04.13-02.24.39:366][887]LogBlueprint:Warning: [Compiler climbvolume] Warning 'Mecha Character' does not inherit from 'Player Controller' ( Cast To MechaCharacter  would always fail).
[2017.04.13-02.24.39:366][887]LogBlueprint:Warning: [Compiler climbvolume] Warning 'Mecha Character' does not inherit from 'Player Controller' ( Cast To MechaCharacter  would always fail).
[2017.04.13-02.26.18:975][182]LogSlate: Took 0.000138 seconds to synchronously load lazily loaded font '../../../Engine/Content/Slate/Fonts/Roboto-Light.ttf' (159K)
[2017.04.13-02.26.27:991][239]LogFileHelpers: Editor autosave (incl. sublevels) for '/Game/MT_Stuff/Maps/MT_mainlevel' took 0.014
[2017.04.13-02.26.27:993][239]OBJ SavePackage: Generating thumbnails for [1] asset(s) in package [/Game/MT_Stuff/Blueprints/MechaCharacter] ([1] browsable assets)...
[2017.04.13-02.26.28:009][239]OBJ SavePackage:     Rendered thumbnail for [Blueprint /Game/MT_Stuff/Blueprints/MechaCharacter.MechaCharacter]
[2017.04.13-02.26.28:009][239]OBJ SavePackage: Finished generating thumbnails for package [/Game/MT_Stuff/Blueprints/MechaCharacter]
[2017.04.13-02.26.28:049][239]LogSavePackage: Save=32.05ms
[2017.04.13-02.26.28:049][239]LogSavePackage: Moving '../../../../Users/Spiffy/Documents/Unreal Projects/mechatantrum 4.15/Saved/MechaCharacter_Auto1A79D336645D48B6163B9A7AC21659FC1.tmp' to '../../../../Users/Spiffy/Documents/Unreal Projects/mechatantrum 4.15/Saved/Autosaves/Game/MT_Stuff/Blueprints/MechaCharacter_Auto1.uasset'
[2017.04.13-02.26.28:049][239]LogSavePackage:Display: Finished SavePackage ../../../../Users/Spiffy/Documents/Unreal Projects/mechatantrum 4.15/Saved/Autosaves/Game/MT_Stuff/Blueprints/MechaCharacter_Auto1.uasset
[2017.04.13-02.26.28:049][239]LogFileHelpers: Auto-saving content packages took 0.057
[2017.04.13-02.29.48:745][306]LogEditorViewport: Clicking on Actor (LMB): StaticMeshActor (apartment_test)
[2017.04.13-02.30.14:080][238]LogD3D11RHI: Timed out while waiting for GPU to catch up. (500 ms)
[2017.04.13-02.30.14:583][239]LogD3D11RHI: Timed out while waiting for GPU to catch up. (500 ms)
[2017.04.13-02.30.15:084][240]LogD3D11RHI: Timed out while waiting for GPU to catch up. (500 ms)
[2017.04.13-02.30.15:584][241]LogD3D11RHI: Timed out while waiting for GPU to catch up. (500 ms)
[2017.04.13-02.30.16:085][242]LogD3D11RHI: Timed out while waiting for GPU to catch up. (500 ms)
[2017.04.13-02.30.16:587][243]LogD3D11RHI: Timed out while waiting for GPU to catch up. (500 ms)
[2017.04.13-02.30.17:090][243]LogD3D11RHI: Timed out while waiting for GPU to catch up. (0.5 s)
[2017.04.13-02.30.17:590][244]LogD3D11RHI: Timed out while waiting for GPU to catch up. (500 ms)
[2017.04.13-02.30.18:091][244]LogD3D11RHI: Timed out while waiting for GPU to catch up. (0.5 s)
[2017.04.13-02.30.18:592][245]LogD3D11RHI: Timed out while waiting for GPU to catch up. (500 ms)
